<?xml version="1.0" encoding="UTF-8"?>
<!-- Generated by org.testng.reporters.JUnitXMLReporter -->
<testsuite ignored="4" hostname="B2ML30358" failures="1" tests="17" name="AuthenticationTest" time="238.352" errors="0" timestamp="27 May 2019 07:38:21 GMT">
  <testcase classname="io.mosip.authentication.tests.DemographicAuthentication" name="Authentication_Demographic_Name_Male_Tittle_Normalisation_Smoke_For IntegrationTest_UIN_Pos_01" time="27.376"/>
  <testcase classname="io.mosip.authentication.tests.DemographicAuthentication" name="Authentication_Demographic_Name_mistmatch_Neg" time="15.114"/>
  <testcase classname="io.mosip.authentication.tests.DemographicAuthentication" name="Authentication_Demographic_Gender_With arabic language_smoke_For IntegrationTest_UIN_Pos_02" time="20.233"/>
  <testcase classname="io.mosip.authentication.tests.DemographicAuthentication" name="Authentication_Demographic_Gender_With both language_smoke_For IntegrationTest_UIN_Pos_01" time="21.542"/>
  <testcase classname="io.mosip.authentication.tests.DemographicAuthentication" name="Authentication_Demographic_DateOfBirth_Invalid UIN_Neg_02" time="2.821"/>
  <testcase classname="io.mosip.authentication.tests.DemographicAuthentication" name="Authentication_Demographic_DateOfBirth_smoke_For IntegrationTest_UIN_Pos_01" time="19.554"/>
  <testcase classname="io.mosip.authentication.tests.DemographicAuthentication" name="Authentication_Demographic_EmailId_Invalid UIN_Neg_02" time="2.1"/>
  <testcase classname="io.mosip.authentication.tests.DemographicAuthentication" name="Authentication_Demographic_EmailId_smoke_For IntegrationTest_UIN_Pos_01" time="3.435">
    <failure type="java.lang.AssertionError" message="expected [true] but found [false]">
      <![CDATA[java.lang.AssertionError: expected [true] but found [false]
at io.mosip.authentication.tests.DemographicAuthentication.demographicAuthenticationTest(DemographicAuthentication.java:183)
at io.mosip.service.AuthenticationTestRunner.main(AuthenticationTestRunner.java:25)
... Removed 28 stack frames]]>
    </failure>
  </testcase> <!-- Authentication_Demographic_EmailId_smoke_For IntegrationTest_UIN_Pos_01 -->
  <testcase classname="io.mosip.authentication.tests.DemographicAuthentication" name="Authentication_Demographic_PhoneNumber_Invalid UIN_Neg_02" time="3.417"/>
  <testcase classname="io.mosip.authentication.tests.DemographicAuthentication" name="Authentication_Demographic_PhoneNumber_smoke_For IntegrationTest_UIN_Pos_01" time="13.253"/>
  <testcase classname="io.mosip.authentication.tests.DemographicAuthentication" name="Authentication_Demographic_Address_With_fra and ara_IntegrationTest_smoke_pos_01" time="20.801"/>
  <testcase classname="io.mosip.authentication.tests.DemographicAuthentication" name="Authentication_Demographic_Address_With_fra_IntegrationTest_smoke_pos_02" time="12.92"/>
  <testcase classname="io.mosip.authentication.tests.DemographicAuthentication" name="Authentication_Demographic_Age_smoke_For IntegrationTest_UIN_Pos" time="13.185"/>
  <testcase classname="io.mosip.authentication.tests.OtpGeneration" name="Authentication_OTPGenerate_With_Valid_Request_EMAIL_alone_IntegrationTest_Smoke_Pos" time="6.53"/>
  <testcase classname="io.mosip.authentication.tests.OtpGeneration" name="Authentication_OTPGenerate_With_Valid_Request_IntegrationTest_Smoke_Pos" time="4.594"/>
  <testcase classname="io.mosip.authentication.tests.OtpAuthentication" name="Authentication_OTP_IntegrationTest_UIN_1_smoke_Pos" time="14.083"/>
  <testcase classname="io.mosip.authentication.tests.OtpAuthentication" name="Authentication_OTP_Invalid UIN_Neg_02" time="12.323"/>
  <testcase classname="io.mosip.service.BaseTestCase" name="@BeforeSuite suiteSetup" time="0.0">
    <ignored/>
  </testcase> <!-- @BeforeSuite suiteSetup -->
  <testcase classname="io.mosip.service.BaseTestCase" name="@BeforeSuite suiteSetup" time="0.0">
    <ignored/>
  </testcase> <!-- @BeforeSuite suiteSetup -->
  <testcase classname="io.mosip.service.BaseTestCase" name="@AfterSuite testTearDown" time="0.0">
    <ignored/>
  </testcase> <!-- @AfterSuite testTearDown -->
  <testcase classname="io.mosip.service.BaseTestCase" name="@AfterSuite testTearDown" time="0.0">
    <ignored/>
  </testcase> <!-- @AfterSuite testTearDown -->
</testsuite> <!-- AuthenticationTest -->
