<?xml version="1.0" encoding="UTF-8"?>
<testng-results skipped="0" failed="0" ignored="0" total="1" passed="1">
  <reporter-output>
    <line>
      <![CDATA[<b><u>UIN create request</u></b>]]>
    </line>
    <line>
      <![CDATA[<pre><textarea style='border:solid 1px white;' name='message' rows='20' cols='160' readonly='true'>{
  "id": "mosip.id.create",
  "request": {
    "documents": [
      {
        "category": "individualBiometrics",
        "value": "PD94bWwgdmVyc2lvbj0iMS4wIiBlbmNvZGluZz0iVVRGLTgiIHN0YW5kYWxvbmU9InllcyI_Pg0KPEJJUg0KCXhtbG5zPSJodHRwOi8vZG9jcy5vYXNpcy1vcGVuLm9yZy9iaWFzL25zL2JpYXNwYXRyb25mb3JtYXQtMS4wLyI-DQoJPFZlcnNpb24-DQoJCTxNYWpvcj4xPC9NYWpvcj4NCgkJPE1pbm9yPjE8L01pbm9yPg0KCTwvVmVyc2lvbj4NCgk8Q0JFRkZWZXJzaW9uPg0KCQk8TWFqb3I-MTwvTWFqb3I-DQoJCTxNaW5vcj4xPC9NaW5vcj4NCgk8L0NCRUZGVmVyc2lvbj4NCgk8QklSSW5mbz4NCgkJPEludGVncml0eT5mYWxzZTwvSW50ZWdyaXR5Pg0KCTwvQklSSW5mbz4NCgk8QklSPg0KCQk8QklSSW5mbz4NCgkJCTxJbnRlZ3JpdHk-ZmFsc2U8L0ludGVncml0eT4NCgkJPC9CSVJJbmZvPg0KCQk8QkRCSW5mbz4NCgkJCTxGb3JtYXRPd25lcj4yNTc8L0Zvcm1hdE93bmVyPg0KCQkJPEZvcm1hdFR5cGU-MjwvRm9ybWF0VHlwZT4NCgkJCTxDcmVhdGlvbkRhdGU-MjAxOS0wMS0yOVQxOToxMTozMy40MzErMDU6MzA8L0NyZWF0aW9uRGF0ZT4NCgkJCTxUeXBlPkZpbmdlcjwvVHlwZT4NCgkJCTxTdWJ0eXBlPlJpZ2h0IEluZGV4RmluZ2VyPC9TdWJ0eXBlPg0KCQkJPExldmVsPlJhdzwvTGV2ZWw-DQoJCQk8UHVycG9zZT5FbnJvbGw8L1B1cnBvc2U-DQoJCQk8UXVhbGl0eT45NTwvUXVhbGl0eT4NCgkJPC9CREJJbmZvPg0KCQk8QkRCPlJpZ2h0SW5kZXhGaW5nZXJSazFTQUNBeU1BQUFBQUZjQUFBQlBBRmlBTVVBeFFFQUFBQW9OVUN0QU12bFpJQ1JBT2xYWFlEQkFQQnFaRUNrQUtQV1hZRFpBTjlvWkVCekFNWFJTWUM2QUpOY1Y0RE1BSmRaWFVEcEFPOXpaSUJ5QVFKbVpFQ0RBSkM3WklEZkFRNTZYVUJlQVBaZ1YwQmhBSnd5VjBEVkFTc0JYVUVFQUovUlpFQlpBSXE2VUVDK0FWVjdTVUNqQU9oZVhVQ0hBTm5jVjBERkFLNWNYVURaQU5KZlhVQjNBTkJSU1VDZEFKcktYVUNKQUp2RVhVQ3hBUTkxWFVDakFSajdYWUN1QUlYZVY0Q1VBSUM0WklEUkFScjNYVURGQUg1alYwQm9BSkcxWkVEY0FTV0NVRURXQUhGZlpFQm5BU3A0U1VEaEFWZDFGRUNNQUx6V1YwREtBTHhZWFVDd0FLYmZWMERTQU9wc1pFQ0FBSzg5VjRDU0FRZHBaSUNwQUpQV1YwRG9BT1JpWFVDbUFJYXpWMEN4QVJ0N1hVQ0RBUnAwWkVEOUFOTlRaSURoQUl6U1pJQ1NBSFNqWklCWEFRcHhVRUNnQUdhSVhZQ0JBVUovWkFBQQ0KCQk8L0JEQj4NCgk8L0JJUj4NCgk8QklSPg0KCQk8QklSSW5mbz4NCgkJCTxJbnRlZ3JpdHk-ZmFsc2U8L0ludGVncml0eT4NCgkJPC9CSVJJbmZvPg0KCQk8QkRCSW5mbz4NCgkJCTxGb3JtYXRPd25lcj4yNTc8L0Zvcm1hdE93bmVyPg0KCQkJPEZvcm1hdFR5cGU-MjwvRm9ybWF0VHlwZT4NCgkJCTxDcmVhdGlvbkRhdGU-MjAxOS0wMS0yOVQxOToxMTozMy40MzQrMDU6MzA8L0NyZWF0aW9uRGF0ZT4NCgkJCTxUeXBlPkZpbmdlcjwvVHlwZT4NCgkJCTxTdWJ0eXBlPkxlZnQgSW5kZXhGaW5nZXI8L1N1YnR5cGU-DQoJCQk8TGV2ZWw-UmF3PC9MZXZlbD4NCgkJCTxQdXJwb3NlPkVucm9sbDwvUHVycG9zZT4NCgkJCTxRdWFsaXR5Pjk1PC9RdWFsaXR5Pg0KCQk8L0JEQkluZm8-DQoJCTxCREI-TGVmdEluZGV4RmluZ2VyUmsxU0FDQXlNQUFBQUFGY0FBQUJQQUZpQU1VQXhRRUFBQUFvTlVCOUFNRjBWNENCQUtCQlBFQzBBTDY4WklDNEFLak5aRUJpQUp2V1hVQlBBTlBXTlVEU0FLN1JVSUMyQVFJZlpFREpBUE14UEVCeUFHd1BYWUNwQVJZUFpFQ2ZBRmpvWkVDR0FFdjlaRUJFQUZtdFYwQnBBVUdOWFVDL0FVRUVTVUNVQVZJRVBFQzJBVk54UElDY0FMV3VaSUN1QUxtM1pFQ05BSnF4UTBDVUFJM0dRMENYQVBnaFYwQlZBS0RPWkVCZkFQcUhYVUJEQUtlL1pJQjlBRzN4WFVEUEFJYlpVRUJjQUdZaFpFQ0lBU2dIWFlCSkFHQW5WMERqQVI0akcwREtBVHFKSVVDR0FER1NaRURTQVVZR0lVQXhBRCtuVjBDWEFLK29TVUJvQUxyNlE0Q1NBT3VLWFVDaUFJdk5aRUM5QUp6UVpJQk5BTGJUWFVCQkFMNjhWMENlQUhEWlpFQ3dBSFBhWkVCUkFQd0hVSUJIQUhXMlhVRFhBUkFVRFVDNEFTNEhaRURYQVMwQ1EwQ1lBREw0WkVDc0FVenVQRUJrQUNnUlpBQUENCgkJPC9CREI-DQoJPC9CSVI-DQoJPEJJUj4NCgkJPEJJUkluZm8-DQoJCQk8SW50ZWdyaXR5PmZhbHNlPC9JbnRlZ3JpdHk-DQoJCTwvQklSSW5mbz4NCgkJPEJEQkluZm8-DQoJCQk8Rm9ybWF0T3duZXI-MjU3PC9Gb3JtYXRPd25lcj4NCgkJCTxGb3JtYXRUeXBlPjI8L0Zvcm1hdFR5cGU-DQoJCQk8Q3JlYXRpb25EYXRlPjIwMTktMDEtMjlUMTk6MTE6MzMuNDM0KzA1OjMwPC9DcmVhdGlvbkRhdGU-DQoJCQk8VHlwZT5GaW5nZXI8L1R5cGU-DQoJCQk8U3VidHlwZT5SaWdodCBUaHVtYjwvU3VidHlwZT4NCgkJCTxMZXZlbD5SYXc8L0xldmVsPg0KCQkJPFB1cnBvc2U-RW5yb2xsPC9QdXJwb3NlPg0KCQkJPFF1YWxpdHk-OTU8L1F1YWxpdHk-DQoJCTwvQkRCSW5mbz4NCgkJPEJEQj5SaWdodFRodW1iUmsxU0FDQXlNQUFBQUFGY0FBQUJQQUZpQU1VQXhRRUFBQUFvTlVCOUFNRjBWNENCQUtCQlBFQzBBTDY4WklDNEFLak5aRUJpQUp2V1hVQlBBTlBXTlVEU0FLN1JVSUMyQVFJZlpFREpBUE14UEVCeUFHd1BYWUNwQVJZUFpFQ2ZBRmpvWkVDR0FFdjlaRUJFQUZtdFYwQnBBVUdOWFVDL0FVRUVTVUNVQVZJRVBFQzJBVk54UElDY0FMV3VaSUN1QUxtM1pFQ05BSnF4UTBDVUFJM0dRMENYQVBnaFYwQlZBS0RPWkVCZkFQcUhYVUJEQUtlL1pJQjlBRzN4WFVEUEFJYlpVRUJjQUdZaFpFQ0lBU2dIWFlCSkFHQW5WMERqQVI0akcwREtBVHFKSVVDR0FER1NaRURTQVVZR0lVQXhBRCtuVjBDWEFLK29TVUJvQUxyNlE0Q1NBT3VLWFVDaUFJdk5aRUM5QUp6UVpJQk5BTGJUWFVCQkFMNjhWMENlQUhEWlpFQ3dBSFBhWkVCUkFQd0hVSUJIQUhXMlhVRFhBUkFVRFVDNEFTNEhaRURYQVMwQ1EwQ1lBREw0WkVDc0FVenVQRUJrQUNnUlpBQUENCgkJPC9CREI-DQoJPC9CSVI-DQoJPEJJUj4NCgkJPEJJUkluZm8-DQoJCQk8SW50ZWdyaXR5PmZhbHNlPC9JbnRlZ3JpdHk-DQoJCTwvQklSSW5mbz4NCgkJPEJEQkluZm8-DQoJCQk8Rm9ybWF0T3duZXI-MjU3PC9Gb3JtYXRPd25lcj4NCgkJCTxGb3JtYXRUeXBlPjI8L0Zvcm1hdFR5cGU-DQoJCQk8Q3JlYXRpb25EYXRlPjIwMTktMDEtMjlUMTk6MTE6MzMuNDM0KzA1OjMwPC9DcmVhdGlvbkRhdGU-DQoJCQk8VHlwZT5GaW5nZXI8L1R5cGU-DQoJCQk8U3VidHlwZT5MZWZ0IFRodW1iPC9TdWJ0eXBlPg0KCQkJPExldmVsPlJhdzwvTGV2ZWw-DQoJCQk8UHVycG9zZT5FbnJvbGw8L1B1cnBvc2U-DQoJCQk8UXVhbGl0eT45NTwvUXVhbGl0eT4NCgkJPC9CREJJbmZvPg0KCQk8QkRCPkxlZnRUaHVtYlJrMVNBQ0F5TUFBQUFBRmNBQUFCUEFGaUFNVUF4UUVBQUFBb05VQjlBTUYwVjRDQkFLQkJQRUMwQUw2OFpJQzRBS2pOWkVCaUFKdldYVUJQQU5QV05VRFNBSzdSVUlDMkFRSWZaRURKQVBNeFBFQnlBR3dQWFlDcEFSWVBaRUNmQUZqb1pFQ0dBRXY5WkVCRUFGbXRWMEJwQVVHTlhVQy9BVUVFU1VDVUFWSUVQRUMyQVZOeFBJQ2NBTFd1WklDdUFMbTNaRUNOQUpxeFEwQ1VBSTNHUTBDWEFQZ2hWMEJWQUtET1pFQmZBUHFIWFVCREFLZS9aSUI5QUczeFhVRFBBSWJaVUVCY0FHWWhaRUNJQVNnSFhZQkpBR0FuVjBEakFSNGpHMERLQVRxSklVQ0dBREdTWkVEU0FVWUdJVUF4QUQrblYwQ1hBSytvU1VCb0FMcjZRNENTQU91S1hVQ2lBSXZOWkVDOUFKelFaSUJOQUxiVFhVQkJBTDY4VjBDZUFIRFpaRUN3QUhQYVpFQlJBUHdIVUlCSEFIVzJYVURYQVJBVURVQzRBUzRIWkVEWEFTMENRMENZQURMNFpFQ3NBVXp1UEVCa0FDZ1JaQUFBDQoJCTwvQkRCPg0KCTwvQklSPg0KCTxCSVI-DQoJCTxCSVJJbmZvPg0KCQkJPEludGVncml0eT5mYWxzZTwvSW50ZWdyaXR5Pg0KCQk8L0JJUkluZm8-DQoJCTxCREJJbmZvPg0KCQkJPEZvcm1hdE93bmVyPjI1NzwvRm9ybWF0T3duZXI-DQoJCQk8Rm9ybWF0VHlwZT4yPC9Gb3JtYXRUeXBlPg0KCQkJPENyZWF0aW9uRGF0ZT4yMDE5LTAxLTI5VDE5OjExOjMzLjQzNCswNTozMDwvQ3JlYXRpb25EYXRlPg0KCQkJPFR5cGU-RmluZ2VyPC9UeXBlPg0KCQkJPFN1YnR5cGU-UmlnaHQgTWlkZGxlRmluZ2VyPC9TdWJ0eXBlPg0KCQkJPExldmVsPlJhdzwvTGV2ZWw-DQoJCQk8UHVycG9zZT5FbnJvbGw8L1B1cnBvc2U-DQoJCQk8UXVhbGl0eT45NTwvUXVhbGl0eT4NCgkJPC9CREJJbmZvPg0KCQk8QkRCPlJpZ2h0TWlkZGxlRmluZ2VyUmsxU0FDQXlNQUFBQUFGY0FBQUJQQUZpQU1VQXhRRUFBQUFvTlVCOUFNRjBWNENCQUtCQlBFQzBBTDY4WklDNEFLak5aRUJpQUp2V1hVQlBBTlBXTlVEU0FLN1JVSUMyQVFJZlpFREpBUE14UEVCeUFHd1BYWUNwQVJZUFpFQ2ZBRmpvWkVDR0FFdjlaRUJFQUZtdFYwQnBBVUdOWFVDL0FVRUVTVUNVQVZJRVBFQzJBVk54UElDY0FMV3VaSUN1QUxtM1pFQ05BSnF4UTBDVUFJM0dRMENYQVBnaFYwQlZBS0RPWkVCZkFQcUhYVUJEQUtlL1pJQjlBRzN4WFVEUEFJYlpVRUJjQUdZaFpFQ0lBU2dIWFlCSkFHQW5WMERqQVI0akcwREtBVHFKSVVDR0FER1NaRURTQVVZR0lVQXhBRCtuVjBDWEFLK29TVUJvQUxyNlE0Q1NBT3VLWFVDaUFJdk5aRUM5QUp6UVpJQk5BTGJUWFVCQkFMNjhWMENlQUhEWlpFQ3dBSFBhWkVCUkFQd0hVSUJIQUhXMlhVRFhBUkFVRFVDNEFTNEhaRURYQVMwQ1EwQ1lBREw0WkVDc0FVenVQRUJrQUNnUlpBQUENCgkJPC9CREI-DQoJPC9CSVI-DQoJPEJJUj4NCgkJPEJJUkluZm8-DQoJCQk8SW50ZWdyaXR5PmZhbHNlPC9JbnRlZ3JpdHk-DQoJCTwvQklSSW5mbz4NCgkJPEJEQkluZm8-DQoJCQk8Rm9ybWF0T3duZXI-MjU3PC9Gb3JtYXRPd25lcj4NCgkJCTxGb3JtYXRUeXBlPjI8L0Zvcm1hdFR5cGU-DQoJCQk8Q3JlYXRpb25EYXRlPjIwMTktMDEtMjlUMTk6MTE6MzMuNDM0KzA1OjMwPC9DcmVhdGlvbkRhdGU-DQoJCQk8VHlwZT5GaW5nZXI8L1R5cGU-DQoJCQk8U3VidHlwZT5MZWZ0IE1pZGRsZUZpbmdlcjwvU3VidHlwZT4NCgkJCTxMZXZlbD5SYXc8L0xldmVsPg0KCQkJPFB1cnBvc2U-RW5yb2xsPC9QdXJwb3NlPg0KCQkJPFF1YWxpdHk-OTU8L1F1YWxpdHk-DQoJCTwvQkRCSW5mbz4NCgkJPEJEQj5MZWZ0TWlkZGxlRmluZ2VyUmsxU0FDQXlNQUFBQUFGY0FBQUJQQUZpQU1VQXhRRUFBQUFvTlVCOUFNRjBWNENCQUtCQlBFQzBBTDY4WklDNEFLak5aRUJpQUp2V1hVQlBBTlBXTlVEU0FLN1JVSUMyQVFJZlpFREpBUE14UEVCeUFHd1BYWUNwQVJZUFpFQ2ZBRmpvWkVDR0FFdjlaRUJFQUZtdFYwQnBBVUdOWFVDL0FVRUVTVUNVQVZJRVBFQzJBVk54UElDY0FMV3VaSUN1QUxtM1pFQ05BSnF4UTBDVUFJM0dRMENYQVBnaFYwQlZBS0RPWkVCZkFQcUhYVUJEQUtlL1pJQjlBRzN4WFVEUEFJYlpVRUJjQUdZaFpFQ0lBU2dIWFlCSkFHQW5WMERqQVI0akcwREtBVHFKSVVDR0FER1NaRURTQVVZR0lVQXhBRCtuVjBDWEFLK29TVUJvQUxyNlE0Q1NBT3VLWFVDaUFJdk5aRUM5QUp6UVpJQk5BTGJUWFVCQkFMNjhWMENlQUhEWlpFQ3dBSFBhWkVCUkFQd0hVSUJIQUhXMlhVRFhBUkFVRFVDNEFTNEhaRURYQVMwQ1EwQ1lBREw0WkVDc0FVenVQRUJrQUNnUlpBQUENCgkJPC9CREI-DQoJPC9CSVI-DQoJPEJJUj4NCgkJPEJJUkluZm8-DQoJCQk8SW50ZWdyaXR5PmZhbHNlPC9JbnRlZ3JpdHk-DQoJCTwvQklSSW5mbz4NCgkJPEJEQkluZm8-DQoJCQk8Rm9ybWF0T3duZXI-MjU3PC9Gb3JtYXRPd25lcj4NCgkJCTxGb3JtYXRUeXBlPjI8L0Zvcm1hdFR5cGU-DQoJCQk8Q3JlYXRpb25EYXRlPjIwMTktMDEtMjlUMTk6MTE6MzMuNDM0KzA1OjMwPC9DcmVhdGlvbkRhdGU-DQoJCQk8VHlwZT5GaW5nZXI8L1R5cGU-DQoJCQk8U3VidHlwZT5SaWdodCBSaW5nRmluZ2VyPC9TdWJ0eXBlPg0KCQkJPExldmVsPlJhdzwvTGV2ZWw-DQoJCQk8UHVycG9zZT5FbnJvbGw8L1B1cnBvc2U-DQoJCQk8UXVhbGl0eT45NTwvUXVhbGl0eT4NCgkJPC9CREJJbmZvPg0KCQk8QkRCPlJpZ2h0UmluZ0ZpbmdlclJrMVNBQ0F5TUFBQUFBRmNBQUFCUEFGaUFNVUF4UUVBQUFBb05VQjlBTUYwVjRDQkFLQkJQRUMwQUw2OFpJQzRBS2pOWkVCaUFKdldYVUJQQU5QV05VRFNBSzdSVUlDMkFRSWZaRURKQVBNeFBFQnlBR3dQWFlDcEFSWVBaRUNmQUZqb1pFQ0dBRXY5WkVCRUFGbXRWMEJwQVVHTlhVQy9BVUVFU1VDVUFWSUVQRUMyQVZOeFBJQ2NBTFd1WklDdUFMbTNaRUNOQUpxeFEwQ1VBSTNHUTBDWEFQZ2hWMEJWQUtET1pFQmZBUHFIWFVCREFLZS9aSUI5QUczeFhVRFBBSWJaVUVCY0FHWWhaRUNJQVNnSFhZQkpBR0FuVjBEakFSNGpHMERLQVRxSklVQ0dBREdTWkVEU0FVWUdJVUF4QUQrblYwQ1hBSytvU1VCb0FMcjZRNENTQU91S1hVQ2lBSXZOWkVDOUFKelFaSUJOQUxiVFhVQkJBTDY4VjBDZUFIRFpaRUN3QUhQYVpFQlJBUHdIVUlCSEFIVzJYVURYQVJBVURVQzRBUzRIWkVEWEFTMENRMENZQURMNFpFQ3NBVXp1UEVCa0FDZ1JaQUFBDQoJCTwvQkRCPg0KCTwvQklSPg0KCTxCSVI-DQoJCTxCSVJJbmZvPg0KCQkJPEludGVncml0eT5mYWxzZTwvSW50ZWdyaXR5Pg0KCQk8L0JJUkluZm8-DQoJCTxCREJJbmZvPg0KCQkJPEZvcm1hdE93bmVyPjI1NzwvRm9ybWF0T3duZXI-DQoJCQk8Rm9ybWF0VHlwZT4yPC9Gb3JtYXRUeXBlPg0KCQkJPENyZWF0aW9uRGF0ZT4yMDE5LTAxLTI5VDE5OjExOjMzLjQzNCswNTozMDwvQ3JlYXRpb25EYXRlPg0KCQkJPFR5cGU-RmluZ2VyPC9UeXBlPg0KCQkJPFN1YnR5cGU-TGVmdCBSaW5nRmluZ2VyPC9TdWJ0eXBlPg0KCQkJPExldmVsPlJhdzwvTGV2ZWw-DQoJCQk8UHVycG9zZT5FbnJvbGw8L1B1cnBvc2U-DQoJCQk8UXVhbGl0eT45NTwvUXVhbGl0eT4NCgkJPC9CREJJbmZvPg0KCQk8QkRCPkxlZnRSaW5nRmluZ2VyUmsxU0FDQXlNQUFBQUFGY0FBQUJQQUZpQU1VQXhRRUFBQUFvTlVCOUFNRjBWNENCQUtCQlBFQzBBTDY4WklDNEFLak5aRUJpQUp2V1hVQlBBTlBXTlVEU0FLN1JVSUMyQVFJZlpFREpBUE14UEVCeUFHd1BYWUNwQVJZUFpFQ2ZBRmpvWkVDR0FFdjlaRUJFQUZtdFYwQnBBVUdOWFVDL0FVRUVTVUNVQVZJRVBFQzJBVk54UElDY0FMV3VaSUN1QUxtM1pFQ05BSnF4UTBDVUFJM0dRMENYQVBnaFYwQlZBS0RPWkVCZkFQcUhYVUJEQUtlL1pJQjlBRzN4WFVEUEFJYlpVRUJjQUdZaFpFQ0lBU2dIWFlCSkFHQW5WMERqQVI0akcwREtBVHFKSVVDR0FER1NaRURTQVVZR0lVQXhBRCtuVjBDWEFLK29TVUJvQUxyNlE0Q1NBT3VLWFVDaUFJdk5aRUM5QUp6UVpJQk5BTGJUWFVCQkFMNjhWMENlQUhEWlpFQ3dBSFBhWkVCUkFQd0hVSUJIQUhXMlhVRFhBUkFVRFVDNEFTNEhaRURYQVMwQ1EwQ1lBREw0WkVDc0FVenVQRUJrQUNnUlpBQUENCgkJPC9CREI-DQoJPC9CSVI-DQoJPEJJUj4NCgkJPEJJUkluZm8-DQoJCQk8SW50ZWdyaXR5PmZhbHNlPC9JbnRlZ3JpdHk-DQoJCTwvQklSSW5mbz4NCgkJPEJEQkluZm8-DQoJCQk8Rm9ybWF0T3duZXI-MjU3PC9Gb3JtYXRPd25lcj4NCgkJCTxGb3JtYXRUeXBlPjI8L0Zvcm1hdFR5cGU-DQoJCQk8Q3JlYXRpb25EYXRlPjIwMTktMDEtMjlUMTk6MTE6MzMuNDM0KzA1OjMwPC9DcmVhdGlvbkRhdGU-DQoJCQk8VHlwZT5GaW5nZXI8L1R5cGU-DQoJCQk8U3VidHlwZT5SaWdodCBMaXR0bGVGaW5nZXI8L1N1YnR5cGU-DQoJCQk8TGV2ZWw-UmF3PC9MZXZlbD4NCgkJCTxQdXJwb3NlPkVucm9sbDwvUHVycG9zZT4NCgkJCTxRdWFsaXR5Pjk1PC9RdWFsaXR5Pg0KCQk8L0JEQkluZm8-DQoJCTxCREI-UmlnaHRMaXR0bGVGaW5nZXJSazFTQUNBeU1BQUFBQUZjQUFBQlBBRmlBTVVBeFFFQUFBQW9OVUI5QU1GMFY0Q0JBS0JCUEVDMEFMNjhaSUM0QUtqTlpFQmlBSnZXWFVCUEFOUFdOVURTQUs3UlVJQzJBUUlmWkVESkFQTXhQRUJ5QUd3UFhZQ3BBUllQWkVDZkFGam9aRUNHQUV2OVpFQkVBRm10VjBCcEFVR05YVUMvQVVFRVNVQ1VBVklFUEVDMkFWTnhQSUNjQUxXdVpJQ3VBTG0zWkVDTkFKcXhRMENVQUkzR1EwQ1hBUGdoVjBCVkFLRE9aRUJmQVBxSFhVQkRBS2UvWklCOUFHM3hYVURQQUliWlVFQmNBR1loWkVDSUFTZ0hYWUJKQUdBblYwRGpBUjRqRzBES0FUcUpJVUNHQURHU1pFRFNBVVlHSVVBeEFEK25WMENYQUsrb1NVQm9BTHI2UTRDU0FPdUtYVUNpQUl2TlpFQzlBSnpRWklCTkFMYlRYVUJCQUw2OFYwQ2VBSERaWkVDd0FIUGFaRUJSQVB3SFVJQkhBSFcyWFVEWEFSQVVEVUM0QVM0SFpFRFhBUzBDUTBDWUFETDRaRUNzQVV6dVBFQmtBQ2dSWkFBQQ0KCQk8L0JEQj4NCgk8L0JJUj4NCgk8QklSPg0KCQk8QklSSW5mbz4NCgkJCTxJbnRlZ3JpdHk-ZmFsc2U8L0ludGVncml0eT4NCgkJPC9CSVJJbmZvPg0KCQk8QkRCSW5mbz4NCgkJCTxGb3JtYXRPd25lcj4yNTc8L0Zvcm1hdE93bmVyPg0KCQkJPEZvcm1hdFR5cGU-MjwvRm9ybWF0VHlwZT4NCgkJCTxDcmVhdGlvbkRhdGU-MjAxOS0wMS0yOVQxOToxMTozMy40MzQrMDU6MzA8L0NyZWF0aW9uRGF0ZT4NCgkJCTxUeXBlPkZpbmdlcjwvVHlwZT4NCgkJCTxTdWJ0eXBlPkxlZnQgTGl0dGxlRmluZ2VyPC9TdWJ0eXBlPg0KCQkJPExldmVsPlJhdzwvTGV2ZWw-DQoJCQk8UHVycG9zZT5FbnJvbGw8L1B1cnBvc2U-DQoJCQk8UXVhbGl0eT45NTwvUXVhbGl0eT4NCgkJPC9CREJJbmZvPg0KCQk8QkRCPlJrMVNBQ0F5TUFBQUFBRmNBQUFCUEFGaUFNVUF4UUVBQUFBb05VQjlBTUYwVjRDQkFLQkJQRUMwQUw2OFpJQzRBS2pOWkVCaUFKdldYVUJQQU5QV05VRFNBSzdSVUlDMkFRSWZaRURKQVBNeFBFQnlBR3dQWFlDcEFSWVBaRUNmQUZqb1pFQ0dBRXY5WkVCRUFGbXRWMEJwQVVHTlhVQy9BVUVFU1VDVUFWSUVQRUMyQVZOeFBJQ2NBTFd1WklDdUFMbTNaRUNOQUpxeFEwQ1VBSTNHUTBDWEFQZ2hWMEJWQUtET1pFQmZBUHFIWFVCREFLZS9aSUI5QUczeFhVRFBBSWJaVUVCY0FHWWhaRUNJQVNnSFhZQkpBR0FuVjBEakFSNGpHMERLQVRxSklVQ0dBREdTWkVEU0FVWUdJVUF4QUQrblYwQ1hBSytvU1VCb0FMcjZRNENTQU91S1hVQ2lBSXZOWkVDOUFKelFaSUJOQUxiVFhVQkJBTDY4VjBDZUFIRFpaRUN3QUhQYVpFQlJBUHdIVUlCSEFIVzJYVURYQVJBVURVQzRBUzRIWkVEWEFTMENRMENZQURMNFpFQ3NBVXp1UEVCa0FDZ1JaQUFBDQoJCTwvQkRCPg0KCTwvQklSPg0KCTxCSVI-DQoJCTxCSVJJbmZvPg0KCQkJPEludGVncml0eT5mYWxzZTwvSW50ZWdyaXR5Pg0KCQk8L0JJUkluZm8-DQoJCTxCREJJbmZvPg0KCQkJPEZvcm1hdE93bmVyPjI1NzwvRm9ybWF0T3duZXI-DQoJCQk8Rm9ybWF0VHlwZT45PC9Gb3JtYXRUeXBlPg0KCQkJPENyZWF0aW9uRGF0ZT4yMDE5LTAxLTI5VDE5OjExOjMzLjQzNCswNTozMDwvQ3JlYXRpb25EYXRlPg0KCQkJPFR5cGU-SXJpczwvVHlwZT4NCgkJCTxTdWJ0eXBlPlJpZ2h0PC9TdWJ0eXBlPg0KCQkJPExldmVsPlJhdzwvTGV2ZWw-DQoJCQk8UHVycG9zZT5FbnJvbGw8L1B1cnBvc2U-DQoJCQk8UXVhbGl0eT45NTwvUXVhbGl0eT4NCgkJPC9CREJJbmZvPg0KCQk8QkRCPklyaXNSaWdodGsxU0FDQXlNQUFBQUFFSUFBQUJQQUZpQU1VQXhRRUFBQUFvSjRDZUFLOU9WNENyQUs0OVpJQ1JBSXZPVjREQ0FMK3ZaSUJrQU1mVFpJQm9BSEd0WklEbUFNdThaSUJLQUd5d1pJQ0FBRU9PWkVESkFSVVVaSUFpQUlLcVVJQ2xBVEFJWkVBeUFEaVhYWUNoQUxoU1pJQ0lBSm5NWFlDRkFJeTNWNERPQUtGQlpJQlBBS0kyWklDK0FQYVZaSURXQUc3R1pJQ3VBUTRaWklBM0FIZXVaSUVJQU0vSlVFRUNBUFN0VjBEMkFRb3RWMERNQVVuOFY0Q2xBS0JMVjRDNUFLNnNaRUIxQUkwa1pFQ1NBSGFhWFlDTEFHR1FaRURyQUtURlpJRGlBRy9LWklCMUFReGpaSUJqQVJObFpJRHFBRmZSWkVCTUFSeHRVRUFvQUZ1Y1hVQkZBQlVRU1FBQQ0KCQk8L0JEQj4NCgk8L0JJUj4NCgk8QklSPg0KCQk8QklSSW5mbz4NCgkJCTxJbnRlZ3JpdHk-ZmFsc2U8L0ludGVncml0eT4NCgkJPC9CSVJJbmZvPg0KCQk8QkRCSW5mbz4NCgkJCTxGb3JtYXRPd25lcj4yNTc8L0Zvcm1hdE93bmVyPg0KCQkJPEZvcm1hdFR5cGU-OTwvRm9ybWF0VHlwZT4NCgkJCTxDcmVhdGlvbkRhdGU-MjAxOS0wMS0yOVQxOToxMTozMy40MzQrMDU6MzA8L0NyZWF0aW9uRGF0ZT4NCgkJCTxUeXBlPklyaXM8L1R5cGU-DQoJCQk8U3VidHlwZT5MZWZ0PC9TdWJ0eXBlPg0KCQkJPExldmVsPlJhdzwvTGV2ZWw-DQoJCQk8UHVycG9zZT5FbnJvbGw8L1B1cnBvc2U-DQoJCQk8UXVhbGl0eT45NTwvUXVhbGl0eT4NCgkJPC9CREJJbmZvPg0KCQk8QkRCPklyaXNMZWZ0azFTQUNBeU1BQUFBQUQyQUFBQlBBRmlBTVVBeFFFQUFBQW9KSUIvQU5OQ1NZQ0xBUEEwUTRDRUFQcFdVRUI3QUxXM1NVREFBUERBVjBEQ0FLbldaRURIQVEyd1hVQStBTXkvWklCTEFSYmVaRUJCQUpVa1pJQTVBSUNzWkVDWUFWUUZQSUNmQU11OFpJQjZBT3ROUTRDTEFQOGxVSUNvQVBxalpFREdBTXpKVjRDa0FSb29aRURhQU56VlBFQzZBU1FuVjRDa0FIN2laRUNWQUdud1pFQnRBR0dVWkVCWEFWQnlJWUNCQU8xQVEwQjdBTURHVUVDekFOTEFaSUI5QVFSaFVJQlNBTjdOWkVEUEFQelRWMEJ4QUl5Z1hZRFdBUXZSUTREY0FLYmNWNEFoQUtLcVhVQ0pBVlo3UElDUkFGRi9aQUFBDQoJCTwvQkRCPg0KCTwvQklSPg0KCTxCSVI-DQoJCTxCSVJJbmZvPg0KCQkJPEludGVncml0eT5mYWxzZTwvSW50ZWdyaXR5Pg0KCQk8L0JJUkluZm8-DQoJCTxCREJJbmZvPg0KCQkJPEZvcm1hdE93bmVyPjI1NzwvRm9ybWF0T3duZXI-DQoJCQk8Rm9ybWF0VHlwZT44PC9Gb3JtYXRUeXBlPg0KCQkJPENyZWF0aW9uRGF0ZT4yMDE5LTAxLTI5VDE5OjExOjMzLjQzNCswNTozMDwvQ3JlYXRpb25EYXRlPg0KCQkJPFR5cGU-RmFjZTwvVHlwZT4NCgkJCTxMZXZlbD5SYXc8L0xldmVsPg0KCQkJPFB1cnBvc2U-RW5yb2xsPC9QdXJwb3NlPg0KCQkJPFF1YWxpdHk-OTU8L1F1YWxpdHk-DQoJCTwvQkRCSW5mbz4NCgkJPEJEQj5SazFTQUNBeU1BQUFBQUZjQUFBQlBBRmlBTVVBeFFFQUFBQW9OVUI5QU1GMFY0Q0JBS0JCUEVDMEFMNjhaSUM0QUtqTlpFQmlBSnZXWFVCUEFOUFdOVURTQUs3UlVJQzJBUUlmWkVESkFQTXhQRUJ5QUd3UFhZQ3BBUllQWkVDZkFGam9aRUNHQUV2OVpFQkVBRm10VjBCcEFVR05YVUMvQVVFRVNVQ1VBVklFUEVDMkFWTnhQSUNjQUxXdVpJQ3VBTG0zWkVDTkFKcXhRMENVQUkzR1EwQ1hBUGdoVjBCVkFLRE9aRUJmQVBxSFhVQkRBS2UvWklCOUFHM3hYVURQQUliWlVFQmNBR1loWkVDSUFTZ0hYWUJKQUdBblYwRGpBUjRqRzBES0FUcUpJVUNHQURHU1pFRFNBVVlHSVVBeEFEK25WMENYQUsrb1NVQm9BTHI2UTRDU0FPdUtYVUNpQUl2TlpFQzlBSnpRWklCTkFMYlRYVUJCQUw2OFYwQ2VBSERaWkVDd0FIUGFaRUJSQVB3SFVJQkhBSFcyWFVEWEFSQVVEVUM0QVM0SFpFRFhBUzBDUTBDWUFETDRaRUNzQVV6dVBFQmtBQ2dSWkFBQQ0KCQk8L0JEQj4NCgk8L0JJUj4NCjwvQklSPg0K"
      }
    ],
    "identity": {
      "CNIENumber": "6789545678912",
      "IDSchemaVersion": 1.0,
      "UIN": 8014918453,
      "addressLine1": [
        {
          "language": "eng",
          "value": "Annai Theresa Street"
        },
        {
          "language": "ara",
          "value": "َننَِ تهِرِسَ سترِِت"
        },
        {
          "language": "fra",
          "value": "Annai Theresa Street"
        }
      ],
      "addressLine2": [
        {
          "language": "eng",
          "value": "Mount Read House"
        },
        {
          "language": "ara",
          "value": "مُُنت رَِد هُُسِ"
        },
        {
          "language": "fra",
          "value": "Mount Read House"
        }
      ],
      "addressLine3": [
        {
          "language": "eng",
          "value": "Sentinal Island"
        },
        {
          "language": "ara",
          "value": "سِنتِنَل ِسلَند"
        },
        {
          "language": "fra",
          "value": "Sentinal Island"
        }
      ],
      "age": 19,
      "city": [
        {
          "language": "eng",
          "value": "Kenitra"
        },
        {
          "language": "ara",
          "value": "القنيطرة"
        },
        {
          "language": "fra",
          "value": "Rabat"
        }
      ],
      "dateOfBirth": "2001/02/11",
      "email": "athila.sirajudeen@mindtree.com",
      "fullName": [
        {
          "language": "eng",
          "value": "Automation Test"
        },
        {
          "language": "ara",
          "value": "َُتُمَتُِن تِست"
        },
        {
          "language": "fra",
          "value": "Automation Test"
        }
      ],
      "gender": [
        {
          "language": "ara",
          "value": "الذكر"
        },
        {
          "language": "fra",
          "value": "Mâle"
        },
        {
          "language": "eng",
          "value": "Male"
        }
      ],
      "individualBiometrics": {
        "format": "cbeff",
        "value": "fileReferenceID",
        "version": 1.0
      },
      "localAdministrativeAuthority": [
        {
          "language": "eng",
          "value": "Mograne"
        },
        {
          "language": "ara",
          "value": "بن منصور"
        },
        {
          "language": "fra",
          "value": "Mograne"
        }
      ],
      "parentOrGuardianName": [
        {
          "language": "eng",
          "value": "Arthif Alan"
        },
        {
          "language": "ara",
          "value": "َرتهِف َلَن"
        },
        {
          "language": "fra",
          "value": "Arthif Alan"
        }
      ],
      "phone": "9383356546",
      "postalCode": "14110",
      "province": [
        {
          "language": "eng",
          "value": "Rabat"
        },
        {
          "language": "ara",
          "value": "الرباط"
        },
        {
          "language": "fra",
          "value": "Rabat"
        }
      ],
      "region": [
        {
          "language": "eng",
          "value": "Rabat Sale Kenitra"
        },
        {
          "language": "ara",
          "value": "جهة الرباط سلا القنيطرة"
        },
        {
          "language": "fra",
          "value": "Rabat-Salé-Kénitra"
        }
      ],
      "residenceStatus": "MOROCCO"
    },
    "registrationId": "27847657360002520190712185739"
  },
  "requesttime": "2019-07-12T13:27:39.838Z",
  "version": "v1"
}</textarea></pre>]]>
    </line>
    <line>
      <![CDATA[<b><u>Actual Response Content: </u></b>(EndPointUrl: https://qa.mosip.io/idrepository/v1/identity/) <pre><textarea style='border:solid 1px white;' name='message' rows='20' cols='160' readonly='true'>{
  "id": "mosip.id.create",
  "version": "v1",
  "responsetime": "2019-07-12T13:28:00.440Z",
  "response": {
    "status": "ACTIVATED"
  },
  "errors": []
}</textarea></pre>]]>
    </line>
    <line>
      <![CDATA[<b> Output validation for: </b>D:\codeFreeze\mosip\e2etestrig\ida-automation\target\classes\MosipTemporaryTestResource\ida\UINData\CreateTestData\Authentication_Create_valid_uin_smoke_1_record\output-1-actual-res.json vs D:\codeFreeze\mosip\e2etestrig\ida-automation\target\classes\MosipTemporaryTestResource\ida\UINData\CreateTestData\Authentication_Create_valid_uin_smoke_1_record\output-1-expected-res.json]]>
    </line>
    <line>
      <![CDATA[<table width='90%' charset='UTF8'>
  <tr>
    <th>FieldName</th>
    <th>Expected Value</th> 
    <th>Actual Value</th>
    <th>Status</th>
  </tr>
  <tr>
    <td>metadata</td>
    <td>NOT VERIFIED</td>
    <td>null</td>
    <td bgcolor='LIGHTYELLOW'>WARNING</td>
  </tr>
  <tr>
    <td>response.identity</td>
    <td>NOT VERIFIED</td>
    <td>null</td>
    <td bgcolor='LIGHTYELLOW'>WARNING</td>
  </tr>
  <tr>
    <td>response.documents</td>
    <td>NOT VERIFIED</td>
    <td>null</td>
    <td bgcolor='LIGHTYELLOW'>WARNING</td>
  </tr>
  <tr>
    <td>id</td>
    <td>mosip.id.create</td>
    <td>mosip.id.create</td>
    <td bgcolor='Green'>PASS</td>
  </tr>
  <tr>
    <td>response.status</td>
    <td>ACTIVATED</td>
    <td>ACTIVATED</td>
    <td bgcolor='Green'>PASS</td>
  </tr>
</table>]]>
    </line>
    <line>
      <![CDATA[<b><u>UIN create request</u></b>]]>
    </line>
    <line>
      <![CDATA[<pre><textarea style='border:solid 1px white;' name='message' rows='20' cols='160' readonly='true'>{
  "id": "mosip.id.create",
  "request": {
    "documents": [
      {
        "category": "individualBiometrics",
        "value": "PD94bWwgdmVyc2lvbj0iMS4wIiBlbmNvZGluZz0iVVRGLTgiIHN0YW5kYWxvbmU9InllcyI_Pg0KPEJJUg0KCXhtbG5zPSJodHRwOi8vZG9jcy5vYXNpcy1vcGVuLm9yZy9iaWFzL25zL2JpYXNwYXRyb25mb3JtYXQtMS4wLyI-DQoJPFZlcnNpb24-DQoJCTxNYWpvcj4xPC9NYWpvcj4NCgkJPE1pbm9yPjE8L01pbm9yPg0KCTwvVmVyc2lvbj4NCgk8Q0JFRkZWZXJzaW9uPg0KCQk8TWFqb3I-MTwvTWFqb3I-DQoJCTxNaW5vcj4xPC9NaW5vcj4NCgk8L0NCRUZGVmVyc2lvbj4NCgk8QklSSW5mbz4NCgkJPEludGVncml0eT5mYWxzZTwvSW50ZWdyaXR5Pg0KCTwvQklSSW5mbz4NCgk8QklSPg0KCQk8QklSSW5mbz4NCgkJCTxJbnRlZ3JpdHk-ZmFsc2U8L0ludGVncml0eT4NCgkJPC9CSVJJbmZvPg0KCQk8QkRCSW5mbz4NCgkJCTxGb3JtYXRPd25lcj4yNTc8L0Zvcm1hdE93bmVyPg0KCQkJPEZvcm1hdFR5cGU-MjwvRm9ybWF0VHlwZT4NCgkJCTxDcmVhdGlvbkRhdGU-MjAxOS0wMS0yOVQxOToxMTozMy40MzErMDU6MzA8L0NyZWF0aW9uRGF0ZT4NCgkJCTxUeXBlPkZpbmdlcjwvVHlwZT4NCgkJCTxTdWJ0eXBlPlJpZ2h0IEluZGV4RmluZ2VyPC9TdWJ0eXBlPg0KCQkJPExldmVsPlJhdzwvTGV2ZWw-DQoJCQk8UHVycG9zZT5FbnJvbGw8L1B1cnBvc2U-DQoJCQk8UXVhbGl0eT45NTwvUXVhbGl0eT4NCgkJPC9CREJJbmZvPg0KCQk8QkRCPlJpZ2h0SW5kZXhGaW5nZXJSazFTQUNBeU1BQUFBQUZjQUFBQlBBRmlBTVVBeFFFQUFBQW9OVUN0QU12bFpJQ1JBT2xYWFlEQkFQQnFaRUNrQUtQV1hZRFpBTjlvWkVCekFNWFJTWUM2QUpOY1Y0RE1BSmRaWFVEcEFPOXpaSUJ5QVFKbVpFQ0RBSkM3WklEZkFRNTZYVUJlQVBaZ1YwQmhBSnd5VjBEVkFTc0JYVUVFQUovUlpFQlpBSXE2VUVDK0FWVjdTVUNqQU9oZVhVQ0hBTm5jVjBERkFLNWNYVURaQU5KZlhVQjNBTkJSU1VDZEFKcktYVUNKQUp2RVhVQ3hBUTkxWFVDakFSajdYWUN1QUlYZVY0Q1VBSUM0WklEUkFScjNYVURGQUg1alYwQm9BSkcxWkVEY0FTV0NVRURXQUhGZlpFQm5BU3A0U1VEaEFWZDFGRUNNQUx6V1YwREtBTHhZWFVDd0FLYmZWMERTQU9wc1pFQ0FBSzg5VjRDU0FRZHBaSUNwQUpQV1YwRG9BT1JpWFVDbUFJYXpWMEN4QVJ0N1hVQ0RBUnAwWkVEOUFOTlRaSURoQUl6U1pJQ1NBSFNqWklCWEFRcHhVRUNnQUdhSVhZQ0JBVUovWkFBQQ0KCQk8L0JEQj4NCgk8L0JJUj4NCgk8QklSPg0KCQk8QklSSW5mbz4NCgkJCTxJbnRlZ3JpdHk-ZmFsc2U8L0ludGVncml0eT4NCgkJPC9CSVJJbmZvPg0KCQk8QkRCSW5mbz4NCgkJCTxGb3JtYXRPd25lcj4yNTc8L0Zvcm1hdE93bmVyPg0KCQkJPEZvcm1hdFR5cGU-MjwvRm9ybWF0VHlwZT4NCgkJCTxDcmVhdGlvbkRhdGU-MjAxOS0wMS0yOVQxOToxMTozMy40MzQrMDU6MzA8L0NyZWF0aW9uRGF0ZT4NCgkJCTxUeXBlPkZpbmdlcjwvVHlwZT4NCgkJCTxTdWJ0eXBlPkxlZnQgSW5kZXhGaW5nZXI8L1N1YnR5cGU-DQoJCQk8TGV2ZWw-UmF3PC9MZXZlbD4NCgkJCTxQdXJwb3NlPkVucm9sbDwvUHVycG9zZT4NCgkJCTxRdWFsaXR5Pjk1PC9RdWFsaXR5Pg0KCQk8L0JEQkluZm8-DQoJCTxCREI-TGVmdEluZGV4RmluZ2VyUmsxU0FDQXlNQUFBQUFGY0FBQUJQQUZpQU1VQXhRRUFBQUFvTlVCOUFNRjBWNENCQUtCQlBFQzBBTDY4WklDNEFLak5aRUJpQUp2V1hVQlBBTlBXTlVEU0FLN1JVSUMyQVFJZlpFREpBUE14UEVCeUFHd1BYWUNwQVJZUFpFQ2ZBRmpvWkVDR0FFdjlaRUJFQUZtdFYwQnBBVUdOWFVDL0FVRUVTVUNVQVZJRVBFQzJBVk54UElDY0FMV3VaSUN1QUxtM1pFQ05BSnF4UTBDVUFJM0dRMENYQVBnaFYwQlZBS0RPWkVCZkFQcUhYVUJEQUtlL1pJQjlBRzN4WFVEUEFJYlpVRUJjQUdZaFpFQ0lBU2dIWFlCSkFHQW5WMERqQVI0akcwREtBVHFKSVVDR0FER1NaRURTQVVZR0lVQXhBRCtuVjBDWEFLK29TVUJvQUxyNlE0Q1NBT3VLWFVDaUFJdk5aRUM5QUp6UVpJQk5BTGJUWFVCQkFMNjhWMENlQUhEWlpFQ3dBSFBhWkVCUkFQd0hVSUJIQUhXMlhVRFhBUkFVRFVDNEFTNEhaRURYQVMwQ1EwQ1lBREw0WkVDc0FVenVQRUJrQUNnUlpBQUENCgkJPC9CREI-DQoJPC9CSVI-DQoJPEJJUj4NCgkJPEJJUkluZm8-DQoJCQk8SW50ZWdyaXR5PmZhbHNlPC9JbnRlZ3JpdHk-DQoJCTwvQklSSW5mbz4NCgkJPEJEQkluZm8-DQoJCQk8Rm9ybWF0T3duZXI-MjU3PC9Gb3JtYXRPd25lcj4NCgkJCTxGb3JtYXRUeXBlPjI8L0Zvcm1hdFR5cGU-DQoJCQk8Q3JlYXRpb25EYXRlPjIwMTktMDEtMjlUMTk6MTE6MzMuNDM0KzA1OjMwPC9DcmVhdGlvbkRhdGU-DQoJCQk8VHlwZT5GaW5nZXI8L1R5cGU-DQoJCQk8U3VidHlwZT5SaWdodCBUaHVtYjwvU3VidHlwZT4NCgkJCTxMZXZlbD5SYXc8L0xldmVsPg0KCQkJPFB1cnBvc2U-RW5yb2xsPC9QdXJwb3NlPg0KCQkJPFF1YWxpdHk-OTU8L1F1YWxpdHk-DQoJCTwvQkRCSW5mbz4NCgkJPEJEQj5SaWdodFRodW1iUmsxU0FDQXlNQUFBQUFGY0FBQUJQQUZpQU1VQXhRRUFBQUFvTlVCOUFNRjBWNENCQUtCQlBFQzBBTDY4WklDNEFLak5aRUJpQUp2V1hVQlBBTlBXTlVEU0FLN1JVSUMyQVFJZlpFREpBUE14UEVCeUFHd1BYWUNwQVJZUFpFQ2ZBRmpvWkVDR0FFdjlaRUJFQUZtdFYwQnBBVUdOWFVDL0FVRUVTVUNVQVZJRVBFQzJBVk54UElDY0FMV3VaSUN1QUxtM1pFQ05BSnF4UTBDVUFJM0dRMENYQVBnaFYwQlZBS0RPWkVCZkFQcUhYVUJEQUtlL1pJQjlBRzN4WFVEUEFJYlpVRUJjQUdZaFpFQ0lBU2dIWFlCSkFHQW5WMERqQVI0akcwREtBVHFKSVVDR0FER1NaRURTQVVZR0lVQXhBRCtuVjBDWEFLK29TVUJvQUxyNlE0Q1NBT3VLWFVDaUFJdk5aRUM5QUp6UVpJQk5BTGJUWFVCQkFMNjhWMENlQUhEWlpFQ3dBSFBhWkVCUkFQd0hVSUJIQUhXMlhVRFhBUkFVRFVDNEFTNEhaRURYQVMwQ1EwQ1lBREw0WkVDc0FVenVQRUJrQUNnUlpBQUENCgkJPC9CREI-DQoJPC9CSVI-DQoJPEJJUj4NCgkJPEJJUkluZm8-DQoJCQk8SW50ZWdyaXR5PmZhbHNlPC9JbnRlZ3JpdHk-DQoJCTwvQklSSW5mbz4NCgkJPEJEQkluZm8-DQoJCQk8Rm9ybWF0T3duZXI-MjU3PC9Gb3JtYXRPd25lcj4NCgkJCTxGb3JtYXRUeXBlPjI8L0Zvcm1hdFR5cGU-DQoJCQk8Q3JlYXRpb25EYXRlPjIwMTktMDEtMjlUMTk6MTE6MzMuNDM0KzA1OjMwPC9DcmVhdGlvbkRhdGU-DQoJCQk8VHlwZT5GaW5nZXI8L1R5cGU-DQoJCQk8U3VidHlwZT5MZWZ0IFRodW1iPC9TdWJ0eXBlPg0KCQkJPExldmVsPlJhdzwvTGV2ZWw-DQoJCQk8UHVycG9zZT5FbnJvbGw8L1B1cnBvc2U-DQoJCQk8UXVhbGl0eT45NTwvUXVhbGl0eT4NCgkJPC9CREJJbmZvPg0KCQk8QkRCPkxlZnRUaHVtYlJrMVNBQ0F5TUFBQUFBRmNBQUFCUEFGaUFNVUF4UUVBQUFBb05VQjlBTUYwVjRDQkFLQkJQRUMwQUw2OFpJQzRBS2pOWkVCaUFKdldYVUJQQU5QV05VRFNBSzdSVUlDMkFRSWZaRURKQVBNeFBFQnlBR3dQWFlDcEFSWVBaRUNmQUZqb1pFQ0dBRXY5WkVCRUFGbXRWMEJwQVVHTlhVQy9BVUVFU1VDVUFWSUVQRUMyQVZOeFBJQ2NBTFd1WklDdUFMbTNaRUNOQUpxeFEwQ1VBSTNHUTBDWEFQZ2hWMEJWQUtET1pFQmZBUHFIWFVCREFLZS9aSUI5QUczeFhVRFBBSWJaVUVCY0FHWWhaRUNJQVNnSFhZQkpBR0FuVjBEakFSNGpHMERLQVRxSklVQ0dBREdTWkVEU0FVWUdJVUF4QUQrblYwQ1hBSytvU1VCb0FMcjZRNENTQU91S1hVQ2lBSXZOWkVDOUFKelFaSUJOQUxiVFhVQkJBTDY4VjBDZUFIRFpaRUN3QUhQYVpFQlJBUHdIVUlCSEFIVzJYVURYQVJBVURVQzRBUzRIWkVEWEFTMENRMENZQURMNFpFQ3NBVXp1UEVCa0FDZ1JaQUFBDQoJCTwvQkRCPg0KCTwvQklSPg0KCTxCSVI-DQoJCTxCSVJJbmZvPg0KCQkJPEludGVncml0eT5mYWxzZTwvSW50ZWdyaXR5Pg0KCQk8L0JJUkluZm8-DQoJCTxCREJJbmZvPg0KCQkJPEZvcm1hdE93bmVyPjI1NzwvRm9ybWF0T3duZXI-DQoJCQk8Rm9ybWF0VHlwZT4yPC9Gb3JtYXRUeXBlPg0KCQkJPENyZWF0aW9uRGF0ZT4yMDE5LTAxLTI5VDE5OjExOjMzLjQzNCswNTozMDwvQ3JlYXRpb25EYXRlPg0KCQkJPFR5cGU-RmluZ2VyPC9UeXBlPg0KCQkJPFN1YnR5cGU-UmlnaHQgTWlkZGxlRmluZ2VyPC9TdWJ0eXBlPg0KCQkJPExldmVsPlJhdzwvTGV2ZWw-DQoJCQk8UHVycG9zZT5FbnJvbGw8L1B1cnBvc2U-DQoJCQk8UXVhbGl0eT45NTwvUXVhbGl0eT4NCgkJPC9CREJJbmZvPg0KCQk8QkRCPlJpZ2h0TWlkZGxlRmluZ2VyUmsxU0FDQXlNQUFBQUFGY0FBQUJQQUZpQU1VQXhRRUFBQUFvTlVCOUFNRjBWNENCQUtCQlBFQzBBTDY4WklDNEFLak5aRUJpQUp2V1hVQlBBTlBXTlVEU0FLN1JVSUMyQVFJZlpFREpBUE14UEVCeUFHd1BYWUNwQVJZUFpFQ2ZBRmpvWkVDR0FFdjlaRUJFQUZtdFYwQnBBVUdOWFVDL0FVRUVTVUNVQVZJRVBFQzJBVk54UElDY0FMV3VaSUN1QUxtM1pFQ05BSnF4UTBDVUFJM0dRMENYQVBnaFYwQlZBS0RPWkVCZkFQcUhYVUJEQUtlL1pJQjlBRzN4WFVEUEFJYlpVRUJjQUdZaFpFQ0lBU2dIWFlCSkFHQW5WMERqQVI0akcwREtBVHFKSVVDR0FER1NaRURTQVVZR0lVQXhBRCtuVjBDWEFLK29TVUJvQUxyNlE0Q1NBT3VLWFVDaUFJdk5aRUM5QUp6UVpJQk5BTGJUWFVCQkFMNjhWMENlQUhEWlpFQ3dBSFBhWkVCUkFQd0hVSUJIQUhXMlhVRFhBUkFVRFVDNEFTNEhaRURYQVMwQ1EwQ1lBREw0WkVDc0FVenVQRUJrQUNnUlpBQUENCgkJPC9CREI-DQoJPC9CSVI-DQoJPEJJUj4NCgkJPEJJUkluZm8-DQoJCQk8SW50ZWdyaXR5PmZhbHNlPC9JbnRlZ3JpdHk-DQoJCTwvQklSSW5mbz4NCgkJPEJEQkluZm8-DQoJCQk8Rm9ybWF0T3duZXI-MjU3PC9Gb3JtYXRPd25lcj4NCgkJCTxGb3JtYXRUeXBlPjI8L0Zvcm1hdFR5cGU-DQoJCQk8Q3JlYXRpb25EYXRlPjIwMTktMDEtMjlUMTk6MTE6MzMuNDM0KzA1OjMwPC9DcmVhdGlvbkRhdGU-DQoJCQk8VHlwZT5GaW5nZXI8L1R5cGU-DQoJCQk8U3VidHlwZT5MZWZ0IE1pZGRsZUZpbmdlcjwvU3VidHlwZT4NCgkJCTxMZXZlbD5SYXc8L0xldmVsPg0KCQkJPFB1cnBvc2U-RW5yb2xsPC9QdXJwb3NlPg0KCQkJPFF1YWxpdHk-OTU8L1F1YWxpdHk-DQoJCTwvQkRCSW5mbz4NCgkJPEJEQj5MZWZ0TWlkZGxlRmluZ2VyUmsxU0FDQXlNQUFBQUFGY0FBQUJQQUZpQU1VQXhRRUFBQUFvTlVCOUFNRjBWNENCQUtCQlBFQzBBTDY4WklDNEFLak5aRUJpQUp2V1hVQlBBTlBXTlVEU0FLN1JVSUMyQVFJZlpFREpBUE14UEVCeUFHd1BYWUNwQVJZUFpFQ2ZBRmpvWkVDR0FFdjlaRUJFQUZtdFYwQnBBVUdOWFVDL0FVRUVTVUNVQVZJRVBFQzJBVk54UElDY0FMV3VaSUN1QUxtM1pFQ05BSnF4UTBDVUFJM0dRMENYQVBnaFYwQlZBS0RPWkVCZkFQcUhYVUJEQUtlL1pJQjlBRzN4WFVEUEFJYlpVRUJjQUdZaFpFQ0lBU2dIWFlCSkFHQW5WMERqQVI0akcwREtBVHFKSVVDR0FER1NaRURTQVVZR0lVQXhBRCtuVjBDWEFLK29TVUJvQUxyNlE0Q1NBT3VLWFVDaUFJdk5aRUM5QUp6UVpJQk5BTGJUWFVCQkFMNjhWMENlQUhEWlpFQ3dBSFBhWkVCUkFQd0hVSUJIQUhXMlhVRFhBUkFVRFVDNEFTNEhaRURYQVMwQ1EwQ1lBREw0WkVDc0FVenVQRUJrQUNnUlpBQUENCgkJPC9CREI-DQoJPC9CSVI-DQoJPEJJUj4NCgkJPEJJUkluZm8-DQoJCQk8SW50ZWdyaXR5PmZhbHNlPC9JbnRlZ3JpdHk-DQoJCTwvQklSSW5mbz4NCgkJPEJEQkluZm8-DQoJCQk8Rm9ybWF0T3duZXI-MjU3PC9Gb3JtYXRPd25lcj4NCgkJCTxGb3JtYXRUeXBlPjI8L0Zvcm1hdFR5cGU-DQoJCQk8Q3JlYXRpb25EYXRlPjIwMTktMDEtMjlUMTk6MTE6MzMuNDM0KzA1OjMwPC9DcmVhdGlvbkRhdGU-DQoJCQk8VHlwZT5GaW5nZXI8L1R5cGU-DQoJCQk8U3VidHlwZT5SaWdodCBSaW5nRmluZ2VyPC9TdWJ0eXBlPg0KCQkJPExldmVsPlJhdzwvTGV2ZWw-DQoJCQk8UHVycG9zZT5FbnJvbGw8L1B1cnBvc2U-DQoJCQk8UXVhbGl0eT45NTwvUXVhbGl0eT4NCgkJPC9CREJJbmZvPg0KCQk8QkRCPlJpZ2h0UmluZ0ZpbmdlclJrMVNBQ0F5TUFBQUFBRmNBQUFCUEFGaUFNVUF4UUVBQUFBb05VQjlBTUYwVjRDQkFLQkJQRUMwQUw2OFpJQzRBS2pOWkVCaUFKdldYVUJQQU5QV05VRFNBSzdSVUlDMkFRSWZaRURKQVBNeFBFQnlBR3dQWFlDcEFSWVBaRUNmQUZqb1pFQ0dBRXY5WkVCRUFGbXRWMEJwQVVHTlhVQy9BVUVFU1VDVUFWSUVQRUMyQVZOeFBJQ2NBTFd1WklDdUFMbTNaRUNOQUpxeFEwQ1VBSTNHUTBDWEFQZ2hWMEJWQUtET1pFQmZBUHFIWFVCREFLZS9aSUI5QUczeFhVRFBBSWJaVUVCY0FHWWhaRUNJQVNnSFhZQkpBR0FuVjBEakFSNGpHMERLQVRxSklVQ0dBREdTWkVEU0FVWUdJVUF4QUQrblYwQ1hBSytvU1VCb0FMcjZRNENTQU91S1hVQ2lBSXZOWkVDOUFKelFaSUJOQUxiVFhVQkJBTDY4VjBDZUFIRFpaRUN3QUhQYVpFQlJBUHdIVUlCSEFIVzJYVURYQVJBVURVQzRBUzRIWkVEWEFTMENRMENZQURMNFpFQ3NBVXp1UEVCa0FDZ1JaQUFBDQoJCTwvQkRCPg0KCTwvQklSPg0KCTxCSVI-DQoJCTxCSVJJbmZvPg0KCQkJPEludGVncml0eT5mYWxzZTwvSW50ZWdyaXR5Pg0KCQk8L0JJUkluZm8-DQoJCTxCREJJbmZvPg0KCQkJPEZvcm1hdE93bmVyPjI1NzwvRm9ybWF0T3duZXI-DQoJCQk8Rm9ybWF0VHlwZT4yPC9Gb3JtYXRUeXBlPg0KCQkJPENyZWF0aW9uRGF0ZT4yMDE5LTAxLTI5VDE5OjExOjMzLjQzNCswNTozMDwvQ3JlYXRpb25EYXRlPg0KCQkJPFR5cGU-RmluZ2VyPC9UeXBlPg0KCQkJPFN1YnR5cGU-TGVmdCBSaW5nRmluZ2VyPC9TdWJ0eXBlPg0KCQkJPExldmVsPlJhdzwvTGV2ZWw-DQoJCQk8UHVycG9zZT5FbnJvbGw8L1B1cnBvc2U-DQoJCQk8UXVhbGl0eT45NTwvUXVhbGl0eT4NCgkJPC9CREJJbmZvPg0KCQk8QkRCPkxlZnRSaW5nRmluZ2VyUmsxU0FDQXlNQUFBQUFGY0FBQUJQQUZpQU1VQXhRRUFBQUFvTlVCOUFNRjBWNENCQUtCQlBFQzBBTDY4WklDNEFLak5aRUJpQUp2V1hVQlBBTlBXTlVEU0FLN1JVSUMyQVFJZlpFREpBUE14UEVCeUFHd1BYWUNwQVJZUFpFQ2ZBRmpvWkVDR0FFdjlaRUJFQUZtdFYwQnBBVUdOWFVDL0FVRUVTVUNVQVZJRVBFQzJBVk54UElDY0FMV3VaSUN1QUxtM1pFQ05BSnF4UTBDVUFJM0dRMENYQVBnaFYwQlZBS0RPWkVCZkFQcUhYVUJEQUtlL1pJQjlBRzN4WFVEUEFJYlpVRUJjQUdZaFpFQ0lBU2dIWFlCSkFHQW5WMERqQVI0akcwREtBVHFKSVVDR0FER1NaRURTQVVZR0lVQXhBRCtuVjBDWEFLK29TVUJvQUxyNlE0Q1NBT3VLWFVDaUFJdk5aRUM5QUp6UVpJQk5BTGJUWFVCQkFMNjhWMENlQUhEWlpFQ3dBSFBhWkVCUkFQd0hVSUJIQUhXMlhVRFhBUkFVRFVDNEFTNEhaRURYQVMwQ1EwQ1lBREw0WkVDc0FVenVQRUJrQUNnUlpBQUENCgkJPC9CREI-DQoJPC9CSVI-DQoJPEJJUj4NCgkJPEJJUkluZm8-DQoJCQk8SW50ZWdyaXR5PmZhbHNlPC9JbnRlZ3JpdHk-DQoJCTwvQklSSW5mbz4NCgkJPEJEQkluZm8-DQoJCQk8Rm9ybWF0T3duZXI-MjU3PC9Gb3JtYXRPd25lcj4NCgkJCTxGb3JtYXRUeXBlPjI8L0Zvcm1hdFR5cGU-DQoJCQk8Q3JlYXRpb25EYXRlPjIwMTktMDEtMjlUMTk6MTE6MzMuNDM0KzA1OjMwPC9DcmVhdGlvbkRhdGU-DQoJCQk8VHlwZT5GaW5nZXI8L1R5cGU-DQoJCQk8U3VidHlwZT5SaWdodCBMaXR0bGVGaW5nZXI8L1N1YnR5cGU-DQoJCQk8TGV2ZWw-UmF3PC9MZXZlbD4NCgkJCTxQdXJwb3NlPkVucm9sbDwvUHVycG9zZT4NCgkJCTxRdWFsaXR5Pjk1PC9RdWFsaXR5Pg0KCQk8L0JEQkluZm8-DQoJCTxCREI-UmlnaHRMaXR0bGVGaW5nZXJSazFTQUNBeU1BQUFBQUZjQUFBQlBBRmlBTVVBeFFFQUFBQW9OVUI5QU1GMFY0Q0JBS0JCUEVDMEFMNjhaSUM0QUtqTlpFQmlBSnZXWFVCUEFOUFdOVURTQUs3UlVJQzJBUUlmWkVESkFQTXhQRUJ5QUd3UFhZQ3BBUllQWkVDZkFGam9aRUNHQUV2OVpFQkVBRm10VjBCcEFVR05YVUMvQVVFRVNVQ1VBVklFUEVDMkFWTnhQSUNjQUxXdVpJQ3VBTG0zWkVDTkFKcXhRMENVQUkzR1EwQ1hBUGdoVjBCVkFLRE9aRUJmQVBxSFhVQkRBS2UvWklCOUFHM3hYVURQQUliWlVFQmNBR1loWkVDSUFTZ0hYWUJKQUdBblYwRGpBUjRqRzBES0FUcUpJVUNHQURHU1pFRFNBVVlHSVVBeEFEK25WMENYQUsrb1NVQm9BTHI2UTRDU0FPdUtYVUNpQUl2TlpFQzlBSnpRWklCTkFMYlRYVUJCQUw2OFYwQ2VBSERaWkVDd0FIUGFaRUJSQVB3SFVJQkhBSFcyWFVEWEFSQVVEVUM0QVM0SFpFRFhBUzBDUTBDWUFETDRaRUNzQVV6dVBFQmtBQ2dSWkFBQQ0KCQk8L0JEQj4NCgk8L0JJUj4NCgk8QklSPg0KCQk8QklSSW5mbz4NCgkJCTxJbnRlZ3JpdHk-ZmFsc2U8L0ludGVncml0eT4NCgkJPC9CSVJJbmZvPg0KCQk8QkRCSW5mbz4NCgkJCTxGb3JtYXRPd25lcj4yNTc8L0Zvcm1hdE93bmVyPg0KCQkJPEZvcm1hdFR5cGU-MjwvRm9ybWF0VHlwZT4NCgkJCTxDcmVhdGlvbkRhdGU-MjAxOS0wMS0yOVQxOToxMTozMy40MzQrMDU6MzA8L0NyZWF0aW9uRGF0ZT4NCgkJCTxUeXBlPkZpbmdlcjwvVHlwZT4NCgkJCTxTdWJ0eXBlPkxlZnQgTGl0dGxlRmluZ2VyPC9TdWJ0eXBlPg0KCQkJPExldmVsPlJhdzwvTGV2ZWw-DQoJCQk8UHVycG9zZT5FbnJvbGw8L1B1cnBvc2U-DQoJCQk8UXVhbGl0eT45NTwvUXVhbGl0eT4NCgkJPC9CREJJbmZvPg0KCQk8QkRCPlJrMVNBQ0F5TUFBQUFBRmNBQUFCUEFGaUFNVUF4UUVBQUFBb05VQjlBTUYwVjRDQkFLQkJQRUMwQUw2OFpJQzRBS2pOWkVCaUFKdldYVUJQQU5QV05VRFNBSzdSVUlDMkFRSWZaRURKQVBNeFBFQnlBR3dQWFlDcEFSWVBaRUNmQUZqb1pFQ0dBRXY5WkVCRUFGbXRWMEJwQVVHTlhVQy9BVUVFU1VDVUFWSUVQRUMyQVZOeFBJQ2NBTFd1WklDdUFMbTNaRUNOQUpxeFEwQ1VBSTNHUTBDWEFQZ2hWMEJWQUtET1pFQmZBUHFIWFVCREFLZS9aSUI5QUczeFhVRFBBSWJaVUVCY0FHWWhaRUNJQVNnSFhZQkpBR0FuVjBEakFSNGpHMERLQVRxSklVQ0dBREdTWkVEU0FVWUdJVUF4QUQrblYwQ1hBSytvU1VCb0FMcjZRNENTQU91S1hVQ2lBSXZOWkVDOUFKelFaSUJOQUxiVFhVQkJBTDY4VjBDZUFIRFpaRUN3QUhQYVpFQlJBUHdIVUlCSEFIVzJYVURYQVJBVURVQzRBUzRIWkVEWEFTMENRMENZQURMNFpFQ3NBVXp1UEVCa0FDZ1JaQUFBDQoJCTwvQkRCPg0KCTwvQklSPg0KCTxCSVI-DQoJCTxCSVJJbmZvPg0KCQkJPEludGVncml0eT5mYWxzZTwvSW50ZWdyaXR5Pg0KCQk8L0JJUkluZm8-DQoJCTxCREJJbmZvPg0KCQkJPEZvcm1hdE93bmVyPjI1NzwvRm9ybWF0T3duZXI-DQoJCQk8Rm9ybWF0VHlwZT45PC9Gb3JtYXRUeXBlPg0KCQkJPENyZWF0aW9uRGF0ZT4yMDE5LTAxLTI5VDE5OjExOjMzLjQzNCswNTozMDwvQ3JlYXRpb25EYXRlPg0KCQkJPFR5cGU-SXJpczwvVHlwZT4NCgkJCTxTdWJ0eXBlPlJpZ2h0PC9TdWJ0eXBlPg0KCQkJPExldmVsPlJhdzwvTGV2ZWw-DQoJCQk8UHVycG9zZT5FbnJvbGw8L1B1cnBvc2U-DQoJCQk8UXVhbGl0eT45NTwvUXVhbGl0eT4NCgkJPC9CREJJbmZvPg0KCQk8QkRCPklyaXNSaWdodGsxU0FDQXlNQUFBQUFFSUFBQUJQQUZpQU1VQXhRRUFBQUFvSjRDZUFLOU9WNENyQUs0OVpJQ1JBSXZPVjREQ0FMK3ZaSUJrQU1mVFpJQm9BSEd0WklEbUFNdThaSUJLQUd5d1pJQ0FBRU9PWkVESkFSVVVaSUFpQUlLcVVJQ2xBVEFJWkVBeUFEaVhYWUNoQUxoU1pJQ0lBSm5NWFlDRkFJeTNWNERPQUtGQlpJQlBBS0kyWklDK0FQYVZaSURXQUc3R1pJQ3VBUTRaWklBM0FIZXVaSUVJQU0vSlVFRUNBUFN0VjBEMkFRb3RWMERNQVVuOFY0Q2xBS0JMVjRDNUFLNnNaRUIxQUkwa1pFQ1NBSGFhWFlDTEFHR1FaRURyQUtURlpJRGlBRy9LWklCMUFReGpaSUJqQVJObFpJRHFBRmZSWkVCTUFSeHRVRUFvQUZ1Y1hVQkZBQlVRU1FBQQ0KCQk8L0JEQj4NCgk8L0JJUj4NCgk8QklSPg0KCQk8QklSSW5mbz4NCgkJCTxJbnRlZ3JpdHk-ZmFsc2U8L0ludGVncml0eT4NCgkJPC9CSVJJbmZvPg0KCQk8QkRCSW5mbz4NCgkJCTxGb3JtYXRPd25lcj4yNTc8L0Zvcm1hdE93bmVyPg0KCQkJPEZvcm1hdFR5cGU-OTwvRm9ybWF0VHlwZT4NCgkJCTxDcmVhdGlvbkRhdGU-MjAxOS0wMS0yOVQxOToxMTozMy40MzQrMDU6MzA8L0NyZWF0aW9uRGF0ZT4NCgkJCTxUeXBlPklyaXM8L1R5cGU-DQoJCQk8U3VidHlwZT5MZWZ0PC9TdWJ0eXBlPg0KCQkJPExldmVsPlJhdzwvTGV2ZWw-DQoJCQk8UHVycG9zZT5FbnJvbGw8L1B1cnBvc2U-DQoJCQk8UXVhbGl0eT45NTwvUXVhbGl0eT4NCgkJPC9CREJJbmZvPg0KCQk8QkRCPklyaXNMZWZ0azFTQUNBeU1BQUFBQUQyQUFBQlBBRmlBTVVBeFFFQUFBQW9KSUIvQU5OQ1NZQ0xBUEEwUTRDRUFQcFdVRUI3QUxXM1NVREFBUERBVjBEQ0FLbldaRURIQVEyd1hVQStBTXkvWklCTEFSYmVaRUJCQUpVa1pJQTVBSUNzWkVDWUFWUUZQSUNmQU11OFpJQjZBT3ROUTRDTEFQOGxVSUNvQVBxalpFREdBTXpKVjRDa0FSb29aRURhQU56VlBFQzZBU1FuVjRDa0FIN2laRUNWQUdud1pFQnRBR0dVWkVCWEFWQnlJWUNCQU8xQVEwQjdBTURHVUVDekFOTEFaSUI5QVFSaFVJQlNBTjdOWkVEUEFQelRWMEJ4QUl5Z1hZRFdBUXZSUTREY0FLYmNWNEFoQUtLcVhVQ0pBVlo3UElDUkFGRi9aQUFBDQoJCTwvQkRCPg0KCTwvQklSPg0KCTxCSVI-DQoJCTxCSVJJbmZvPg0KCQkJPEludGVncml0eT5mYWxzZTwvSW50ZWdyaXR5Pg0KCQk8L0JJUkluZm8-DQoJCTxCREJJbmZvPg0KCQkJPEZvcm1hdE93bmVyPjI1NzwvRm9ybWF0T3duZXI-DQoJCQk8Rm9ybWF0VHlwZT44PC9Gb3JtYXRUeXBlPg0KCQkJPENyZWF0aW9uRGF0ZT4yMDE5LTAxLTI5VDE5OjExOjMzLjQzNCswNTozMDwvQ3JlYXRpb25EYXRlPg0KCQkJPFR5cGU-RmFjZTwvVHlwZT4NCgkJCTxMZXZlbD5SYXc8L0xldmVsPg0KCQkJPFB1cnBvc2U-RW5yb2xsPC9QdXJwb3NlPg0KCQkJPFF1YWxpdHk-OTU8L1F1YWxpdHk-DQoJCTwvQkRCSW5mbz4NCgkJPEJEQj5SazFTQUNBeU1BQUFBQUZjQUFBQlBBRmlBTVVBeFFFQUFBQW9OVUI5QU1GMFY0Q0JBS0JCUEVDMEFMNjhaSUM0QUtqTlpFQmlBSnZXWFVCUEFOUFdOVURTQUs3UlVJQzJBUUlmWkVESkFQTXhQRUJ5QUd3UFhZQ3BBUllQWkVDZkFGam9aRUNHQUV2OVpFQkVBRm10VjBCcEFVR05YVUMvQVVFRVNVQ1VBVklFUEVDMkFWTnhQSUNjQUxXdVpJQ3VBTG0zWkVDTkFKcXhRMENVQUkzR1EwQ1hBUGdoVjBCVkFLRE9aRUJmQVBxSFhVQkRBS2UvWklCOUFHM3hYVURQQUliWlVFQmNBR1loWkVDSUFTZ0hYWUJKQUdBblYwRGpBUjRqRzBES0FUcUpJVUNHQURHU1pFRFNBVVlHSVVBeEFEK25WMENYQUsrb1NVQm9BTHI2UTRDU0FPdUtYVUNpQUl2TlpFQzlBSnpRWklCTkFMYlRYVUJCQUw2OFYwQ2VBSERaWkVDd0FIUGFaRUJSQVB3SFVJQkhBSFcyWFVEWEFSQVVEVUM0QVM0SFpFRFhBUzBDUTBDWUFETDRaRUNzQVV6dVBFQmtBQ2dSWkFBQQ0KCQk8L0JEQj4NCgk8L0JJUj4NCjwvQklSPg0K"
      }
    ],
    "identity": {
      "CNIENumber": "6789545678914",
      "IDSchemaVersion": 1.0,
      "UIN": 4138145749,
      "addressLine1": [
        {
          "language": "eng",
          "value": "Mount Read"
        },
        {
          "language": "ara",
          "value": "مُُنت رَِد"
        },
        {
          "language": "fra",
          "value": "Mount Read"
        }
      ],
      "addressLine2": [
        {
          "language": "eng",
          "value": "Mary Rose Street House"
        },
        {
          "language": "ara",
          "value": "مَري رُسِ سترِِت هُُسِ"
        },
        {
          "language": "fra",
          "value": "Mary Rose Street House"
        }
      ],
      "addressLine3": [
        {
          "language": "eng",
          "value": "Manali"
        },
        {
          "language": "ara",
          "value": "مَنَلِ"
        },
        {
          "language": "fra",
          "value": "Manali"
        }
      ],
      "age": 25,
      "city": [
        {
          "language": "eng",
          "value": "Kenitra"
        },
        {
          "language": "ara",
          "value": "القنيطرة"
        },
        {
          "language": "fra",
          "value": "Rabat"
        }
      ],
      "dateOfBirth": "1985/11/18",
      "email": "vignesh.vijayakumar@mindtree.com",
      "fullName": [
        {
          "language": "eng",
          "value": "Bala CC"
        },
        {
          "language": "ara",
          "value": "بَلَ كك"
        },
        {
          "language": "fra",
          "value": "Bala CC"
        }
      ],
      "gender": [
        {
          "language": "ara",
          "value": "الذكر"
        },
        {
          "language": "fra",
          "value": "Mâle"
        },
        {
          "language": "eng",
          "value": "Male"
        }
      ],
      "individualBiometrics": {
        "format": "cbeff",
        "value": "fileReferenceID",
        "version": 1.0
      },
      "localAdministrativeAuthority": [
        {
          "language": "eng",
          "value": "Mograne"
        },
        {
          "language": "ara",
          "value": "بن منصور"
        },
        {
          "language": "fra",
          "value": "Mograne"
        }
      ],
      "parentOrGuardianName": [
        {
          "language": "eng",
          "value": "Chitti Robo"
        },
        {
          "language": "ara",
          "value": "كهِتتِ رُبُ"
        },
        {
          "language": "fra",
          "value": "Chitti Robo"
        }
      ],
      "phone": "9383356546",
      "postalCode": "14000",
      "province": [
        {
          "language": "eng",
          "value": "Rabat"
        },
        {
          "language": "ara",
          "value": "الرباط"
        },
        {
          "language": "fra",
          "value": "Rabat"
        }
      ],
      "region": [
        {
          "language": "eng",
          "value": "Rabat Sale Kenitra"
        },
        {
          "language": "ara",
          "value": "جهة الرباط سلا القنيطرة"
        },
        {
          "language": "fra",
          "value": "Rabat-Salé-Kénitra"
        }
      ],
      "residenceStatus": "MOROCCO"
    },
    "registrationId": "27847657360002520190712185749"
  },
  "requesttime": "2019-07-12T13:27:49.824Z",
  "version": "v1"
}</textarea></pre>]]>
    </line>
    <line>
      <![CDATA[<b><u>Actual Response Content: </u></b>(EndPointUrl: https://qa.mosip.io/idrepository/v1/identity/) <pre><textarea style='border:solid 1px white;' name='message' rows='20' cols='160' readonly='true'>{
  "id": "mosip.id.create",
  "version": "v1",
  "responsetime": "2019-07-12T13:28:10.519Z",
  "response": {
    "status": "ACTIVATED"
  },
  "errors": []
}</textarea></pre>]]>
    </line>
    <line>
      <![CDATA[<b> Output validation for: </b>D:\codeFreeze\mosip\e2etestrig\ida-automation\target\classes\MosipTemporaryTestResource\ida\UINData\CreateTestData\Authentication_Create_valid_uin_smoke_2_record\output-1-actual-res.json vs D:\codeFreeze\mosip\e2etestrig\ida-automation\target\classes\MosipTemporaryTestResource\ida\UINData\CreateTestData\Authentication_Create_valid_uin_smoke_2_record\output-1-expected-res.json]]>
    </line>
    <line>
      <![CDATA[<table width='90%' charset='UTF8'>
  <tr>
    <th>FieldName</th>
    <th>Expected Value</th> 
    <th>Actual Value</th>
    <th>Status</th>
  </tr>
  <tr>
    <td>metadata</td>
    <td>NOT VERIFIED</td>
    <td>null</td>
    <td bgcolor='LIGHTYELLOW'>WARNING</td>
  </tr>
  <tr>
    <td>response.identity</td>
    <td>NOT VERIFIED</td>
    <td>null</td>
    <td bgcolor='LIGHTYELLOW'>WARNING</td>
  </tr>
  <tr>
    <td>response.documents</td>
    <td>NOT VERIFIED</td>
    <td>null</td>
    <td bgcolor='LIGHTYELLOW'>WARNING</td>
  </tr>
  <tr>
    <td>id</td>
    <td>mosip.id.create</td>
    <td>mosip.id.create</td>
    <td bgcolor='Green'>PASS</td>
  </tr>
  <tr>
    <td>response.status</td>
    <td>ACTIVATED</td>
    <td>ACTIVATED</td>
    <td bgcolor='Green'>PASS</td>
  </tr>
</table>]]>
    </line>
    <line>
      <![CDATA[<b><u>UIN create request</u></b>]]>
    </line>
    <line>
      <![CDATA[<pre><textarea style='border:solid 1px white;' name='message' rows='20' cols='160' readonly='true'>{
  "id": "mosip.id.create",
  "request": {
    "documents": [
      {
        "category": "individualBiometrics",
        "value": "PD94bWwgdmVyc2lvbj0iMS4wIiBlbmNvZGluZz0iVVRGLTgiIHN0YW5kYWxvbmU9InllcyI_Pg0KPEJJUg0KCXhtbG5zPSJodHRwOi8vZG9jcy5vYXNpcy1vcGVuLm9yZy9iaWFzL25zL2JpYXNwYXRyb25mb3JtYXQtMS4wLyI-DQoJPFZlcnNpb24-DQoJCTxNYWpvcj4xPC9NYWpvcj4NCgkJPE1pbm9yPjE8L01pbm9yPg0KCTwvVmVyc2lvbj4NCgk8Q0JFRkZWZXJzaW9uPg0KCQk8TWFqb3I-MTwvTWFqb3I-DQoJCTxNaW5vcj4xPC9NaW5vcj4NCgk8L0NCRUZGVmVyc2lvbj4NCgk8QklSSW5mbz4NCgkJPEludGVncml0eT5mYWxzZTwvSW50ZWdyaXR5Pg0KCTwvQklSSW5mbz4NCgk8QklSPg0KCQk8QklSSW5mbz4NCgkJCTxJbnRlZ3JpdHk-ZmFsc2U8L0ludGVncml0eT4NCgkJPC9CSVJJbmZvPg0KCQk8QkRCSW5mbz4NCgkJCTxGb3JtYXRPd25lcj4yNTc8L0Zvcm1hdE93bmVyPg0KCQkJPEZvcm1hdFR5cGU-MjwvRm9ybWF0VHlwZT4NCgkJCTxDcmVhdGlvbkRhdGU-MjAxOS0wMS0yOVQxOToxMTozMy40MzErMDU6MzA8L0NyZWF0aW9uRGF0ZT4NCgkJCTxUeXBlPkZpbmdlcjwvVHlwZT4NCgkJCTxTdWJ0eXBlPlJpZ2h0IEluZGV4RmluZ2VyPC9TdWJ0eXBlPg0KCQkJPExldmVsPlJhdzwvTGV2ZWw-DQoJCQk8UHVycG9zZT5FbnJvbGw8L1B1cnBvc2U-DQoJCQk8UXVhbGl0eT45NTwvUXVhbGl0eT4NCgkJPC9CREJJbmZvPg0KCQk8QkRCPlJpZ2h0SW5kZXhGaW5nZXJSazFTQUNBeU1BQUFBQUZjQUFBQlBBRmlBTVVBeFFFQUFBQW9OVUN0QU12bFpJQ1JBT2xYWFlEQkFQQnFaRUNrQUtQV1hZRFpBTjlvWkVCekFNWFJTWUM2QUpOY1Y0RE1BSmRaWFVEcEFPOXpaSUJ5QVFKbVpFQ0RBSkM3WklEZkFRNTZYVUJlQVBaZ1YwQmhBSnd5VjBEVkFTc0JYVUVFQUovUlpFQlpBSXE2VUVDK0FWVjdTVUNqQU9oZVhVQ0hBTm5jVjBERkFLNWNYVURaQU5KZlhVQjNBTkJSU1VDZEFKcktYVUNKQUp2RVhVQ3hBUTkxWFVDakFSajdYWUN1QUlYZVY0Q1VBSUM0WklEUkFScjNYVURGQUg1alYwQm9BSkcxWkVEY0FTV0NVRURXQUhGZlpFQm5BU3A0U1VEaEFWZDFGRUNNQUx6V1YwREtBTHhZWFVDd0FLYmZWMERTQU9wc1pFQ0FBSzg5VjRDU0FRZHBaSUNwQUpQV1YwRG9BT1JpWFVDbUFJYXpWMEN4QVJ0N1hVQ0RBUnAwWkVEOUFOTlRaSURoQUl6U1pJQ1NBSFNqWklCWEFRcHhVRUNnQUdhSVhZQ0JBVUovWkFBQQ0KCQk8L0JEQj4NCgk8L0JJUj4NCgk8QklSPg0KCQk8QklSSW5mbz4NCgkJCTxJbnRlZ3JpdHk-ZmFsc2U8L0ludGVncml0eT4NCgkJPC9CSVJJbmZvPg0KCQk8QkRCSW5mbz4NCgkJCTxGb3JtYXRPd25lcj4yNTc8L0Zvcm1hdE93bmVyPg0KCQkJPEZvcm1hdFR5cGU-MjwvRm9ybWF0VHlwZT4NCgkJCTxDcmVhdGlvbkRhdGU-MjAxOS0wMS0yOVQxOToxMTozMy40MzQrMDU6MzA8L0NyZWF0aW9uRGF0ZT4NCgkJCTxUeXBlPkZpbmdlcjwvVHlwZT4NCgkJCTxTdWJ0eXBlPkxlZnQgSW5kZXhGaW5nZXI8L1N1YnR5cGU-DQoJCQk8TGV2ZWw-UmF3PC9MZXZlbD4NCgkJCTxQdXJwb3NlPkVucm9sbDwvUHVycG9zZT4NCgkJCTxRdWFsaXR5Pjk1PC9RdWFsaXR5Pg0KCQk8L0JEQkluZm8-DQoJCTxCREI-TGVmdEluZGV4RmluZ2VyUmsxU0FDQXlNQUFBQUFGY0FBQUJQQUZpQU1VQXhRRUFBQUFvTlVCOUFNRjBWNENCQUtCQlBFQzBBTDY4WklDNEFLak5aRUJpQUp2V1hVQlBBTlBXTlVEU0FLN1JVSUMyQVFJZlpFREpBUE14UEVCeUFHd1BYWUNwQVJZUFpFQ2ZBRmpvWkVDR0FFdjlaRUJFQUZtdFYwQnBBVUdOWFVDL0FVRUVTVUNVQVZJRVBFQzJBVk54UElDY0FMV3VaSUN1QUxtM1pFQ05BSnF4UTBDVUFJM0dRMENYQVBnaFYwQlZBS0RPWkVCZkFQcUhYVUJEQUtlL1pJQjlBRzN4WFVEUEFJYlpVRUJjQUdZaFpFQ0lBU2dIWFlCSkFHQW5WMERqQVI0akcwREtBVHFKSVVDR0FER1NaRURTQVVZR0lVQXhBRCtuVjBDWEFLK29TVUJvQUxyNlE0Q1NBT3VLWFVDaUFJdk5aRUM5QUp6UVpJQk5BTGJUWFVCQkFMNjhWMENlQUhEWlpFQ3dBSFBhWkVCUkFQd0hVSUJIQUhXMlhVRFhBUkFVRFVDNEFTNEhaRURYQVMwQ1EwQ1lBREw0WkVDc0FVenVQRUJrQUNnUlpBQUENCgkJPC9CREI-DQoJPC9CSVI-DQoJPEJJUj4NCgkJPEJJUkluZm8-DQoJCQk8SW50ZWdyaXR5PmZhbHNlPC9JbnRlZ3JpdHk-DQoJCTwvQklSSW5mbz4NCgkJPEJEQkluZm8-DQoJCQk8Rm9ybWF0T3duZXI-MjU3PC9Gb3JtYXRPd25lcj4NCgkJCTxGb3JtYXRUeXBlPjI8L0Zvcm1hdFR5cGU-DQoJCQk8Q3JlYXRpb25EYXRlPjIwMTktMDEtMjlUMTk6MTE6MzMuNDM0KzA1OjMwPC9DcmVhdGlvbkRhdGU-DQoJCQk8VHlwZT5GaW5nZXI8L1R5cGU-DQoJCQk8U3VidHlwZT5SaWdodCBUaHVtYjwvU3VidHlwZT4NCgkJCTxMZXZlbD5SYXc8L0xldmVsPg0KCQkJPFB1cnBvc2U-RW5yb2xsPC9QdXJwb3NlPg0KCQkJPFF1YWxpdHk-OTU8L1F1YWxpdHk-DQoJCTwvQkRCSW5mbz4NCgkJPEJEQj5SaWdodFRodW1iUmsxU0FDQXlNQUFBQUFGY0FBQUJQQUZpQU1VQXhRRUFBQUFvTlVCOUFNRjBWNENCQUtCQlBFQzBBTDY4WklDNEFLak5aRUJpQUp2V1hVQlBBTlBXTlVEU0FLN1JVSUMyQVFJZlpFREpBUE14UEVCeUFHd1BYWUNwQVJZUFpFQ2ZBRmpvWkVDR0FFdjlaRUJFQUZtdFYwQnBBVUdOWFVDL0FVRUVTVUNVQVZJRVBFQzJBVk54UElDY0FMV3VaSUN1QUxtM1pFQ05BSnF4UTBDVUFJM0dRMENYQVBnaFYwQlZBS0RPWkVCZkFQcUhYVUJEQUtlL1pJQjlBRzN4WFVEUEFJYlpVRUJjQUdZaFpFQ0lBU2dIWFlCSkFHQW5WMERqQVI0akcwREtBVHFKSVVDR0FER1NaRURTQVVZR0lVQXhBRCtuVjBDWEFLK29TVUJvQUxyNlE0Q1NBT3VLWFVDaUFJdk5aRUM5QUp6UVpJQk5BTGJUWFVCQkFMNjhWMENlQUhEWlpFQ3dBSFBhWkVCUkFQd0hVSUJIQUhXMlhVRFhBUkFVRFVDNEFTNEhaRURYQVMwQ1EwQ1lBREw0WkVDc0FVenVQRUJrQUNnUlpBQUENCgkJPC9CREI-DQoJPC9CSVI-DQoJPEJJUj4NCgkJPEJJUkluZm8-DQoJCQk8SW50ZWdyaXR5PmZhbHNlPC9JbnRlZ3JpdHk-DQoJCTwvQklSSW5mbz4NCgkJPEJEQkluZm8-DQoJCQk8Rm9ybWF0T3duZXI-MjU3PC9Gb3JtYXRPd25lcj4NCgkJCTxGb3JtYXRUeXBlPjI8L0Zvcm1hdFR5cGU-DQoJCQk8Q3JlYXRpb25EYXRlPjIwMTktMDEtMjlUMTk6MTE6MzMuNDM0KzA1OjMwPC9DcmVhdGlvbkRhdGU-DQoJCQk8VHlwZT5GaW5nZXI8L1R5cGU-DQoJCQk8U3VidHlwZT5MZWZ0IFRodW1iPC9TdWJ0eXBlPg0KCQkJPExldmVsPlJhdzwvTGV2ZWw-DQoJCQk8UHVycG9zZT5FbnJvbGw8L1B1cnBvc2U-DQoJCQk8UXVhbGl0eT45NTwvUXVhbGl0eT4NCgkJPC9CREJJbmZvPg0KCQk8QkRCPkxlZnRUaHVtYlJrMVNBQ0F5TUFBQUFBRmNBQUFCUEFGaUFNVUF4UUVBQUFBb05VQjlBTUYwVjRDQkFLQkJQRUMwQUw2OFpJQzRBS2pOWkVCaUFKdldYVUJQQU5QV05VRFNBSzdSVUlDMkFRSWZaRURKQVBNeFBFQnlBR3dQWFlDcEFSWVBaRUNmQUZqb1pFQ0dBRXY5WkVCRUFGbXRWMEJwQVVHTlhVQy9BVUVFU1VDVUFWSUVQRUMyQVZOeFBJQ2NBTFd1WklDdUFMbTNaRUNOQUpxeFEwQ1VBSTNHUTBDWEFQZ2hWMEJWQUtET1pFQmZBUHFIWFVCREFLZS9aSUI5QUczeFhVRFBBSWJaVUVCY0FHWWhaRUNJQVNnSFhZQkpBR0FuVjBEakFSNGpHMERLQVRxSklVQ0dBREdTWkVEU0FVWUdJVUF4QUQrblYwQ1hBSytvU1VCb0FMcjZRNENTQU91S1hVQ2lBSXZOWkVDOUFKelFaSUJOQUxiVFhVQkJBTDY4VjBDZUFIRFpaRUN3QUhQYVpFQlJBUHdIVUlCSEFIVzJYVURYQVJBVURVQzRBUzRIWkVEWEFTMENRMENZQURMNFpFQ3NBVXp1UEVCa0FDZ1JaQUFBDQoJCTwvQkRCPg0KCTwvQklSPg0KCTxCSVI-DQoJCTxCSVJJbmZvPg0KCQkJPEludGVncml0eT5mYWxzZTwvSW50ZWdyaXR5Pg0KCQk8L0JJUkluZm8-DQoJCTxCREJJbmZvPg0KCQkJPEZvcm1hdE93bmVyPjI1NzwvRm9ybWF0T3duZXI-DQoJCQk8Rm9ybWF0VHlwZT4yPC9Gb3JtYXRUeXBlPg0KCQkJPENyZWF0aW9uRGF0ZT4yMDE5LTAxLTI5VDE5OjExOjMzLjQzNCswNTozMDwvQ3JlYXRpb25EYXRlPg0KCQkJPFR5cGU-RmluZ2VyPC9UeXBlPg0KCQkJPFN1YnR5cGU-UmlnaHQgTWlkZGxlRmluZ2VyPC9TdWJ0eXBlPg0KCQkJPExldmVsPlJhdzwvTGV2ZWw-DQoJCQk8UHVycG9zZT5FbnJvbGw8L1B1cnBvc2U-DQoJCQk8UXVhbGl0eT45NTwvUXVhbGl0eT4NCgkJPC9CREJJbmZvPg0KCQk8QkRCPlJpZ2h0TWlkZGxlRmluZ2VyUmsxU0FDQXlNQUFBQUFGY0FBQUJQQUZpQU1VQXhRRUFBQUFvTlVCOUFNRjBWNENCQUtCQlBFQzBBTDY4WklDNEFLak5aRUJpQUp2V1hVQlBBTlBXTlVEU0FLN1JVSUMyQVFJZlpFREpBUE14UEVCeUFHd1BYWUNwQVJZUFpFQ2ZBRmpvWkVDR0FFdjlaRUJFQUZtdFYwQnBBVUdOWFVDL0FVRUVTVUNVQVZJRVBFQzJBVk54UElDY0FMV3VaSUN1QUxtM1pFQ05BSnF4UTBDVUFJM0dRMENYQVBnaFYwQlZBS0RPWkVCZkFQcUhYVUJEQUtlL1pJQjlBRzN4WFVEUEFJYlpVRUJjQUdZaFpFQ0lBU2dIWFlCSkFHQW5WMERqQVI0akcwREtBVHFKSVVDR0FER1NaRURTQVVZR0lVQXhBRCtuVjBDWEFLK29TVUJvQUxyNlE0Q1NBT3VLWFVDaUFJdk5aRUM5QUp6UVpJQk5BTGJUWFVCQkFMNjhWMENlQUhEWlpFQ3dBSFBhWkVCUkFQd0hVSUJIQUhXMlhVRFhBUkFVRFVDNEFTNEhaRURYQVMwQ1EwQ1lBREw0WkVDc0FVenVQRUJrQUNnUlpBQUENCgkJPC9CREI-DQoJPC9CSVI-DQoJPEJJUj4NCgkJPEJJUkluZm8-DQoJCQk8SW50ZWdyaXR5PmZhbHNlPC9JbnRlZ3JpdHk-DQoJCTwvQklSSW5mbz4NCgkJPEJEQkluZm8-DQoJCQk8Rm9ybWF0T3duZXI-MjU3PC9Gb3JtYXRPd25lcj4NCgkJCTxGb3JtYXRUeXBlPjI8L0Zvcm1hdFR5cGU-DQoJCQk8Q3JlYXRpb25EYXRlPjIwMTktMDEtMjlUMTk6MTE6MzMuNDM0KzA1OjMwPC9DcmVhdGlvbkRhdGU-DQoJCQk8VHlwZT5GaW5nZXI8L1R5cGU-DQoJCQk8U3VidHlwZT5MZWZ0IE1pZGRsZUZpbmdlcjwvU3VidHlwZT4NCgkJCTxMZXZlbD5SYXc8L0xldmVsPg0KCQkJPFB1cnBvc2U-RW5yb2xsPC9QdXJwb3NlPg0KCQkJPFF1YWxpdHk-OTU8L1F1YWxpdHk-DQoJCTwvQkRCSW5mbz4NCgkJPEJEQj5MZWZ0TWlkZGxlRmluZ2VyUmsxU0FDQXlNQUFBQUFGY0FBQUJQQUZpQU1VQXhRRUFBQUFvTlVCOUFNRjBWNENCQUtCQlBFQzBBTDY4WklDNEFLak5aRUJpQUp2V1hVQlBBTlBXTlVEU0FLN1JVSUMyQVFJZlpFREpBUE14UEVCeUFHd1BYWUNwQVJZUFpFQ2ZBRmpvWkVDR0FFdjlaRUJFQUZtdFYwQnBBVUdOWFVDL0FVRUVTVUNVQVZJRVBFQzJBVk54UElDY0FMV3VaSUN1QUxtM1pFQ05BSnF4UTBDVUFJM0dRMENYQVBnaFYwQlZBS0RPWkVCZkFQcUhYVUJEQUtlL1pJQjlBRzN4WFVEUEFJYlpVRUJjQUdZaFpFQ0lBU2dIWFlCSkFHQW5WMERqQVI0akcwREtBVHFKSVVDR0FER1NaRURTQVVZR0lVQXhBRCtuVjBDWEFLK29TVUJvQUxyNlE0Q1NBT3VLWFVDaUFJdk5aRUM5QUp6UVpJQk5BTGJUWFVCQkFMNjhWMENlQUhEWlpFQ3dBSFBhWkVCUkFQd0hVSUJIQUhXMlhVRFhBUkFVRFVDNEFTNEhaRURYQVMwQ1EwQ1lBREw0WkVDc0FVenVQRUJrQUNnUlpBQUENCgkJPC9CREI-DQoJPC9CSVI-DQoJPEJJUj4NCgkJPEJJUkluZm8-DQoJCQk8SW50ZWdyaXR5PmZhbHNlPC9JbnRlZ3JpdHk-DQoJCTwvQklSSW5mbz4NCgkJPEJEQkluZm8-DQoJCQk8Rm9ybWF0T3duZXI-MjU3PC9Gb3JtYXRPd25lcj4NCgkJCTxGb3JtYXRUeXBlPjI8L0Zvcm1hdFR5cGU-DQoJCQk8Q3JlYXRpb25EYXRlPjIwMTktMDEtMjlUMTk6MTE6MzMuNDM0KzA1OjMwPC9DcmVhdGlvbkRhdGU-DQoJCQk8VHlwZT5GaW5nZXI8L1R5cGU-DQoJCQk8U3VidHlwZT5SaWdodCBSaW5nRmluZ2VyPC9TdWJ0eXBlPg0KCQkJPExldmVsPlJhdzwvTGV2ZWw-DQoJCQk8UHVycG9zZT5FbnJvbGw8L1B1cnBvc2U-DQoJCQk8UXVhbGl0eT45NTwvUXVhbGl0eT4NCgkJPC9CREJJbmZvPg0KCQk8QkRCPlJpZ2h0UmluZ0ZpbmdlclJrMVNBQ0F5TUFBQUFBRmNBQUFCUEFGaUFNVUF4UUVBQUFBb05VQjlBTUYwVjRDQkFLQkJQRUMwQUw2OFpJQzRBS2pOWkVCaUFKdldYVUJQQU5QV05VRFNBSzdSVUlDMkFRSWZaRURKQVBNeFBFQnlBR3dQWFlDcEFSWVBaRUNmQUZqb1pFQ0dBRXY5WkVCRUFGbXRWMEJwQVVHTlhVQy9BVUVFU1VDVUFWSUVQRUMyQVZOeFBJQ2NBTFd1WklDdUFMbTNaRUNOQUpxeFEwQ1VBSTNHUTBDWEFQZ2hWMEJWQUtET1pFQmZBUHFIWFVCREFLZS9aSUI5QUczeFhVRFBBSWJaVUVCY0FHWWhaRUNJQVNnSFhZQkpBR0FuVjBEakFSNGpHMERLQVRxSklVQ0dBREdTWkVEU0FVWUdJVUF4QUQrblYwQ1hBSytvU1VCb0FMcjZRNENTQU91S1hVQ2lBSXZOWkVDOUFKelFaSUJOQUxiVFhVQkJBTDY4VjBDZUFIRFpaRUN3QUhQYVpFQlJBUHdIVUlCSEFIVzJYVURYQVJBVURVQzRBUzRIWkVEWEFTMENRMENZQURMNFpFQ3NBVXp1UEVCa0FDZ1JaQUFBDQoJCTwvQkRCPg0KCTwvQklSPg0KCTxCSVI-DQoJCTxCSVJJbmZvPg0KCQkJPEludGVncml0eT5mYWxzZTwvSW50ZWdyaXR5Pg0KCQk8L0JJUkluZm8-DQoJCTxCREJJbmZvPg0KCQkJPEZvcm1hdE93bmVyPjI1NzwvRm9ybWF0T3duZXI-DQoJCQk8Rm9ybWF0VHlwZT4yPC9Gb3JtYXRUeXBlPg0KCQkJPENyZWF0aW9uRGF0ZT4yMDE5LTAxLTI5VDE5OjExOjMzLjQzNCswNTozMDwvQ3JlYXRpb25EYXRlPg0KCQkJPFR5cGU-RmluZ2VyPC9UeXBlPg0KCQkJPFN1YnR5cGU-TGVmdCBSaW5nRmluZ2VyPC9TdWJ0eXBlPg0KCQkJPExldmVsPlJhdzwvTGV2ZWw-DQoJCQk8UHVycG9zZT5FbnJvbGw8L1B1cnBvc2U-DQoJCQk8UXVhbGl0eT45NTwvUXVhbGl0eT4NCgkJPC9CREJJbmZvPg0KCQk8QkRCPkxlZnRSaW5nRmluZ2VyUmsxU0FDQXlNQUFBQUFGY0FBQUJQQUZpQU1VQXhRRUFBQUFvTlVCOUFNRjBWNENCQUtCQlBFQzBBTDY4WklDNEFLak5aRUJpQUp2V1hVQlBBTlBXTlVEU0FLN1JVSUMyQVFJZlpFREpBUE14UEVCeUFHd1BYWUNwQVJZUFpFQ2ZBRmpvWkVDR0FFdjlaRUJFQUZtdFYwQnBBVUdOWFVDL0FVRUVTVUNVQVZJRVBFQzJBVk54UElDY0FMV3VaSUN1QUxtM1pFQ05BSnF4UTBDVUFJM0dRMENYQVBnaFYwQlZBS0RPWkVCZkFQcUhYVUJEQUtlL1pJQjlBRzN4WFVEUEFJYlpVRUJjQUdZaFpFQ0lBU2dIWFlCSkFHQW5WMERqQVI0akcwREtBVHFKSVVDR0FER1NaRURTQVVZR0lVQXhBRCtuVjBDWEFLK29TVUJvQUxyNlE0Q1NBT3VLWFVDaUFJdk5aRUM5QUp6UVpJQk5BTGJUWFVCQkFMNjhWMENlQUhEWlpFQ3dBSFBhWkVCUkFQd0hVSUJIQUhXMlhVRFhBUkFVRFVDNEFTNEhaRURYQVMwQ1EwQ1lBREw0WkVDc0FVenVQRUJrQUNnUlpBQUENCgkJPC9CREI-DQoJPC9CSVI-DQoJPEJJUj4NCgkJPEJJUkluZm8-DQoJCQk8SW50ZWdyaXR5PmZhbHNlPC9JbnRlZ3JpdHk-DQoJCTwvQklSSW5mbz4NCgkJPEJEQkluZm8-DQoJCQk8Rm9ybWF0T3duZXI-MjU3PC9Gb3JtYXRPd25lcj4NCgkJCTxGb3JtYXRUeXBlPjI8L0Zvcm1hdFR5cGU-DQoJCQk8Q3JlYXRpb25EYXRlPjIwMTktMDEtMjlUMTk6MTE6MzMuNDM0KzA1OjMwPC9DcmVhdGlvbkRhdGU-DQoJCQk8VHlwZT5GaW5nZXI8L1R5cGU-DQoJCQk8U3VidHlwZT5SaWdodCBMaXR0bGVGaW5nZXI8L1N1YnR5cGU-DQoJCQk8TGV2ZWw-UmF3PC9MZXZlbD4NCgkJCTxQdXJwb3NlPkVucm9sbDwvUHVycG9zZT4NCgkJCTxRdWFsaXR5Pjk1PC9RdWFsaXR5Pg0KCQk8L0JEQkluZm8-DQoJCTxCREI-UmlnaHRMaXR0bGVGaW5nZXJSazFTQUNBeU1BQUFBQUZjQUFBQlBBRmlBTVVBeFFFQUFBQW9OVUI5QU1GMFY0Q0JBS0JCUEVDMEFMNjhaSUM0QUtqTlpFQmlBSnZXWFVCUEFOUFdOVURTQUs3UlVJQzJBUUlmWkVESkFQTXhQRUJ5QUd3UFhZQ3BBUllQWkVDZkFGam9aRUNHQUV2OVpFQkVBRm10VjBCcEFVR05YVUMvQVVFRVNVQ1VBVklFUEVDMkFWTnhQSUNjQUxXdVpJQ3VBTG0zWkVDTkFKcXhRMENVQUkzR1EwQ1hBUGdoVjBCVkFLRE9aRUJmQVBxSFhVQkRBS2UvWklCOUFHM3hYVURQQUliWlVFQmNBR1loWkVDSUFTZ0hYWUJKQUdBblYwRGpBUjRqRzBES0FUcUpJVUNHQURHU1pFRFNBVVlHSVVBeEFEK25WMENYQUsrb1NVQm9BTHI2UTRDU0FPdUtYVUNpQUl2TlpFQzlBSnpRWklCTkFMYlRYVUJCQUw2OFYwQ2VBSERaWkVDd0FIUGFaRUJSQVB3SFVJQkhBSFcyWFVEWEFSQVVEVUM0QVM0SFpFRFhBUzBDUTBDWUFETDRaRUNzQVV6dVBFQmtBQ2dSWkFBQQ0KCQk8L0JEQj4NCgk8L0JJUj4NCgk8QklSPg0KCQk8QklSSW5mbz4NCgkJCTxJbnRlZ3JpdHk-ZmFsc2U8L0ludGVncml0eT4NCgkJPC9CSVJJbmZvPg0KCQk8QkRCSW5mbz4NCgkJCTxGb3JtYXRPd25lcj4yNTc8L0Zvcm1hdE93bmVyPg0KCQkJPEZvcm1hdFR5cGU-MjwvRm9ybWF0VHlwZT4NCgkJCTxDcmVhdGlvbkRhdGU-MjAxOS0wMS0yOVQxOToxMTozMy40MzQrMDU6MzA8L0NyZWF0aW9uRGF0ZT4NCgkJCTxUeXBlPkZpbmdlcjwvVHlwZT4NCgkJCTxTdWJ0eXBlPkxlZnQgTGl0dGxlRmluZ2VyPC9TdWJ0eXBlPg0KCQkJPExldmVsPlJhdzwvTGV2ZWw-DQoJCQk8UHVycG9zZT5FbnJvbGw8L1B1cnBvc2U-DQoJCQk8UXVhbGl0eT45NTwvUXVhbGl0eT4NCgkJPC9CREJJbmZvPg0KCQk8QkRCPlJrMVNBQ0F5TUFBQUFBRmNBQUFCUEFGaUFNVUF4UUVBQUFBb05VQjlBTUYwVjRDQkFLQkJQRUMwQUw2OFpJQzRBS2pOWkVCaUFKdldYVUJQQU5QV05VRFNBSzdSVUlDMkFRSWZaRURKQVBNeFBFQnlBR3dQWFlDcEFSWVBaRUNmQUZqb1pFQ0dBRXY5WkVCRUFGbXRWMEJwQVVHTlhVQy9BVUVFU1VDVUFWSUVQRUMyQVZOeFBJQ2NBTFd1WklDdUFMbTNaRUNOQUpxeFEwQ1VBSTNHUTBDWEFQZ2hWMEJWQUtET1pFQmZBUHFIWFVCREFLZS9aSUI5QUczeFhVRFBBSWJaVUVCY0FHWWhaRUNJQVNnSFhZQkpBR0FuVjBEakFSNGpHMERLQVRxSklVQ0dBREdTWkVEU0FVWUdJVUF4QUQrblYwQ1hBSytvU1VCb0FMcjZRNENTQU91S1hVQ2lBSXZOWkVDOUFKelFaSUJOQUxiVFhVQkJBTDY4VjBDZUFIRFpaRUN3QUhQYVpFQlJBUHdIVUlCSEFIVzJYVURYQVJBVURVQzRBUzRIWkVEWEFTMENRMENZQURMNFpFQ3NBVXp1UEVCa0FDZ1JaQUFBDQoJCTwvQkRCPg0KCTwvQklSPg0KCTxCSVI-DQoJCTxCSVJJbmZvPg0KCQkJPEludGVncml0eT5mYWxzZTwvSW50ZWdyaXR5Pg0KCQk8L0JJUkluZm8-DQoJCTxCREJJbmZvPg0KCQkJPEZvcm1hdE93bmVyPjI1NzwvRm9ybWF0T3duZXI-DQoJCQk8Rm9ybWF0VHlwZT45PC9Gb3JtYXRUeXBlPg0KCQkJPENyZWF0aW9uRGF0ZT4yMDE5LTAxLTI5VDE5OjExOjMzLjQzNCswNTozMDwvQ3JlYXRpb25EYXRlPg0KCQkJPFR5cGU-SXJpczwvVHlwZT4NCgkJCTxTdWJ0eXBlPlJpZ2h0PC9TdWJ0eXBlPg0KCQkJPExldmVsPlJhdzwvTGV2ZWw-DQoJCQk8UHVycG9zZT5FbnJvbGw8L1B1cnBvc2U-DQoJCQk8UXVhbGl0eT45NTwvUXVhbGl0eT4NCgkJPC9CREJJbmZvPg0KCQk8QkRCPklyaXNSaWdodGsxU0FDQXlNQUFBQUFFSUFBQUJQQUZpQU1VQXhRRUFBQUFvSjRDZUFLOU9WNENyQUs0OVpJQ1JBSXZPVjREQ0FMK3ZaSUJrQU1mVFpJQm9BSEd0WklEbUFNdThaSUJLQUd5d1pJQ0FBRU9PWkVESkFSVVVaSUFpQUlLcVVJQ2xBVEFJWkVBeUFEaVhYWUNoQUxoU1pJQ0lBSm5NWFlDRkFJeTNWNERPQUtGQlpJQlBBS0kyWklDK0FQYVZaSURXQUc3R1pJQ3VBUTRaWklBM0FIZXVaSUVJQU0vSlVFRUNBUFN0VjBEMkFRb3RWMERNQVVuOFY0Q2xBS0JMVjRDNUFLNnNaRUIxQUkwa1pFQ1NBSGFhWFlDTEFHR1FaRURyQUtURlpJRGlBRy9LWklCMUFReGpaSUJqQVJObFpJRHFBRmZSWkVCTUFSeHRVRUFvQUZ1Y1hVQkZBQlVRU1FBQQ0KCQk8L0JEQj4NCgk8L0JJUj4NCgk8QklSPg0KCQk8QklSSW5mbz4NCgkJCTxJbnRlZ3JpdHk-ZmFsc2U8L0ludGVncml0eT4NCgkJPC9CSVJJbmZvPg0KCQk8QkRCSW5mbz4NCgkJCTxGb3JtYXRPd25lcj4yNTc8L0Zvcm1hdE93bmVyPg0KCQkJPEZvcm1hdFR5cGU-OTwvRm9ybWF0VHlwZT4NCgkJCTxDcmVhdGlvbkRhdGU-MjAxOS0wMS0yOVQxOToxMTozMy40MzQrMDU6MzA8L0NyZWF0aW9uRGF0ZT4NCgkJCTxUeXBlPklyaXM8L1R5cGU-DQoJCQk8U3VidHlwZT5MZWZ0PC9TdWJ0eXBlPg0KCQkJPExldmVsPlJhdzwvTGV2ZWw-DQoJCQk8UHVycG9zZT5FbnJvbGw8L1B1cnBvc2U-DQoJCQk8UXVhbGl0eT45NTwvUXVhbGl0eT4NCgkJPC9CREJJbmZvPg0KCQk8QkRCPklyaXNMZWZ0azFTQUNBeU1BQUFBQUQyQUFBQlBBRmlBTVVBeFFFQUFBQW9KSUIvQU5OQ1NZQ0xBUEEwUTRDRUFQcFdVRUI3QUxXM1NVREFBUERBVjBEQ0FLbldaRURIQVEyd1hVQStBTXkvWklCTEFSYmVaRUJCQUpVa1pJQTVBSUNzWkVDWUFWUUZQSUNmQU11OFpJQjZBT3ROUTRDTEFQOGxVSUNvQVBxalpFREdBTXpKVjRDa0FSb29aRURhQU56VlBFQzZBU1FuVjRDa0FIN2laRUNWQUdud1pFQnRBR0dVWkVCWEFWQnlJWUNCQU8xQVEwQjdBTURHVUVDekFOTEFaSUI5QVFSaFVJQlNBTjdOWkVEUEFQelRWMEJ4QUl5Z1hZRFdBUXZSUTREY0FLYmNWNEFoQUtLcVhVQ0pBVlo3UElDUkFGRi9aQUFBDQoJCTwvQkRCPg0KCTwvQklSPg0KCTxCSVI-DQoJCTxCSVJJbmZvPg0KCQkJPEludGVncml0eT5mYWxzZTwvSW50ZWdyaXR5Pg0KCQk8L0JJUkluZm8-DQoJCTxCREJJbmZvPg0KCQkJPEZvcm1hdE93bmVyPjI1NzwvRm9ybWF0T3duZXI-DQoJCQk8Rm9ybWF0VHlwZT44PC9Gb3JtYXRUeXBlPg0KCQkJPENyZWF0aW9uRGF0ZT4yMDE5LTAxLTI5VDE5OjExOjMzLjQzNCswNTozMDwvQ3JlYXRpb25EYXRlPg0KCQkJPFR5cGU-RmFjZTwvVHlwZT4NCgkJCTxMZXZlbD5SYXc8L0xldmVsPg0KCQkJPFB1cnBvc2U-RW5yb2xsPC9QdXJwb3NlPg0KCQkJPFF1YWxpdHk-OTU8L1F1YWxpdHk-DQoJCTwvQkRCSW5mbz4NCgkJPEJEQj5SazFTQUNBeU1BQUFBQUZjQUFBQlBBRmlBTVVBeFFFQUFBQW9OVUI5QU1GMFY0Q0JBS0JCUEVDMEFMNjhaSUM0QUtqTlpFQmlBSnZXWFVCUEFOUFdOVURTQUs3UlVJQzJBUUlmWkVESkFQTXhQRUJ5QUd3UFhZQ3BBUllQWkVDZkFGam9aRUNHQUV2OVpFQkVBRm10VjBCcEFVR05YVUMvQVVFRVNVQ1VBVklFUEVDMkFWTnhQSUNjQUxXdVpJQ3VBTG0zWkVDTkFKcXhRMENVQUkzR1EwQ1hBUGdoVjBCVkFLRE9aRUJmQVBxSFhVQkRBS2UvWklCOUFHM3hYVURQQUliWlVFQmNBR1loWkVDSUFTZ0hYWUJKQUdBblYwRGpBUjRqRzBES0FUcUpJVUNHQURHU1pFRFNBVVlHSVVBeEFEK25WMENYQUsrb1NVQm9BTHI2UTRDU0FPdUtYVUNpQUl2TlpFQzlBSnpRWklCTkFMYlRYVUJCQUw2OFYwQ2VBSERaWkVDd0FIUGFaRUJSQVB3SFVJQkhBSFcyWFVEWEFSQVVEVUM0QVM0SFpFRFhBUzBDUTBDWUFETDRaRUNzQVV6dVBFQmtBQ2dSWkFBQQ0KCQk8L0JEQj4NCgk8L0JJUj4NCjwvQklSPg0K"
      }
    ],
    "identity": {
      "CNIENumber": "6789545678911",
      "IDSchemaVersion": 1.0,
      "UIN": 2357983275,
      "addressLine1": [
        {
          "language": "eng",
          "value": "Mount Read"
        },
        {
          "language": "ara",
          "value": "مُُنت رَِد"
        },
        {
          "language": "fra",
          "value": "Mount Read"
        }
      ],
      "addressLine2": [
        {
          "language": "eng",
          "value": "Sravya Street House"
        },
        {
          "language": "ara",
          "value": "سرَڤيَ سترِِت هُُسِ"
        },
        {
          "language": "fra",
          "value": "Sravya Street House"
        }
      ],
      "addressLine3": [
        {
          "language": "eng",
          "value": "Pacific Ocean"
        },
        {
          "language": "ara",
          "value": "پَسِفِك ُسَِن"
        },
        {
          "language": "fra",
          "value": "Pacific Ocean"
        }
      ],
      "age": 25,
      "city": [
        {
          "language": "eng",
          "value": "Kenitra"
        },
        {
          "language": "ara",
          "value": "الرباط"
        },
        {
          "language": "fra",
          "value": "Kénitra"
        }
      ],
      "dateOfBirth": "1970/06/13",
      "email": "Leonamary.Susairaja@mindtree.com",
      "fullName": [
        {
          "language": "eng",
          "value": "Mohammed Arshad"
        },
        {
          "language": "ara",
          "value": "مُهَممِد َرسهَد"
        },
        {
          "language": "fra",
          "value": "Mohammed Arshad"
        }
      ],
      "gender": [
        {
          "language": "ara",
          "value": "الذكر"
        },
        {
          "language": "fra",
          "value": "Mâle"
        },
        {
          "language": "eng",
          "value": "Male"
        }
      ],
      "individualBiometrics": {
        "format": "cbeff",
        "value": "fileReferenceID",
        "version": 1.0
      },
      "localAdministrativeAuthority": [
        {
          "language": "eng",
          "value": "Mograne"
        },
        {
          "language": "ara",
          "value": "بن منصور"
        },
        {
          "language": "fra",
          "value": "Mograne"
        }
      ],
      "parentOrGuardianName": [
        {
          "language": "eng",
          "value": "Full Name"
        },
        {
          "language": "ara",
          "value": "فُلل نَمِ"
        },
        {
          "language": "fra",
          "value": "Full Name"
        }
      ],
      "phone": "9333356541",
      "postalCode": "14110",
      "province": [
        {
          "language": "eng",
          "value": "Kenitra"
        },
        {
          "language": "ara",
          "value": "القنيطرة"
        },
        {
          "language": "fra",
          "value": "Rabat"
        }
      ],
      "region": [
        {
          "language": "eng",
          "value": "Rabat Sale Kenitra"
        },
        {
          "language": "ara",
          "value": "جهة الرباط سلا القنيطرة"
        },
        {
          "language": "fra",
          "value": "Rabat-Salé-Kénitra"
        }
      ],
      "residenceStatus": "MOROCCO"
    },
    "registrationId": "27847657360002520190712185755"
  },
  "requesttime": "2019-07-12T13:27:55.097Z",
  "version": "v1"
}</textarea></pre>]]>
    </line>
    <line>
      <![CDATA[<b><u>Actual Response Content: </u></b>(EndPointUrl: https://qa.mosip.io/idrepository/v1/identity/) <pre><textarea style='border:solid 1px white;' name='message' rows='20' cols='160' readonly='true'>{
  "id": "mosip.id.create",
  "version": "v1",
  "responsetime": "2019-07-12T13:28:20.053Z",
  "response": {
    "status": "ACTIVATED"
  },
  "errors": []
}</textarea></pre>]]>
    </line>
    <line>
      <![CDATA[<b> Output validation for: </b>D:\codeFreeze\mosip\e2etestrig\ida-automation\target\classes\MosipTemporaryTestResource\ida\UINData\CreateTestData\Authentication_Create_valid_uin_smoke_3_record\output-1-actual-res.json vs D:\codeFreeze\mosip\e2etestrig\ida-automation\target\classes\MosipTemporaryTestResource\ida\UINData\CreateTestData\Authentication_Create_valid_uin_smoke_3_record\output-1-expected-res.json]]>
    </line>
    <line>
      <![CDATA[<table width='90%' charset='UTF8'>
  <tr>
    <th>FieldName</th>
    <th>Expected Value</th> 
    <th>Actual Value</th>
    <th>Status</th>
  </tr>
  <tr>
    <td>metadata</td>
    <td>NOT VERIFIED</td>
    <td>null</td>
    <td bgcolor='LIGHTYELLOW'>WARNING</td>
  </tr>
  <tr>
    <td>response.identity</td>
    <td>NOT VERIFIED</td>
    <td>null</td>
    <td bgcolor='LIGHTYELLOW'>WARNING</td>
  </tr>
  <tr>
    <td>response.documents</td>
    <td>NOT VERIFIED</td>
    <td>null</td>
    <td bgcolor='LIGHTYELLOW'>WARNING</td>
  </tr>
  <tr>
    <td>id</td>
    <td>mosip.id.create</td>
    <td>mosip.id.create</td>
    <td bgcolor='Green'>PASS</td>
  </tr>
  <tr>
    <td>response.status</td>
    <td>ACTIVATED</td>
    <td>ACTIVATED</td>
    <td bgcolor='Green'>PASS</td>
  </tr>
</table>]]>
    </line>
  </reporter-output>
  <suite name="Mosip API Suite" duration-ms="111565" started-at="2019-07-12T13:26:33Z" finished-at="2019-07-12T13:28:25Z">
    <groups>
    </groups>
    <test name="AuthenticationTest" duration-ms="111565" started-at="2019-07-12T13:26:33Z" finished-at="2019-07-12T13:28:25Z">
      <class name="io.mosip.authentication.idRepository.prerequiste.CreateUinRecord">
        <test-method status="PASS" signature="suiteSetup()[pri:0, instance:io.mosip.authentication.idRepository.prerequiste.CreateUinRecord@50de0926]" test-instance-name="Create UIN" name="suiteSetup" is-config="true" duration-ms="1345" started-at="2019-07-12T18:56:32Z" finished-at="2019-07-12T18:56:33Z">
          <reporter-output>
          </reporter-output>
        </test-method> <!-- suiteSetup -->
        <test-method status="PASS" signature="wakeDemoApp()[pri:0, instance:io.mosip.authentication.idRepository.prerequiste.CreateUinRecord@50de0926]" test-instance-name="Create UIN" name="wakeDemoApp" is-config="true" duration-ms="60097" started-at="2019-07-12T18:56:33Z" finished-at="2019-07-12T18:57:33Z">
          <reporter-output>
          </reporter-output>
        </test-method> <!-- wakeDemoApp -->
        <test-method status="PASS" signature="setTestType()[pri:0, instance:io.mosip.authentication.idRepository.prerequiste.CreateUinRecord@50de0926]" test-instance-name="Create UIN" name="setTestType" is-config="true" duration-ms="0" started-at="2019-07-12T18:57:33Z" finished-at="2019-07-12T18:57:33Z">
          <reporter-output>
          </reporter-output>
        </test-method> <!-- setTestType -->
        <test-method status="PASS" signature="testData(java.lang.reflect.Method, [Ljava.lang.Object;)[pri:0, instance:io.mosip.authentication.idRepository.prerequiste.CreateUinRecord@50de0926]" test-instance-name="Create UIN" name="testData" is-config="true" duration-ms="21482" started-at="2019-07-12T18:57:33Z" finished-at="2019-07-12T18:57:55Z">
          <params>
            <param index="0">
              <value>
                <![CDATA[public void io.mosip.authentication.idRepository.prerequiste.CreateUinRecord.generateUINTestData() throws io.mosip.authentication.fw.util.AuthenticationTestException]]>
              </value>
            </param>
            <param index="1">
              <value>
                <![CDATA[[Ljava.lang.Object;@1beccf53]]>
              </value>
            </param>
          </params>
          <reporter-output>
          </reporter-output>
        </test-method> <!-- testData -->
        <test-method status="PASS" signature="generateUINTestData()[pri:0, instance:io.mosip.authentication.idRepository.prerequiste.CreateUinRecord@50de0926]" test-instance-name="Create UIN" name="Create UIN" duration-ms="29911" started-at="2019-07-12T18:57:55Z" finished-at="2019-07-12T18:58:25Z">
          <reporter-output>
            <line>
              <![CDATA[<b><u>UIN create request</u></b>]]>
            </line>
            <line>
              <![CDATA[<pre><textarea style='border:solid 1px white;' name='message' rows='20' cols='160' readonly='true'>{
  "id": "mosip.id.create",
  "request": {
    "documents": [
      {
        "category": "individualBiometrics",
        "value": "PD94bWwgdmVyc2lvbj0iMS4wIiBlbmNvZGluZz0iVVRGLTgiIHN0YW5kYWxvbmU9InllcyI_Pg0KPEJJUg0KCXhtbG5zPSJodHRwOi8vZG9jcy5vYXNpcy1vcGVuLm9yZy9iaWFzL25zL2JpYXNwYXRyb25mb3JtYXQtMS4wLyI-DQoJPFZlcnNpb24-DQoJCTxNYWpvcj4xPC9NYWpvcj4NCgkJPE1pbm9yPjE8L01pbm9yPg0KCTwvVmVyc2lvbj4NCgk8Q0JFRkZWZXJzaW9uPg0KCQk8TWFqb3I-MTwvTWFqb3I-DQoJCTxNaW5vcj4xPC9NaW5vcj4NCgk8L0NCRUZGVmVyc2lvbj4NCgk8QklSSW5mbz4NCgkJPEludGVncml0eT5mYWxzZTwvSW50ZWdyaXR5Pg0KCTwvQklSSW5mbz4NCgk8QklSPg0KCQk8QklSSW5mbz4NCgkJCTxJbnRlZ3JpdHk-ZmFsc2U8L0ludGVncml0eT4NCgkJPC9CSVJJbmZvPg0KCQk8QkRCSW5mbz4NCgkJCTxGb3JtYXRPd25lcj4yNTc8L0Zvcm1hdE93bmVyPg0KCQkJPEZvcm1hdFR5cGU-MjwvRm9ybWF0VHlwZT4NCgkJCTxDcmVhdGlvbkRhdGU-MjAxOS0wMS0yOVQxOToxMTozMy40MzErMDU6MzA8L0NyZWF0aW9uRGF0ZT4NCgkJCTxUeXBlPkZpbmdlcjwvVHlwZT4NCgkJCTxTdWJ0eXBlPlJpZ2h0IEluZGV4RmluZ2VyPC9TdWJ0eXBlPg0KCQkJPExldmVsPlJhdzwvTGV2ZWw-DQoJCQk8UHVycG9zZT5FbnJvbGw8L1B1cnBvc2U-DQoJCQk8UXVhbGl0eT45NTwvUXVhbGl0eT4NCgkJPC9CREJJbmZvPg0KCQk8QkRCPlJpZ2h0SW5kZXhGaW5nZXJSazFTQUNBeU1BQUFBQUZjQUFBQlBBRmlBTVVBeFFFQUFBQW9OVUN0QU12bFpJQ1JBT2xYWFlEQkFQQnFaRUNrQUtQV1hZRFpBTjlvWkVCekFNWFJTWUM2QUpOY1Y0RE1BSmRaWFVEcEFPOXpaSUJ5QVFKbVpFQ0RBSkM3WklEZkFRNTZYVUJlQVBaZ1YwQmhBSnd5VjBEVkFTc0JYVUVFQUovUlpFQlpBSXE2VUVDK0FWVjdTVUNqQU9oZVhVQ0hBTm5jVjBERkFLNWNYVURaQU5KZlhVQjNBTkJSU1VDZEFKcktYVUNKQUp2RVhVQ3hBUTkxWFVDakFSajdYWUN1QUlYZVY0Q1VBSUM0WklEUkFScjNYVURGQUg1alYwQm9BSkcxWkVEY0FTV0NVRURXQUhGZlpFQm5BU3A0U1VEaEFWZDFGRUNNQUx6V1YwREtBTHhZWFVDd0FLYmZWMERTQU9wc1pFQ0FBSzg5VjRDU0FRZHBaSUNwQUpQV1YwRG9BT1JpWFVDbUFJYXpWMEN4QVJ0N1hVQ0RBUnAwWkVEOUFOTlRaSURoQUl6U1pJQ1NBSFNqWklCWEFRcHhVRUNnQUdhSVhZQ0JBVUovWkFBQQ0KCQk8L0JEQj4NCgk8L0JJUj4NCgk8QklSPg0KCQk8QklSSW5mbz4NCgkJCTxJbnRlZ3JpdHk-ZmFsc2U8L0ludGVncml0eT4NCgkJPC9CSVJJbmZvPg0KCQk8QkRCSW5mbz4NCgkJCTxGb3JtYXRPd25lcj4yNTc8L0Zvcm1hdE93bmVyPg0KCQkJPEZvcm1hdFR5cGU-MjwvRm9ybWF0VHlwZT4NCgkJCTxDcmVhdGlvbkRhdGU-MjAxOS0wMS0yOVQxOToxMTozMy40MzQrMDU6MzA8L0NyZWF0aW9uRGF0ZT4NCgkJCTxUeXBlPkZpbmdlcjwvVHlwZT4NCgkJCTxTdWJ0eXBlPkxlZnQgSW5kZXhGaW5nZXI8L1N1YnR5cGU-DQoJCQk8TGV2ZWw-UmF3PC9MZXZlbD4NCgkJCTxQdXJwb3NlPkVucm9sbDwvUHVycG9zZT4NCgkJCTxRdWFsaXR5Pjk1PC9RdWFsaXR5Pg0KCQk8L0JEQkluZm8-DQoJCTxCREI-TGVmdEluZGV4RmluZ2VyUmsxU0FDQXlNQUFBQUFGY0FBQUJQQUZpQU1VQXhRRUFBQUFvTlVCOUFNRjBWNENCQUtCQlBFQzBBTDY4WklDNEFLak5aRUJpQUp2V1hVQlBBTlBXTlVEU0FLN1JVSUMyQVFJZlpFREpBUE14UEVCeUFHd1BYWUNwQVJZUFpFQ2ZBRmpvWkVDR0FFdjlaRUJFQUZtdFYwQnBBVUdOWFVDL0FVRUVTVUNVQVZJRVBFQzJBVk54UElDY0FMV3VaSUN1QUxtM1pFQ05BSnF4UTBDVUFJM0dRMENYQVBnaFYwQlZBS0RPWkVCZkFQcUhYVUJEQUtlL1pJQjlBRzN4WFVEUEFJYlpVRUJjQUdZaFpFQ0lBU2dIWFlCSkFHQW5WMERqQVI0akcwREtBVHFKSVVDR0FER1NaRURTQVVZR0lVQXhBRCtuVjBDWEFLK29TVUJvQUxyNlE0Q1NBT3VLWFVDaUFJdk5aRUM5QUp6UVpJQk5BTGJUWFVCQkFMNjhWMENlQUhEWlpFQ3dBSFBhWkVCUkFQd0hVSUJIQUhXMlhVRFhBUkFVRFVDNEFTNEhaRURYQVMwQ1EwQ1lBREw0WkVDc0FVenVQRUJrQUNnUlpBQUENCgkJPC9CREI-DQoJPC9CSVI-DQoJPEJJUj4NCgkJPEJJUkluZm8-DQoJCQk8SW50ZWdyaXR5PmZhbHNlPC9JbnRlZ3JpdHk-DQoJCTwvQklSSW5mbz4NCgkJPEJEQkluZm8-DQoJCQk8Rm9ybWF0T3duZXI-MjU3PC9Gb3JtYXRPd25lcj4NCgkJCTxGb3JtYXRUeXBlPjI8L0Zvcm1hdFR5cGU-DQoJCQk8Q3JlYXRpb25EYXRlPjIwMTktMDEtMjlUMTk6MTE6MzMuNDM0KzA1OjMwPC9DcmVhdGlvbkRhdGU-DQoJCQk8VHlwZT5GaW5nZXI8L1R5cGU-DQoJCQk8U3VidHlwZT5SaWdodCBUaHVtYjwvU3VidHlwZT4NCgkJCTxMZXZlbD5SYXc8L0xldmVsPg0KCQkJPFB1cnBvc2U-RW5yb2xsPC9QdXJwb3NlPg0KCQkJPFF1YWxpdHk-OTU8L1F1YWxpdHk-DQoJCTwvQkRCSW5mbz4NCgkJPEJEQj5SaWdodFRodW1iUmsxU0FDQXlNQUFBQUFGY0FBQUJQQUZpQU1VQXhRRUFBQUFvTlVCOUFNRjBWNENCQUtCQlBFQzBBTDY4WklDNEFLak5aRUJpQUp2V1hVQlBBTlBXTlVEU0FLN1JVSUMyQVFJZlpFREpBUE14UEVCeUFHd1BYWUNwQVJZUFpFQ2ZBRmpvWkVDR0FFdjlaRUJFQUZtdFYwQnBBVUdOWFVDL0FVRUVTVUNVQVZJRVBFQzJBVk54UElDY0FMV3VaSUN1QUxtM1pFQ05BSnF4UTBDVUFJM0dRMENYQVBnaFYwQlZBS0RPWkVCZkFQcUhYVUJEQUtlL1pJQjlBRzN4WFVEUEFJYlpVRUJjQUdZaFpFQ0lBU2dIWFlCSkFHQW5WMERqQVI0akcwREtBVHFKSVVDR0FER1NaRURTQVVZR0lVQXhBRCtuVjBDWEFLK29TVUJvQUxyNlE0Q1NBT3VLWFVDaUFJdk5aRUM5QUp6UVpJQk5BTGJUWFVCQkFMNjhWMENlQUhEWlpFQ3dBSFBhWkVCUkFQd0hVSUJIQUhXMlhVRFhBUkFVRFVDNEFTNEhaRURYQVMwQ1EwQ1lBREw0WkVDc0FVenVQRUJrQUNnUlpBQUENCgkJPC9CREI-DQoJPC9CSVI-DQoJPEJJUj4NCgkJPEJJUkluZm8-DQoJCQk8SW50ZWdyaXR5PmZhbHNlPC9JbnRlZ3JpdHk-DQoJCTwvQklSSW5mbz4NCgkJPEJEQkluZm8-DQoJCQk8Rm9ybWF0T3duZXI-MjU3PC9Gb3JtYXRPd25lcj4NCgkJCTxGb3JtYXRUeXBlPjI8L0Zvcm1hdFR5cGU-DQoJCQk8Q3JlYXRpb25EYXRlPjIwMTktMDEtMjlUMTk6MTE6MzMuNDM0KzA1OjMwPC9DcmVhdGlvbkRhdGU-DQoJCQk8VHlwZT5GaW5nZXI8L1R5cGU-DQoJCQk8U3VidHlwZT5MZWZ0IFRodW1iPC9TdWJ0eXBlPg0KCQkJPExldmVsPlJhdzwvTGV2ZWw-DQoJCQk8UHVycG9zZT5FbnJvbGw8L1B1cnBvc2U-DQoJCQk8UXVhbGl0eT45NTwvUXVhbGl0eT4NCgkJPC9CREJJbmZvPg0KCQk8QkRCPkxlZnRUaHVtYlJrMVNBQ0F5TUFBQUFBRmNBQUFCUEFGaUFNVUF4UUVBQUFBb05VQjlBTUYwVjRDQkFLQkJQRUMwQUw2OFpJQzRBS2pOWkVCaUFKdldYVUJQQU5QV05VRFNBSzdSVUlDMkFRSWZaRURKQVBNeFBFQnlBR3dQWFlDcEFSWVBaRUNmQUZqb1pFQ0dBRXY5WkVCRUFGbXRWMEJwQVVHTlhVQy9BVUVFU1VDVUFWSUVQRUMyQVZOeFBJQ2NBTFd1WklDdUFMbTNaRUNOQUpxeFEwQ1VBSTNHUTBDWEFQZ2hWMEJWQUtET1pFQmZBUHFIWFVCREFLZS9aSUI5QUczeFhVRFBBSWJaVUVCY0FHWWhaRUNJQVNnSFhZQkpBR0FuVjBEakFSNGpHMERLQVRxSklVQ0dBREdTWkVEU0FVWUdJVUF4QUQrblYwQ1hBSytvU1VCb0FMcjZRNENTQU91S1hVQ2lBSXZOWkVDOUFKelFaSUJOQUxiVFhVQkJBTDY4VjBDZUFIRFpaRUN3QUhQYVpFQlJBUHdIVUlCSEFIVzJYVURYQVJBVURVQzRBUzRIWkVEWEFTMENRMENZQURMNFpFQ3NBVXp1UEVCa0FDZ1JaQUFBDQoJCTwvQkRCPg0KCTwvQklSPg0KCTxCSVI-DQoJCTxCSVJJbmZvPg0KCQkJPEludGVncml0eT5mYWxzZTwvSW50ZWdyaXR5Pg0KCQk8L0JJUkluZm8-DQoJCTxCREJJbmZvPg0KCQkJPEZvcm1hdE93bmVyPjI1NzwvRm9ybWF0T3duZXI-DQoJCQk8Rm9ybWF0VHlwZT4yPC9Gb3JtYXRUeXBlPg0KCQkJPENyZWF0aW9uRGF0ZT4yMDE5LTAxLTI5VDE5OjExOjMzLjQzNCswNTozMDwvQ3JlYXRpb25EYXRlPg0KCQkJPFR5cGU-RmluZ2VyPC9UeXBlPg0KCQkJPFN1YnR5cGU-UmlnaHQgTWlkZGxlRmluZ2VyPC9TdWJ0eXBlPg0KCQkJPExldmVsPlJhdzwvTGV2ZWw-DQoJCQk8UHVycG9zZT5FbnJvbGw8L1B1cnBvc2U-DQoJCQk8UXVhbGl0eT45NTwvUXVhbGl0eT4NCgkJPC9CREJJbmZvPg0KCQk8QkRCPlJpZ2h0TWlkZGxlRmluZ2VyUmsxU0FDQXlNQUFBQUFGY0FBQUJQQUZpQU1VQXhRRUFBQUFvTlVCOUFNRjBWNENCQUtCQlBFQzBBTDY4WklDNEFLak5aRUJpQUp2V1hVQlBBTlBXTlVEU0FLN1JVSUMyQVFJZlpFREpBUE14UEVCeUFHd1BYWUNwQVJZUFpFQ2ZBRmpvWkVDR0FFdjlaRUJFQUZtdFYwQnBBVUdOWFVDL0FVRUVTVUNVQVZJRVBFQzJBVk54UElDY0FMV3VaSUN1QUxtM1pFQ05BSnF4UTBDVUFJM0dRMENYQVBnaFYwQlZBS0RPWkVCZkFQcUhYVUJEQUtlL1pJQjlBRzN4WFVEUEFJYlpVRUJjQUdZaFpFQ0lBU2dIWFlCSkFHQW5WMERqQVI0akcwREtBVHFKSVVDR0FER1NaRURTQVVZR0lVQXhBRCtuVjBDWEFLK29TVUJvQUxyNlE0Q1NBT3VLWFVDaUFJdk5aRUM5QUp6UVpJQk5BTGJUWFVCQkFMNjhWMENlQUhEWlpFQ3dBSFBhWkVCUkFQd0hVSUJIQUhXMlhVRFhBUkFVRFVDNEFTNEhaRURYQVMwQ1EwQ1lBREw0WkVDc0FVenVQRUJrQUNnUlpBQUENCgkJPC9CREI-DQoJPC9CSVI-DQoJPEJJUj4NCgkJPEJJUkluZm8-DQoJCQk8SW50ZWdyaXR5PmZhbHNlPC9JbnRlZ3JpdHk-DQoJCTwvQklSSW5mbz4NCgkJPEJEQkluZm8-DQoJCQk8Rm9ybWF0T3duZXI-MjU3PC9Gb3JtYXRPd25lcj4NCgkJCTxGb3JtYXRUeXBlPjI8L0Zvcm1hdFR5cGU-DQoJCQk8Q3JlYXRpb25EYXRlPjIwMTktMDEtMjlUMTk6MTE6MzMuNDM0KzA1OjMwPC9DcmVhdGlvbkRhdGU-DQoJCQk8VHlwZT5GaW5nZXI8L1R5cGU-DQoJCQk8U3VidHlwZT5MZWZ0IE1pZGRsZUZpbmdlcjwvU3VidHlwZT4NCgkJCTxMZXZlbD5SYXc8L0xldmVsPg0KCQkJPFB1cnBvc2U-RW5yb2xsPC9QdXJwb3NlPg0KCQkJPFF1YWxpdHk-OTU8L1F1YWxpdHk-DQoJCTwvQkRCSW5mbz4NCgkJPEJEQj5MZWZ0TWlkZGxlRmluZ2VyUmsxU0FDQXlNQUFBQUFGY0FBQUJQQUZpQU1VQXhRRUFBQUFvTlVCOUFNRjBWNENCQUtCQlBFQzBBTDY4WklDNEFLak5aRUJpQUp2V1hVQlBBTlBXTlVEU0FLN1JVSUMyQVFJZlpFREpBUE14UEVCeUFHd1BYWUNwQVJZUFpFQ2ZBRmpvWkVDR0FFdjlaRUJFQUZtdFYwQnBBVUdOWFVDL0FVRUVTVUNVQVZJRVBFQzJBVk54UElDY0FMV3VaSUN1QUxtM1pFQ05BSnF4UTBDVUFJM0dRMENYQVBnaFYwQlZBS0RPWkVCZkFQcUhYVUJEQUtlL1pJQjlBRzN4WFVEUEFJYlpVRUJjQUdZaFpFQ0lBU2dIWFlCSkFHQW5WMERqQVI0akcwREtBVHFKSVVDR0FER1NaRURTQVVZR0lVQXhBRCtuVjBDWEFLK29TVUJvQUxyNlE0Q1NBT3VLWFVDaUFJdk5aRUM5QUp6UVpJQk5BTGJUWFVCQkFMNjhWMENlQUhEWlpFQ3dBSFBhWkVCUkFQd0hVSUJIQUhXMlhVRFhBUkFVRFVDNEFTNEhaRURYQVMwQ1EwQ1lBREw0WkVDc0FVenVQRUJrQUNnUlpBQUENCgkJPC9CREI-DQoJPC9CSVI-DQoJPEJJUj4NCgkJPEJJUkluZm8-DQoJCQk8SW50ZWdyaXR5PmZhbHNlPC9JbnRlZ3JpdHk-DQoJCTwvQklSSW5mbz4NCgkJPEJEQkluZm8-DQoJCQk8Rm9ybWF0T3duZXI-MjU3PC9Gb3JtYXRPd25lcj4NCgkJCTxGb3JtYXRUeXBlPjI8L0Zvcm1hdFR5cGU-DQoJCQk8Q3JlYXRpb25EYXRlPjIwMTktMDEtMjlUMTk6MTE6MzMuNDM0KzA1OjMwPC9DcmVhdGlvbkRhdGU-DQoJCQk8VHlwZT5GaW5nZXI8L1R5cGU-DQoJCQk8U3VidHlwZT5SaWdodCBSaW5nRmluZ2VyPC9TdWJ0eXBlPg0KCQkJPExldmVsPlJhdzwvTGV2ZWw-DQoJCQk8UHVycG9zZT5FbnJvbGw8L1B1cnBvc2U-DQoJCQk8UXVhbGl0eT45NTwvUXVhbGl0eT4NCgkJPC9CREJJbmZvPg0KCQk8QkRCPlJpZ2h0UmluZ0ZpbmdlclJrMVNBQ0F5TUFBQUFBRmNBQUFCUEFGaUFNVUF4UUVBQUFBb05VQjlBTUYwVjRDQkFLQkJQRUMwQUw2OFpJQzRBS2pOWkVCaUFKdldYVUJQQU5QV05VRFNBSzdSVUlDMkFRSWZaRURKQVBNeFBFQnlBR3dQWFlDcEFSWVBaRUNmQUZqb1pFQ0dBRXY5WkVCRUFGbXRWMEJwQVVHTlhVQy9BVUVFU1VDVUFWSUVQRUMyQVZOeFBJQ2NBTFd1WklDdUFMbTNaRUNOQUpxeFEwQ1VBSTNHUTBDWEFQZ2hWMEJWQUtET1pFQmZBUHFIWFVCREFLZS9aSUI5QUczeFhVRFBBSWJaVUVCY0FHWWhaRUNJQVNnSFhZQkpBR0FuVjBEakFSNGpHMERLQVRxSklVQ0dBREdTWkVEU0FVWUdJVUF4QUQrblYwQ1hBSytvU1VCb0FMcjZRNENTQU91S1hVQ2lBSXZOWkVDOUFKelFaSUJOQUxiVFhVQkJBTDY4VjBDZUFIRFpaRUN3QUhQYVpFQlJBUHdIVUlCSEFIVzJYVURYQVJBVURVQzRBUzRIWkVEWEFTMENRMENZQURMNFpFQ3NBVXp1UEVCa0FDZ1JaQUFBDQoJCTwvQkRCPg0KCTwvQklSPg0KCTxCSVI-DQoJCTxCSVJJbmZvPg0KCQkJPEludGVncml0eT5mYWxzZTwvSW50ZWdyaXR5Pg0KCQk8L0JJUkluZm8-DQoJCTxCREJJbmZvPg0KCQkJPEZvcm1hdE93bmVyPjI1NzwvRm9ybWF0T3duZXI-DQoJCQk8Rm9ybWF0VHlwZT4yPC9Gb3JtYXRUeXBlPg0KCQkJPENyZWF0aW9uRGF0ZT4yMDE5LTAxLTI5VDE5OjExOjMzLjQzNCswNTozMDwvQ3JlYXRpb25EYXRlPg0KCQkJPFR5cGU-RmluZ2VyPC9UeXBlPg0KCQkJPFN1YnR5cGU-TGVmdCBSaW5nRmluZ2VyPC9TdWJ0eXBlPg0KCQkJPExldmVsPlJhdzwvTGV2ZWw-DQoJCQk8UHVycG9zZT5FbnJvbGw8L1B1cnBvc2U-DQoJCQk8UXVhbGl0eT45NTwvUXVhbGl0eT4NCgkJPC9CREJJbmZvPg0KCQk8QkRCPkxlZnRSaW5nRmluZ2VyUmsxU0FDQXlNQUFBQUFGY0FBQUJQQUZpQU1VQXhRRUFBQUFvTlVCOUFNRjBWNENCQUtCQlBFQzBBTDY4WklDNEFLak5aRUJpQUp2V1hVQlBBTlBXTlVEU0FLN1JVSUMyQVFJZlpFREpBUE14UEVCeUFHd1BYWUNwQVJZUFpFQ2ZBRmpvWkVDR0FFdjlaRUJFQUZtdFYwQnBBVUdOWFVDL0FVRUVTVUNVQVZJRVBFQzJBVk54UElDY0FMV3VaSUN1QUxtM1pFQ05BSnF4UTBDVUFJM0dRMENYQVBnaFYwQlZBS0RPWkVCZkFQcUhYVUJEQUtlL1pJQjlBRzN4WFVEUEFJYlpVRUJjQUdZaFpFQ0lBU2dIWFlCSkFHQW5WMERqQVI0akcwREtBVHFKSVVDR0FER1NaRURTQVVZR0lVQXhBRCtuVjBDWEFLK29TVUJvQUxyNlE0Q1NBT3VLWFVDaUFJdk5aRUM5QUp6UVpJQk5BTGJUWFVCQkFMNjhWMENlQUhEWlpFQ3dBSFBhWkVCUkFQd0hVSUJIQUhXMlhVRFhBUkFVRFVDNEFTNEhaRURYQVMwQ1EwQ1lBREw0WkVDc0FVenVQRUJrQUNnUlpBQUENCgkJPC9CREI-DQoJPC9CSVI-DQoJPEJJUj4NCgkJPEJJUkluZm8-DQoJCQk8SW50ZWdyaXR5PmZhbHNlPC9JbnRlZ3JpdHk-DQoJCTwvQklSSW5mbz4NCgkJPEJEQkluZm8-DQoJCQk8Rm9ybWF0T3duZXI-MjU3PC9Gb3JtYXRPd25lcj4NCgkJCTxGb3JtYXRUeXBlPjI8L0Zvcm1hdFR5cGU-DQoJCQk8Q3JlYXRpb25EYXRlPjIwMTktMDEtMjlUMTk6MTE6MzMuNDM0KzA1OjMwPC9DcmVhdGlvbkRhdGU-DQoJCQk8VHlwZT5GaW5nZXI8L1R5cGU-DQoJCQk8U3VidHlwZT5SaWdodCBMaXR0bGVGaW5nZXI8L1N1YnR5cGU-DQoJCQk8TGV2ZWw-UmF3PC9MZXZlbD4NCgkJCTxQdXJwb3NlPkVucm9sbDwvUHVycG9zZT4NCgkJCTxRdWFsaXR5Pjk1PC9RdWFsaXR5Pg0KCQk8L0JEQkluZm8-DQoJCTxCREI-UmlnaHRMaXR0bGVGaW5nZXJSazFTQUNBeU1BQUFBQUZjQUFBQlBBRmlBTVVBeFFFQUFBQW9OVUI5QU1GMFY0Q0JBS0JCUEVDMEFMNjhaSUM0QUtqTlpFQmlBSnZXWFVCUEFOUFdOVURTQUs3UlVJQzJBUUlmWkVESkFQTXhQRUJ5QUd3UFhZQ3BBUllQWkVDZkFGam9aRUNHQUV2OVpFQkVBRm10VjBCcEFVR05YVUMvQVVFRVNVQ1VBVklFUEVDMkFWTnhQSUNjQUxXdVpJQ3VBTG0zWkVDTkFKcXhRMENVQUkzR1EwQ1hBUGdoVjBCVkFLRE9aRUJmQVBxSFhVQkRBS2UvWklCOUFHM3hYVURQQUliWlVFQmNBR1loWkVDSUFTZ0hYWUJKQUdBblYwRGpBUjRqRzBES0FUcUpJVUNHQURHU1pFRFNBVVlHSVVBeEFEK25WMENYQUsrb1NVQm9BTHI2UTRDU0FPdUtYVUNpQUl2TlpFQzlBSnpRWklCTkFMYlRYVUJCQUw2OFYwQ2VBSERaWkVDd0FIUGFaRUJSQVB3SFVJQkhBSFcyWFVEWEFSQVVEVUM0QVM0SFpFRFhBUzBDUTBDWUFETDRaRUNzQVV6dVBFQmtBQ2dSWkFBQQ0KCQk8L0JEQj4NCgk8L0JJUj4NCgk8QklSPg0KCQk8QklSSW5mbz4NCgkJCTxJbnRlZ3JpdHk-ZmFsc2U8L0ludGVncml0eT4NCgkJPC9CSVJJbmZvPg0KCQk8QkRCSW5mbz4NCgkJCTxGb3JtYXRPd25lcj4yNTc8L0Zvcm1hdE93bmVyPg0KCQkJPEZvcm1hdFR5cGU-MjwvRm9ybWF0VHlwZT4NCgkJCTxDcmVhdGlvbkRhdGU-MjAxOS0wMS0yOVQxOToxMTozMy40MzQrMDU6MzA8L0NyZWF0aW9uRGF0ZT4NCgkJCTxUeXBlPkZpbmdlcjwvVHlwZT4NCgkJCTxTdWJ0eXBlPkxlZnQgTGl0dGxlRmluZ2VyPC9TdWJ0eXBlPg0KCQkJPExldmVsPlJhdzwvTGV2ZWw-DQoJCQk8UHVycG9zZT5FbnJvbGw8L1B1cnBvc2U-DQoJCQk8UXVhbGl0eT45NTwvUXVhbGl0eT4NCgkJPC9CREJJbmZvPg0KCQk8QkRCPlJrMVNBQ0F5TUFBQUFBRmNBQUFCUEFGaUFNVUF4UUVBQUFBb05VQjlBTUYwVjRDQkFLQkJQRUMwQUw2OFpJQzRBS2pOWkVCaUFKdldYVUJQQU5QV05VRFNBSzdSVUlDMkFRSWZaRURKQVBNeFBFQnlBR3dQWFlDcEFSWVBaRUNmQUZqb1pFQ0dBRXY5WkVCRUFGbXRWMEJwQVVHTlhVQy9BVUVFU1VDVUFWSUVQRUMyQVZOeFBJQ2NBTFd1WklDdUFMbTNaRUNOQUpxeFEwQ1VBSTNHUTBDWEFQZ2hWMEJWQUtET1pFQmZBUHFIWFVCREFLZS9aSUI5QUczeFhVRFBBSWJaVUVCY0FHWWhaRUNJQVNnSFhZQkpBR0FuVjBEakFSNGpHMERLQVRxSklVQ0dBREdTWkVEU0FVWUdJVUF4QUQrblYwQ1hBSytvU1VCb0FMcjZRNENTQU91S1hVQ2lBSXZOWkVDOUFKelFaSUJOQUxiVFhVQkJBTDY4VjBDZUFIRFpaRUN3QUhQYVpFQlJBUHdIVUlCSEFIVzJYVURYQVJBVURVQzRBUzRIWkVEWEFTMENRMENZQURMNFpFQ3NBVXp1UEVCa0FDZ1JaQUFBDQoJCTwvQkRCPg0KCTwvQklSPg0KCTxCSVI-DQoJCTxCSVJJbmZvPg0KCQkJPEludGVncml0eT5mYWxzZTwvSW50ZWdyaXR5Pg0KCQk8L0JJUkluZm8-DQoJCTxCREJJbmZvPg0KCQkJPEZvcm1hdE93bmVyPjI1NzwvRm9ybWF0T3duZXI-DQoJCQk8Rm9ybWF0VHlwZT45PC9Gb3JtYXRUeXBlPg0KCQkJPENyZWF0aW9uRGF0ZT4yMDE5LTAxLTI5VDE5OjExOjMzLjQzNCswNTozMDwvQ3JlYXRpb25EYXRlPg0KCQkJPFR5cGU-SXJpczwvVHlwZT4NCgkJCTxTdWJ0eXBlPlJpZ2h0PC9TdWJ0eXBlPg0KCQkJPExldmVsPlJhdzwvTGV2ZWw-DQoJCQk8UHVycG9zZT5FbnJvbGw8L1B1cnBvc2U-DQoJCQk8UXVhbGl0eT45NTwvUXVhbGl0eT4NCgkJPC9CREJJbmZvPg0KCQk8QkRCPklyaXNSaWdodGsxU0FDQXlNQUFBQUFFSUFBQUJQQUZpQU1VQXhRRUFBQUFvSjRDZUFLOU9WNENyQUs0OVpJQ1JBSXZPVjREQ0FMK3ZaSUJrQU1mVFpJQm9BSEd0WklEbUFNdThaSUJLQUd5d1pJQ0FBRU9PWkVESkFSVVVaSUFpQUlLcVVJQ2xBVEFJWkVBeUFEaVhYWUNoQUxoU1pJQ0lBSm5NWFlDRkFJeTNWNERPQUtGQlpJQlBBS0kyWklDK0FQYVZaSURXQUc3R1pJQ3VBUTRaWklBM0FIZXVaSUVJQU0vSlVFRUNBUFN0VjBEMkFRb3RWMERNQVVuOFY0Q2xBS0JMVjRDNUFLNnNaRUIxQUkwa1pFQ1NBSGFhWFlDTEFHR1FaRURyQUtURlpJRGlBRy9LWklCMUFReGpaSUJqQVJObFpJRHFBRmZSWkVCTUFSeHRVRUFvQUZ1Y1hVQkZBQlVRU1FBQQ0KCQk8L0JEQj4NCgk8L0JJUj4NCgk8QklSPg0KCQk8QklSSW5mbz4NCgkJCTxJbnRlZ3JpdHk-ZmFsc2U8L0ludGVncml0eT4NCgkJPC9CSVJJbmZvPg0KCQk8QkRCSW5mbz4NCgkJCTxGb3JtYXRPd25lcj4yNTc8L0Zvcm1hdE93bmVyPg0KCQkJPEZvcm1hdFR5cGU-OTwvRm9ybWF0VHlwZT4NCgkJCTxDcmVhdGlvbkRhdGU-MjAxOS0wMS0yOVQxOToxMTozMy40MzQrMDU6MzA8L0NyZWF0aW9uRGF0ZT4NCgkJCTxUeXBlPklyaXM8L1R5cGU-DQoJCQk8U3VidHlwZT5MZWZ0PC9TdWJ0eXBlPg0KCQkJPExldmVsPlJhdzwvTGV2ZWw-DQoJCQk8UHVycG9zZT5FbnJvbGw8L1B1cnBvc2U-DQoJCQk8UXVhbGl0eT45NTwvUXVhbGl0eT4NCgkJPC9CREJJbmZvPg0KCQk8QkRCPklyaXNMZWZ0azFTQUNBeU1BQUFBQUQyQUFBQlBBRmlBTVVBeFFFQUFBQW9KSUIvQU5OQ1NZQ0xBUEEwUTRDRUFQcFdVRUI3QUxXM1NVREFBUERBVjBEQ0FLbldaRURIQVEyd1hVQStBTXkvWklCTEFSYmVaRUJCQUpVa1pJQTVBSUNzWkVDWUFWUUZQSUNmQU11OFpJQjZBT3ROUTRDTEFQOGxVSUNvQVBxalpFREdBTXpKVjRDa0FSb29aRURhQU56VlBFQzZBU1FuVjRDa0FIN2laRUNWQUdud1pFQnRBR0dVWkVCWEFWQnlJWUNCQU8xQVEwQjdBTURHVUVDekFOTEFaSUI5QVFSaFVJQlNBTjdOWkVEUEFQelRWMEJ4QUl5Z1hZRFdBUXZSUTREY0FLYmNWNEFoQUtLcVhVQ0pBVlo3UElDUkFGRi9aQUFBDQoJCTwvQkRCPg0KCTwvQklSPg0KCTxCSVI-DQoJCTxCSVJJbmZvPg0KCQkJPEludGVncml0eT5mYWxzZTwvSW50ZWdyaXR5Pg0KCQk8L0JJUkluZm8-DQoJCTxCREJJbmZvPg0KCQkJPEZvcm1hdE93bmVyPjI1NzwvRm9ybWF0T3duZXI-DQoJCQk8Rm9ybWF0VHlwZT44PC9Gb3JtYXRUeXBlPg0KCQkJPENyZWF0aW9uRGF0ZT4yMDE5LTAxLTI5VDE5OjExOjMzLjQzNCswNTozMDwvQ3JlYXRpb25EYXRlPg0KCQkJPFR5cGU-RmFjZTwvVHlwZT4NCgkJCTxMZXZlbD5SYXc8L0xldmVsPg0KCQkJPFB1cnBvc2U-RW5yb2xsPC9QdXJwb3NlPg0KCQkJPFF1YWxpdHk-OTU8L1F1YWxpdHk-DQoJCTwvQkRCSW5mbz4NCgkJPEJEQj5SazFTQUNBeU1BQUFBQUZjQUFBQlBBRmlBTVVBeFFFQUFBQW9OVUI5QU1GMFY0Q0JBS0JCUEVDMEFMNjhaSUM0QUtqTlpFQmlBSnZXWFVCUEFOUFdOVURTQUs3UlVJQzJBUUlmWkVESkFQTXhQRUJ5QUd3UFhZQ3BBUllQWkVDZkFGam9aRUNHQUV2OVpFQkVBRm10VjBCcEFVR05YVUMvQVVFRVNVQ1VBVklFUEVDMkFWTnhQSUNjQUxXdVpJQ3VBTG0zWkVDTkFKcXhRMENVQUkzR1EwQ1hBUGdoVjBCVkFLRE9aRUJmQVBxSFhVQkRBS2UvWklCOUFHM3hYVURQQUliWlVFQmNBR1loWkVDSUFTZ0hYWUJKQUdBblYwRGpBUjRqRzBES0FUcUpJVUNHQURHU1pFRFNBVVlHSVVBeEFEK25WMENYQUsrb1NVQm9BTHI2UTRDU0FPdUtYVUNpQUl2TlpFQzlBSnpRWklCTkFMYlRYVUJCQUw2OFYwQ2VBSERaWkVDd0FIUGFa
[...]
WlpFQ3dBSFBhWkVCUkFQd0hVSUJIQUhXMlhVRFhBUkFVRFVDNEFTNEhaRURYQVMwQ1EwQ1lBREw0WkVDc0FVenVQRUJrQUNnUlpBQUENCgkJPC9CREI-DQoJPC9CSVI-DQoJPEJJUj4NCgkJPEJJUkluZm8-DQoJCQk8SW50ZWdyaXR5PmZhbHNlPC9JbnRlZ3JpdHk-DQoJCTwvQklSSW5mbz4NCgkJPEJEQkluZm8-DQoJCQk8Rm9ybWF0T3duZXI-MjU3PC9Gb3JtYXRPd25lcj4NCgkJCTxGb3JtYXRUeXBlPjI8L0Zvcm1hdFR5cGU-DQoJCQk8Q3JlYXRpb25EYXRlPjIwMTktMDEtMjlUMTk6MTE6MzMuNDM0KzA1OjMwPC9DcmVhdGlvbkRhdGU-DQoJCQk8VHlwZT5GaW5nZXI8L1R5cGU-DQoJCQk8U3VidHlwZT5SaWdodCBUaHVtYjwvU3VidHlwZT4NCgkJCTxMZXZlbD5SYXc8L0xldmVsPg0KCQkJPFB1cnBvc2U-RW5yb2xsPC9QdXJwb3NlPg0KCQkJPFF1YWxpdHk-OTU8L1F1YWxpdHk-DQoJCTwvQkRCSW5mbz4NCgkJPEJEQj5SaWdodFRodW1iUmsxU0FDQXlNQUFBQUFGY0FBQUJQQUZpQU1VQXhRRUFBQUFvTlVCOUFNRjBWNENCQUtCQlBFQzBBTDY4WklDNEFLak5aRUJpQUp2V1hVQlBBTlBXTlVEU0FLN1JVSUMyQVFJZlpFREpBUE14UEVCeUFHd1BYWUNwQVJZUFpFQ2ZBRmpvWkVDR0FFdjlaRUJFQUZtdFYwQnBBVUdOWFVDL0FVRUVTVUNVQVZJRVBFQzJBVk54UElDY0FMV3VaSUN1QUxtM1pFQ05BSnF4UTBDVUFJM0dRMENYQVBnaFYwQlZBS0RPWkVCZkFQcUhYVUJEQUtlL1pJQjlBRzN4WFVEUEFJYlpVRUJjQUdZaFpFQ0lBU2dIWFlCSkFHQW5WMERqQVI0akcwREtBVHFKSVVDR0FER1NaRURTQVVZR0lVQXhBRCtuVjBDWEFLK29TVUJvQUxyNlE0Q1NBT3VLWFVDaUFJdk5aRUM5QUp6UVpJQk5BTGJUWFVCQkFMNjhWMENlQUhEWlpFQ3dBSFBhWkVCUkFQd0hVSUJIQUhXMlhVRFhBUkFVRFVDNEFTNEhaRURYQVMwQ1EwQ1lBREw0WkVDc0FVenVQRUJrQUNnUlpBQUENCgkJPC9CREI-DQoJPC9CSVI-DQoJPEJJUj4NCgkJPEJJUkluZm8-DQoJCQk8SW50ZWdyaXR5PmZhbHNlPC9JbnRlZ3JpdHk-DQoJCTwvQklSSW5mbz4NCgkJPEJEQkluZm8-DQoJCQk8Rm9ybWF0T3duZXI-MjU3PC9Gb3JtYXRPd25lcj4NCgkJCTxGb3JtYXRUeXBlPjI8L0Zvcm1hdFR5cGU-DQoJCQk8Q3JlYXRpb25EYXRlPjIwMTktMDEtMjlUMTk6MTE6MzMuNDM0KzA1OjMwPC9DcmVhdGlvbkRhdGU-DQoJCQk8VHlwZT5GaW5nZXI8L1R5cGU-DQoJCQk8U3VidHlwZT5MZWZ0IFRodW1iPC9TdWJ0eXBlPg0KCQkJPExldmVsPlJhdzwvTGV2ZWw-DQoJCQk8UHVycG9zZT5FbnJvbGw8L1B1cnBvc2U-DQoJCQk8UXVhbGl0eT45NTwvUXVhbGl0eT4NCgkJPC9CREJJbmZvPg0KCQk8QkRCPkxlZnRUaHVtYlJrMVNBQ0F5TUFBQUFBRmNBQUFCUEFGaUFNVUF4UUVBQUFBb05VQjlBTUYwVjRDQkFLQkJQRUMwQUw2OFpJQzRBS2pOWkVCaUFKdldYVUJQQU5QV05VRFNBSzdSVUlDMkFRSWZaRURKQVBNeFBFQnlBR3dQWFlDcEFSWVBaRUNmQUZqb1pFQ0dBRXY5WkVCRUFGbXRWMEJwQVVHTlhVQy9BVUVFU1VDVUFWSUVQRUMyQVZOeFBJQ2NBTFd1WklDdUFMbTNaRUNOQUpxeFEwQ1VBSTNHUTBDWEFQZ2hWMEJWQUtET1pFQmZBUHFIWFVCREFLZS9aSUI5QUczeFhVRFBBSWJaVUVCY0FHWWhaRUNJQVNnSFhZQkpBR0FuVjBEakFSNGpHMERLQVRxSklVQ0dBREdTWkVEU0FVWUdJVUF4QUQrblYwQ1hBSytvU1VCb0FMcjZRNENTQU91S1hVQ2lBSXZOWkVDOUFKelFaSUJOQUxiVFhVQkJBTDY4VjBDZUFIRFpaRUN3QUhQYVpFQlJBUHdIVUlCSEFIVzJYVURYQVJBVURVQzRBUzRIWkVEWEFTMENRMENZQURMNFpFQ3NBVXp1UEVCa0FDZ1JaQUFBDQoJCTwvQkRCPg0KCTwvQklSPg0KCTxCSVI-DQoJCTxCSVJJbmZvPg0KCQkJPEludGVncml0eT5mYWxzZTwvSW50ZWdyaXR5Pg0KCQk8L0JJUkluZm8-DQoJCTxCREJJbmZvPg0KCQkJPEZvcm1hdE93bmVyPjI1NzwvRm9ybWF0T3duZXI-DQoJCQk8Rm9ybWF0VHlwZT4yPC9Gb3JtYXRUeXBlPg0KCQkJPENyZWF0aW9uRGF0ZT4yMDE5LTAxLTI5VDE5OjExOjMzLjQzNCswNTozMDwvQ3JlYXRpb25EYXRlPg0KCQkJPFR5cGU-RmluZ2VyPC9UeXBlPg0KCQkJPFN1YnR5cGU-UmlnaHQgTWlkZGxlRmluZ2VyPC9TdWJ0eXBlPg0KCQkJPExldmVsPlJhdzwvTGV2ZWw-DQoJCQk8UHVycG9zZT5FbnJvbGw8L1B1cnBvc2U-DQoJCQk8UXVhbGl0eT45NTwvUXVhbGl0eT4NCgkJPC9CREJJbmZvPg0KCQk8QkRCPlJpZ2h0TWlkZGxlRmluZ2VyUmsxU0FDQXlNQUFBQUFGY0FBQUJQQUZpQU1VQXhRRUFBQUFvTlVCOUFNRjBWNENCQUtCQlBFQzBBTDY4WklDNEFLak5aRUJpQUp2V1hVQlBBTlBXTlVEU0FLN1JVSUMyQVFJZlpFREpBUE14UEVCeUFHd1BYWUNwQVJZUFpFQ2ZBRmpvWkVDR0FFdjlaRUJFQUZtdFYwQnBBVUdOWFVDL0FVRUVTVUNVQVZJRVBFQzJBVk54UElDY0FMV3VaSUN1QUxtM1pFQ05BSnF4UTBDVUFJM0dRMENYQVBnaFYwQlZBS0RPWkVCZkFQcUhYVUJEQUtlL1pJQjlBRzN4WFVEUEFJYlpVRUJjQUdZaFpFQ0lBU2dIWFlCSkFHQW5WMERqQVI0akcwREtBVHFKSVVDR0FER1NaRURTQVVZR0lVQXhBRCtuVjBDWEFLK29TVUJvQUxyNlE0Q1NBT3VLWFVDaUFJdk5aRUM5QUp6UVpJQk5BTGJUWFVCQkFMNjhWMENlQUhEWlpFQ3dBSFBhWkVCUkFQd0hVSUJIQUhXMlhVRFhBUkFVRFVDNEFTNEhaRURYQVMwQ1EwQ1lBREw0WkVDc0FVenVQRUJrQUNnUlpBQUENCgkJPC9CREI-DQoJPC9CSVI-DQoJPEJJUj4NCgkJPEJJUkluZm8-DQoJCQk8SW50ZWdyaXR5PmZhbHNlPC9JbnRlZ3JpdHk-DQoJCTwvQklSSW5mbz4NCgkJPEJEQkluZm8-DQoJCQk8Rm9ybWF0T3duZXI-MjU3PC9Gb3JtYXRPd25lcj4NCgkJCTxGb3JtYXRUeXBlPjI8L0Zvcm1hdFR5cGU-DQoJCQk8Q3JlYXRpb25EYXRlPjIwMTktMDEtMjlUMTk6MTE6MzMuNDM0KzA1OjMwPC9DcmVhdGlvbkRhdGU-DQoJCQk8VHlwZT5GaW5nZXI8L1R5cGU-DQoJCQk8U3VidHlwZT5MZWZ0IE1pZGRsZUZpbmdlcjwvU3VidHlwZT4NCgkJCTxMZXZlbD5SYXc8L0xldmVsPg0KCQkJPFB1cnBvc2U-RW5yb2xsPC9QdXJwb3NlPg0KCQkJPFF1YWxpdHk-OTU8L1F1YWxpdHk-DQoJCTwvQkRCSW5mbz4NCgkJPEJEQj5MZWZ0TWlkZGxlRmluZ2VyUmsxU0FDQXlNQUFBQUFGY0FBQUJQQUZpQU1VQXhRRUFBQUFvTlVCOUFNRjBWNENCQUtCQlBFQzBBTDY4WklDNEFLak5aRUJpQUp2V1hVQlBBTlBXTlVEU0FLN1JVSUMyQVFJZlpFREpBUE14UEVCeUFHd1BYWUNwQVJZUFpFQ2ZBRmpvWkVDR0FFdjlaRUJFQUZtdFYwQnBBVUdOWFVDL0FVRUVTVUNVQVZJRVBFQzJBVk54UElDY0FMV3VaSUN1QUxtM1pFQ05BSnF4UTBDVUFJM0dRMENYQVBnaFYwQlZBS0RPWkVCZkFQcUhYVUJEQUtlL1pJQjlBRzN4WFVEUEFJYlpVRUJjQUdZaFpFQ0lBU2dIWFlCSkFHQW5WMERqQVI0akcwREtBVHFKSVVDR0FER1NaRURTQVVZR0lVQXhBRCtuVjBDWEFLK29TVUJvQUxyNlE0Q1NBT3VLWFVDaUFJdk5aRUM5QUp6UVpJQk5BTGJUWFVCQkFMNjhWMENlQUhEWlpFQ3dBSFBhWkVCUkFQd0hVSUJIQUhXMlhVRFhBUkFVRFVDNEFTNEhaRURYQVMwQ1EwQ1lBREw0WkVDc0FVenVQRUJrQUNnUlpBQUENCgkJPC9CREI-DQoJPC9CSVI-DQoJPEJJUj4NCgkJPEJJUkluZm8-DQoJCQk8SW50ZWdyaXR5PmZhbHNlPC9JbnRlZ3JpdHk-DQoJCTwvQklSSW5mbz4NCgkJPEJEQkluZm8-DQoJCQk8Rm9ybWF0T3duZXI-MjU3PC9Gb3JtYXRPd25lcj4NCgkJCTxGb3JtYXRUeXBlPjI8L0Zvcm1hdFR5cGU-DQoJCQk8Q3JlYXRpb25EYXRlPjIwMTktMDEtMjlUMTk6MTE6MzMuNDM0KzA1OjMwPC9DcmVhdGlvbkRhdGU-DQoJCQk8VHlwZT5GaW5nZXI8L1R5cGU-DQoJCQk8U3VidHlwZT5SaWdodCBSaW5nRmluZ2VyPC9TdWJ0eXBlPg0KCQkJPExldmVsPlJhdzwvTGV2ZWw-DQoJCQk8UHVycG9zZT5FbnJvbGw8L1B1cnBvc2U-DQoJCQk8UXVhbGl0eT45NTwvUXVhbGl0eT4NCgkJPC9CREJJbmZvPg0KCQk8QkRCPlJpZ2h0UmluZ0ZpbmdlclJrMVNBQ0F5TUFBQUFBRmNBQUFCUEFGaUFNVUF4UUVBQUFBb05VQjlBTUYwVjRDQkFLQkJQRUMwQUw2OFpJQzRBS2pOWkVCaUFKdldYVUJQQU5QV05VRFNBSzdSVUlDMkFRSWZaRURKQVBNeFBFQnlBR3dQWFlDcEFSWVBaRUNmQUZqb1pFQ0dBRXY5WkVCRUFGbXRWMEJwQVVHTlhVQy9BVUVFU1VDVUFWSUVQRUMyQVZOeFBJQ2NBTFd1WklDdUFMbTNaRUNOQUpxeFEwQ1VBSTNHUTBDWEFQZ2hWMEJWQUtET1pFQmZBUHFIWFVCREFLZS9aSUI5QUczeFhVRFBBSWJaVUVCY0FHWWhaRUNJQVNnSFhZQkpBR0FuVjBEakFSNGpHMERLQVRxSklVQ0dBREdTWkVEU0FVWUdJVUF4QUQrblYwQ1hBSytvU1VCb0FMcjZRNENTQU91S1hVQ2lBSXZOWkVDOUFKelFaSUJOQUxiVFhVQkJBTDY4VjBDZUFIRFpaRUN3QUhQYVpFQlJBUHdIVUlCSEFIVzJYVURYQVJBVURVQzRBUzRIWkVEWEFTMENRMENZQURMNFpFQ3NBVXp1UEVCa0FDZ1JaQUFBDQoJCTwvQkRCPg0KCTwvQklSPg0KCTxCSVI-DQoJCTxCSVJJbmZvPg0KCQkJPEludGVncml0eT5mYWxzZTwvSW50ZWdyaXR5Pg0KCQk8L0JJUkluZm8-DQoJCTxCREJJbmZvPg0KCQkJPEZvcm1hdE93bmVyPjI1NzwvRm9ybWF0T3duZXI-DQoJCQk8Rm9ybWF0VHlwZT4yPC9Gb3JtYXRUeXBlPg0KCQkJPENyZWF0aW9uRGF0ZT4yMDE5LTAxLTI5VDE5OjExOjMzLjQzNCswNTozMDwvQ3JlYXRpb25EYXRlPg0KCQkJPFR5cGU-RmluZ2VyPC9UeXBlPg0KCQkJPFN1YnR5cGU-TGVmdCBSaW5nRmluZ2VyPC9TdWJ0eXBlPg0KCQkJPExldmVsPlJhdzwvTGV2ZWw-DQoJCQk8UHVycG9zZT5FbnJvbGw8L1B1cnBvc2U-DQoJCQk8UXVhbGl0eT45NTwvUXVhbGl0eT4NCgkJPC9CREJJbmZvPg0KCQk8QkRCPkxlZnRSaW5nRmluZ2VyUmsxU0FDQXlNQUFBQUFGY0FBQUJQQUZpQU1VQXhRRUFBQUFvTlVCOUFNRjBWNENCQUtCQlBFQzBBTDY4WklDNEFLak5aRUJpQUp2V1hVQlBBTlBXTlVEU0FLN1JVSUMyQVFJZlpFREpBUE14UEVCeUFHd1BYWUNwQVJZUFpFQ2ZBRmpvWkVDR0FFdjlaRUJFQUZtdFYwQnBBVUdOWFVDL0FVRUVTVUNVQVZJRVBFQzJBVk54UElDY0FMV3VaSUN1QUxtM1pFQ05BSnF4UTBDVUFJM0dRMENYQVBnaFYwQlZBS0RPWkVCZkFQcUhYVUJEQUtlL1pJQjlBRzN4WFVEUEFJYlpVRUJjQUdZaFpFQ0lBU2dIWFlCSkFHQW5WMERqQVI0akcwREtBVHFKSVVDR0FER1NaRURTQVVZR0lVQXhBRCtuVjBDWEFLK29TVUJvQUxyNlE0Q1NBT3VLWFVDaUFJdk5aRUM5QUp6UVpJQk5BTGJUWFVCQkFMNjhWMENlQUhEWlpFQ3dBSFBhWkVCUkFQd0hVSUJIQUhXMlhVRFhBUkFVRFVDNEFTNEhaRURYQVMwQ1EwQ1lBREw0WkVDc0FVenVQRUJrQUNnUlpBQUENCgkJPC9CREI-DQoJPC9CSVI-DQoJPEJJUj4NCgkJPEJJUkluZm8-DQoJCQk8SW50ZWdyaXR5PmZhbHNlPC9JbnRlZ3JpdHk-DQoJCTwvQklSSW5mbz4NCgkJPEJEQkluZm8-DQoJCQk8Rm9ybWF0T3duZXI-MjU3PC9Gb3JtYXRPd25lcj4NCgkJCTxGb3JtYXRUeXBlPjI8L0Zvcm1hdFR5cGU-DQoJCQk8Q3JlYXRpb25EYXRlPjIwMTktMDEtMjlUMTk6MTE6MzMuNDM0KzA1OjMwPC9DcmVhdGlvbkRhdGU-DQoJCQk8VHlwZT5GaW5nZXI8L1R5cGU-DQoJCQk8U3VidHlwZT5SaWdodCBMaXR0bGVGaW5nZXI8L1N1YnR5cGU-DQoJCQk8TGV2ZWw-UmF3PC9MZXZlbD4NCgkJCTxQdXJwb3NlPkVucm9sbDwvUHVycG9zZT4NCgkJCTxRdWFsaXR5Pjk1PC9RdWFsaXR5Pg0KCQk8L0JEQkluZm8-DQoJCTxCREI-UmlnaHRMaXR0bGVGaW5nZXJSazFTQUNBeU1BQUFBQUZjQUFBQlBBRmlBTVVBeFFFQUFBQW9OVUI5QU1GMFY0Q0JBS0JCUEVDMEFMNjhaSUM0QUtqTlpFQmlBSnZXWFVCUEFOUFdOVURTQUs3UlVJQzJBUUlmWkVESkFQTXhQRUJ5QUd3UFhZQ3BBUllQWkVDZkFGam9aRUNHQUV2OVpFQkVBRm10VjBCcEFVR05YVUMvQVVFRVNVQ1VBVklFUEVDMkFWTnhQSUNjQUxXdVpJQ3VBTG0zWkVDTkFKcXhRMENVQUkzR1EwQ1hBUGdoVjBCVkFLRE9aRUJmQVBxSFhVQkRBS2UvWklCOUFHM3hYVURQQUliWlVFQmNBR1loWkVDSUFTZ0hYWUJKQUdBblYwRGpBUjRqRzBES0FUcUpJVUNHQURHU1pFRFNBVVlHSVVBeEFEK25WMENYQUsrb1NVQm9BTHI2UTRDU0FPdUtYVUNpQUl2TlpFQzlBSnpRWklCTkFMYlRYVUJCQUw2OFYwQ2VBSERaWkVDd0FIUGFaRUJSQVB3SFVJQkhBSFcyWFVEWEFSQVVEVUM0QVM0SFpFRFhBUzBDUTBDWUFETDRaRUNzQVV6dVBFQmtBQ2dSWkFBQQ0KCQk8L0JEQj4NCgk8L0JJUj4NCgk8QklSPg0KCQk8QklSSW5mbz4NCgkJCTxJbnRlZ3JpdHk-ZmFsc2U8L0ludGVncml0eT4NCgkJPC9CSVJJbmZvPg0KCQk8QkRCSW5mbz4NCgkJCTxGb3JtYXRPd25lcj4yNTc8L0Zvcm1hdE93bmVyPg0KCQkJPEZvcm1hdFR5cGU-MjwvRm9ybWF0VHlwZT4NCgkJCTxDcmVhdGlvbkRhdGU-MjAxOS0wMS0yOVQxOToxMTozMy40MzQrMDU6MzA8L0NyZWF0aW9uRGF0ZT4NCgkJCTxUeXBlPkZpbmdlcjwvVHlwZT4NCgkJCTxTdWJ0eXBlPkxlZnQgTGl0dGxlRmluZ2VyPC9TdWJ0eXBlPg0KCQkJPExldmVsPlJhdzwvTGV2ZWw-DQoJCQk8UHVycG9zZT5FbnJvbGw8L1B1cnBvc2U-DQoJCQk8UXVhbGl0eT45NTwvUXVhbGl0eT4NCgkJPC9CREJJbmZvPg0KCQk8QkRCPlJrMVNBQ0F5TUFBQUFBRmNBQUFCUEFGaUFNVUF4UUVBQUFBb05VQjlBTUYwVjRDQkFLQkJQRUMwQUw2OFpJQzRBS2pOWkVCaUFKdldYVUJQQU5QV05VRFNBSzdSVUlDMkFRSWZaRURKQVBNeFBFQnlBR3dQWFlDcEFSWVBaRUNmQUZqb1pFQ0dBRXY5WkVCRUFGbXRWMEJwQVVHTlhVQy9BVUVFU1VDVUFWSUVQRUMyQVZOeFBJQ2NBTFd1WklDdUFMbTNaRUNOQUpxeFEwQ1VBSTNHUTBDWEFQZ2hWMEJWQUtET1pFQmZBUHFIWFVCREFLZS9aSUI5QUczeFhVRFBBSWJaVUVCY0FHWWhaRUNJQVNnSFhZQkpBR0FuVjBEakFSNGpHMERLQVRxSklVQ0dBREdTWkVEU0FVWUdJVUF4QUQrblYwQ1hBSytvU1VCb0FMcjZRNENTQU91S1hVQ2lBSXZOWkVDOUFKelFaSUJOQUxiVFhVQkJBTDY4VjBDZUFIRFpaRUN3QUhQYVpFQlJBUHdIVUlCSEFIVzJYVURYQVJBVURVQzRBUzRIWkVEWEFTMENRMENZQURMNFpFQ3NBVXp1UEVCa0FDZ1JaQUFBDQoJCTwvQkRCPg0KCTwvQklSPg0KCTxCSVI-DQoJCTxCSVJJbmZvPg0KCQkJPEludGVncml0eT5mYWxzZTwvSW50ZWdyaXR5Pg0KCQk8L0JJUkluZm8-DQoJCTxCREJJbmZvPg0KCQkJPEZvcm1hdE93bmVyPjI1NzwvRm9ybWF0T3duZXI-DQoJCQk8Rm9ybWF0VHlwZT45PC9Gb3JtYXRUeXBlPg0KCQkJPENyZWF0aW9uRGF0ZT4yMDE5LTAxLTI5VDE5OjExOjMzLjQzNCswNTozMDwvQ3JlYXRpb25EYXRlPg0KCQkJPFR5cGU-SXJpczwvVHlwZT4NCgkJCTxTdWJ0eXBlPlJpZ2h0PC9TdWJ0eXBlPg0KCQkJPExldmVsPlJhdzwvTGV2ZWw-DQoJCQk8UHVycG9zZT5FbnJvbGw8L1B1cnBvc2U-DQoJCQk8UXVhbGl0eT45NTwvUXVhbGl0eT4NCgkJPC9CREJJbmZvPg0KCQk8QkRCPklyaXNSaWdodGsxU0FDQXlNQUFBQUFFSUFBQUJQQUZpQU1VQXhRRUFBQUFvSjRDZUFLOU9WNENyQUs0OVpJQ1JBSXZPVjREQ0FMK3ZaSUJrQU1mVFpJQm9BSEd0WklEbUFNdThaSUJLQUd5d1pJQ0FBRU9PWkVESkFSVVVaSUFpQUlLcVVJQ2xBVEFJWkVBeUFEaVhYWUNoQUxoU1pJQ0lBSm5NWFlDRkFJeTNWNERPQUtGQlpJQlBBS0kyWklDK0FQYVZaSURXQUc3R1pJQ3VBUTRaWklBM0FIZXVaSUVJQU0vSlVFRUNBUFN0VjBEMkFRb3RWMERNQVVuOFY0Q2xBS0JMVjRDNUFLNnNaRUIxQUkwa1pFQ1NBSGFhWFlDTEFHR1FaRURyQUtURlpJRGlBRy9LWklCMUFReGpaSUJqQVJObFpJRHFBRmZSWkVCTUFSeHRVRUFvQUZ1Y1hVQkZBQlVRU1FBQQ0KCQk8L0JEQj4NCgk8L0JJUj4NCgk8QklSPg0KCQk8QklSSW5mbz4NCgkJCTxJbnRlZ3JpdHk-ZmFsc2U8L0ludGVncml0eT4NCgkJPC9CSVJJbmZvPg0KCQk8QkRCSW5mbz4NCgkJCTxGb3JtYXRPd25lcj4yNTc8L0Zvcm1hdE93bmVyPg0KCQkJPEZvcm1hdFR5cGU-OTwvRm9ybWF0VHlwZT4NCgkJCTxDcmVhdGlvbkRhdGU-MjAxOS0wMS0yOVQxOToxMTozMy40MzQrMDU6MzA8L0NyZWF0aW9uRGF0ZT4NCgkJCTxUeXBlPklyaXM8L1R5cGU-DQoJCQk8U3VidHlwZT5MZWZ0PC9TdWJ0eXBlPg0KCQkJPExldmVsPlJhdzwvTGV2ZWw-DQoJCQk8UHVycG9zZT5FbnJvbGw8L1B1cnBvc2U-DQoJCQk8UXVhbGl0eT45NTwvUXVhbGl0eT4NCgkJPC9CREJJbmZvPg0KCQk8QkRCPklyaXNMZWZ0azFTQUNBeU1BQUFBQUQyQUFBQlBBRmlBTVVBeFFFQUFBQW9KSUIvQU5OQ1NZQ0xBUEEwUTRDRUFQcFdVRUI3QUxXM1NVREFBUERBVjBEQ0FLbldaRURIQVEyd1hVQStBTXkvWklCTEFSYmVaRUJCQUpVa1pJQTVBSUNzWkVDWUFWUUZQSUNmQU11OFpJQjZBT3ROUTRDTEFQOGxVSUNvQVBxalpFREdBTXpKVjRDa0FSb29aRURhQU56VlBFQzZBU1FuVjRDa0FIN2laRUNWQUdud1pFQnRBR0dVWkVCWEFWQnlJWUNCQU8xQVEwQjdBTURHVUVDekFOTEFaSUI5QVFSaFVJQlNBTjdOWkVEUEFQelRWMEJ4QUl5Z1hZRFdBUXZSUTREY0FLYmNWNEFoQUtLcVhVQ0pBVlo3UElDUkFGRi9aQUFBDQoJCTwvQkRCPg0KCTwvQklSPg0KCTxCSVI-DQoJCTxCSVJJbmZvPg0KCQkJPEludGVncml0eT5mYWxzZTwvSW50ZWdyaXR5Pg0KCQk8L0JJUkluZm8-DQoJCTxCREJJbmZvPg0KCQkJPEZvcm1hdE93bmVyPjI1NzwvRm9ybWF0T3duZXI-DQoJCQk8Rm9ybWF0VHlwZT44PC9Gb3JtYXRUeXBlPg0KCQkJPENyZWF0aW9uRGF0ZT4yMDE5LTAxLTI5VDE5OjExOjMzLjQzNCswNTozMDwvQ3JlYXRpb25EYXRlPg0KCQkJPFR5cGU-RmFjZTwvVHlwZT4NCgkJCTxMZXZlbD5SYXc8L0xldmVsPg0KCQkJPFB1cnBvc2U-RW5yb2xsPC9QdXJwb3NlPg0KCQkJPFF1YWxpdHk-OTU8L1F1YWxpdHk-DQoJCTwvQkRCSW5mbz4NCgkJPEJEQj5SazFTQUNBeU1BQUFBQUZjQUFBQlBBRmlBTVVBeFFFQUFBQW9OVUI5QU1GMFY0Q0JBS0JCUEVDMEFMNjhaSUM0QUtqTlpFQmlBSnZXWFVCUEFOUFdOVURTQUs3UlVJQzJBUUlmWkVESkFQTXhQRUJ5QUd3UFhZQ3BBUllQWkVDZkFGam9aRUNHQUV2OVpFQkVBRm10VjBCcEFVR05YVUMvQVVFRVNVQ1VBVklFUEVDMkFWTnhQSUNjQUxXdVpJQ3VBTG0zWkVDTkFKcXhRMENVQUkzR1EwQ1hBUGdoVjBCVkFLRE9aRUJmQVBxSFhVQkRBS2UvWklCOUFHM3hYVURQQUliWlVFQmNBR1loWkVDSUFTZ0hYWUJKQUdBblYwRGpBUjRqRzBES0FUcUpJVUNHQURHU1pFRFNBVVlHSVVBeEFEK25WMENYQUsrb1NVQm9BTHI2UTRDU0FPdUtYVUNpQUl2TlpFQzlBSnpRWklCTkFMYlRYVUJCQUw2OFYwQ2VBSERaWkVDd0FIUGFaRUJSQVB3SFVJQkhBSFcyWFVEWEFSQVVEVUM0QVM0SFpFRFhBUzBDUTBDWUFETDRaRUNzQVV6dVBFQmtBQ2dSWkFBQQ0KCQk8L0JEQj4NCgk8L0JJUj4NCjwvQklSPg0K"
      }
    ],
    "identity": {
      "CNIENumber": "6789545678911",
      "IDSchemaVersion": 1.0,
      "UIN": 2357983275,
      "addressLine1": [
        {
          "language": "eng",
          "value": "Mount Read"
        },
        {
          "language": "ara",
          "value": "مُُنت رَِد"
        },
        {
          "language": "fra",
          "value": "Mount Read"
        }
      ],
      "addressLine2": [
        {
          "language": "eng",
          "value": "Sravya Street House"
        },
        {
          "language": "ara",
          "value": "سرَڤيَ سترِِت هُُسِ"
        },
        {
          "language": "fra",
          "value": "Sravya Street House"
        }
      ],
      "addressLine3": [
        {
          "language": "eng",
          "value": "Pacific Ocean"
        },
        {
          "language": "ara",
          "value": "پَسِفِك ُسَِن"
        },
        {
          "language": "fra",
          "value": "Pacific Ocean"
        }
      ],
      "age": 25,
      "city": [
        {
          "language": "eng",
          "value": "Kenitra"
        },
        {
          "language": "ara",
          "value": "الرباط"
        },
        {
          "language": "fra",
          "value": "Kénitra"
        }
      ],
      "dateOfBirth": "1970/06/13",
      "email": "Leonamary.Susairaja@mindtree.com",
      "fullName": [
        {
          "language": "eng",
          "value": "Mohammed Arshad"
        },
        {
          "language": "ara",
          "value": "مُهَممِد َرسهَد"
        },
        {
          "language": "fra",
          "value": "Mohammed Arshad"
        }
      ],
      "gender": [
        {
          "language": "ara",
          "value": "الذكر"
        },
        {
          "language": "fra",
          "value": "Mâle"
        },
        {
          "language": "eng",
          "value": "Male"
        }
      ],
      "individualBiometrics": {
        "format": "cbeff",
        "value": "fileReferenceID",
        "version": 1.0
      },
      "localAdministrativeAuthority": [
        {
          "language": "eng",
          "value": "Mograne"
        },
        {
          "language": "ara",
          "value": "بن منصور"
        },
        {
          "language": "fra",
          "value": "Mograne"
        }
      ],
      "parentOrGuardianName": [
        {
          "language": "eng",
          "value": "Full Name"
        },
        {
          "language": "ara",
          "value": "فُلل نَمِ"
        },
        {
          "language": "fra",
          "value": "Full Name"
        }
      ],
      "phone": "9333356541",
      "postalCode": "14110",
      "province": [
        {
          "language": "eng",
          "value": "Kenitra"
        },
        {
          "language": "ara",
          "value": "القنيطرة"
        },
        {
          "language": "fra",
          "value": "Rabat"
        }
      ],
      "region": [
        {
          "language": "eng",
          "value": "Rabat Sale Kenitra"
        },
        {
          "language": "ara",
          "value": "جهة الرباط سلا القنيطرة"
        },
        {
          "language": "fra",
          "value": "Rabat-Salé-Kénitra"
        }
      ],
      "residenceStatus": "MOROCCO"
    },
    "registrationId": "27847657360002520190712185755"
  },
  "requesttime": "2019-07-12T13:27:55.097Z",
  "version": "v1"
}</textarea></pre>]]>
            </line>
            <line>
              <![CDATA[<b><u>Actual Response Content: </u></b>(EndPointUrl: https://qa.mosip.io/idrepository/v1/identity/) <pre><textarea style='border:solid 1px white;' name='message' rows='20' cols='160' readonly='true'>{
  "id": "mosip.id.create",
  "version": "v1",
  "responsetime": "2019-07-12T13:28:20.053Z",
  "response": {
    "status": "ACTIVATED"
  },
  "errors": []
}</textarea></pre>]]>
            </line>
            <line>
              <![CDATA[<b> Output validation for: </b>D:\codeFreeze\mosip\e2etestrig\ida-automation\target\classes\MosipTemporaryTestResource\ida\UINData\CreateTestData\Authentication_Create_valid_uin_smoke_3_record\output-1-actual-res.json vs D:\codeFreeze\mosip\e2etestrig\ida-automation\target\classes\MosipTemporaryTestResource\ida\UINData\CreateTestData\Authentication_Create_valid_uin_smoke_3_record\output-1-expected-res.json]]>
            </line>
            <line>
              <![CDATA[<table width='90%' charset='UTF8'>
  <tr>
    <th>FieldName</th>
    <th>Expected Value</th> 
    <th>Actual Value</th>
    <th>Status</th>
  </tr>
  <tr>
    <td>metadata</td>
    <td>NOT VERIFIED</td>
    <td>null</td>
    <td bgcolor='LIGHTYELLOW'>WARNING</td>
  </tr>
  <tr>
    <td>response.identity</td>
    <td>NOT VERIFIED</td>
    <td>null</td>
    <td bgcolor='LIGHTYELLOW'>WARNING</td>
  </tr>
  <tr>
    <td>response.documents</td>
    <td>NOT VERIFIED</td>
    <td>null</td>
    <td bgcolor='LIGHTYELLOW'>WARNING</td>
  </tr>
  <tr>
    <td>id</td>
    <td>mosip.id.create</td>
    <td>mosip.id.create</td>
    <td bgcolor='Green'>PASS</td>
  </tr>
  <tr>
    <td>response.status</td>
    <td>ACTIVATED</td>
    <td>ACTIVATED</td>
    <td bgcolor='Green'>PASS</td>
  </tr>
</table>]]>
            </line>
          </reporter-output>
        </test-method> <!-- Create UIN -->
        <test-method status="PASS" signature="setResultTestName(org.testng.ITestResult)[pri:0, instance:io.mosip.authentication.idRepository.prerequiste.CreateUinRecord@50de0926]" test-instance-name="Create UIN" name="setResultTestName" is-config="true" duration-ms="2" started-at="2019-07-12T18:58:25Z" finished-at="2019-07-12T18:58:25Z">
          <params>
            <param index="0">
              <value>
                <![CDATA[[TestResult name=Create UIN status=SUCCESS method=CreateUinRecord.generateUINTestData()[pri:0, instance:io.mosip.authentication.idRepository.prerequiste.CreateUinRecord@50de0926] output=<b><u>UIN create request</u></b>]]]>
              </value>
            </param>
          </params>
          <reporter-output>
          </reporter-output>
        </test-method> <!-- setResultTestName -->
        <test-method status="PASS" signature="storeUinRidData()[pri:0, instance:io.mosip.authentication.idRepository.prerequiste.CreateUinRecord@50de0926]" test-instance-name="Create UIN" name="storeUinRidData" is-config="true" duration-ms="45" started-at="2019-07-12T18:58:25Z" finished-at="2019-07-12T18:58:25Z">
          <reporter-output>
          </reporter-output>
        </test-method> <!-- storeUinRidData -->
        <test-method status="PASS" signature="authTestTearDown()[pri:0, instance:io.mosip.authentication.idRepository.prerequiste.CreateUinRecord@50de0926]" test-instance-name="Create UIN" name="authTestTearDown" is-config="true" duration-ms="5" started-at="2019-07-12T18:58:25Z" finished-at="2019-07-12T18:58:25Z">
          <reporter-output>
          </reporter-output>
        </test-method> <!-- authTestTearDown -->
        <test-method status="PASS" signature="testTearDown()[pri:0, instance:io.mosip.authentication.idRepository.prerequiste.CreateUinRecord@50de0926]" test-instance-name="Create UIN" name="testTearDown" is-config="true" duration-ms="0" started-at="2019-07-12T18:58:25Z" finished-at="2019-07-12T18:58:25Z">
          <reporter-output>
          </reporter-output>
        </test-method> <!-- testTearDown -->
      </class> <!-- io.mosip.authentication.idRepository.prerequiste.CreateUinRecord -->
    </test> <!-- AuthenticationTest -->
  </suite> <!-- Mosip API Suite -->
</testng-results>
