<?xml version="1.0" encoding="UTF-8"?>
<!-- Generated by org.testng.reporters.JUnitXMLReporter -->
<testsuite hostname="A2ML30049" ignored="0" name="Default test" tests="5" failures="0" timestamp="04 Jun 2019 05:05:30 GMT" time="46.803" errors="0">
  <testcase name="" time="0.01" classname="io.mosip.e2e.tests.EndToEndRun"/>
  <testcase name="E2E_AdultPacket_getPrids" time="0.003" classname="io.mosip.e2e.tests.EndToEndRun"/>
  <testcase name="E2E_AdultPacket_getPackets" time="8.134" classname="io.mosip.e2e.tests.EndToEndRun"/>
  <testcase name="E2E_AdultPacket_syncPacket" time="2.744" classname="io.mosip.e2e.tests.EndToEndRun"/>
  <testcase name="E2E_AdultPacket_uploadPacket" time="35.874" classname="io.mosip.e2e.tests.EndToEndRun"/>
</testsuite> <!-- Default test -->
