<?xml version="1.0" encoding="UTF-8"?>
<testng-results skipped="0" failed="0" ignored="0" total="1" passed="1">
  <reporter-output>
  </reporter-output>
  <suite name="Default suite" duration-ms="34" started-at="2019-05-23T07:01:30Z" finished-at="2019-05-23T07:01:30Z">
    <groups>
    </groups>
    <test name="Default test" duration-ms="34" started-at="2019-05-23T07:01:30Z" finished-at="2019-05-23T07:01:30Z">
      <class name="io.mosip.test.Booking">
        <test-method status="PASS" signature="main1()[pri:0, instance:io.mosip.test.Booking@27a8c74e]" name="main1" duration-ms="11" started-at="2019-05-23T12:31:30Z" finished-at="2019-05-23T12:31:30Z">
          <reporter-output>
          </reporter-output>
        </test-method> <!-- main1 -->
      </class> <!-- io.mosip.test.Booking -->
    </test> <!-- Default test -->
  </suite> <!-- Default suite -->
</testng-results>
