<?xml version="1.0" encoding="UTF-8"?>
<testng-results skipped="0" failed="0" ignored="0" total="5" passed="5">
  <reporter-output>
  </reporter-output>
  <suite name="Mosip E2E Suite" duration-ms="42696" started-at="2019-06-04T05:07:33Z" finished-at="2019-06-04T05:08:16Z">
    <groups>
    </groups>
    <test name="E2E Tests" duration-ms="42696" started-at="2019-06-04T05:07:33Z" finished-at="2019-06-04T05:08:16Z">
      <class name="io.mosip.e2e.tests.EndToEndRun">
        <test-method status="PASS" signature="getPrids()[pri:1, instance:io.mosip.e2e.tests.EndToEndRun@6e75aa0d]" test-instance-name="E2E_AdultPacket_compareDbTransactions" name="E2E_AdultPacket_getPrids" duration-ms="12" started-at="2019-06-04T05:07:33Z" finished-at="2019-06-04T05:07:33Z">
          <reporter-output>
          </reporter-output>
        </test-method> <!-- E2E_AdultPacket_getPrids -->
        <test-method status="PASS" signature="setResultTestName(org.testng.ITestResult)[pri:0, instance:io.mosip.e2e.tests.EndToEndRun@6e75aa0d]" test-instance-name="E2E_AdultPacket_compareDbTransactions" name="setResultTestName" is-config="true" duration-ms="4" started-at="2019-06-04T05:07:33Z" finished-at="2019-06-04T05:07:33Z">
          <params>
            <param index="0">
              <value>
                <![CDATA[[TestResult name="" status=SUCCESS method=EndToEndRun.getPrids()[pri:1, instance:io.mosip.e2e.tests.EndToEndRun@6e75aa0d] output={null}]]]>
              </value>
            </param>
          </params>
          <reporter-output>
          </reporter-output>
        </test-method> <!-- setResultTestName -->
        <test-method status="PASS" signature="getPackets()[pri:2, instance:io.mosip.e2e.tests.EndToEndRun@6e75aa0d]" test-instance-name="E2E_AdultPacket_compareDbTransactions" name="E2E_AdultPacket_getPackets" duration-ms="3" started-at="2019-06-04T05:07:33Z" finished-at="2019-06-04T05:07:33Z">
          <reporter-output>
          </reporter-output>
        </test-method> <!-- E2E_AdultPacket_getPackets -->
        <test-method status="PASS" signature="setResultTestName(org.testng.ITestResult)[pri:0, instance:io.mosip.e2e.tests.EndToEndRun@6e75aa0d]" test-instance-name="E2E_AdultPacket_compareDbTransactions" name="setResultTestName" is-config="true" duration-ms="0" started-at="2019-06-04T05:07:33Z" finished-at="2019-06-04T05:07:33Z">
          <params>
            <param index="0">
              <value>
                <![CDATA[[TestResult name=E2E_AdultPacket_getPrids status=SUCCESS method=EndToEndRun.getPackets()[pri:2, instance:io.mosip.e2e.tests.EndToEndRun@6e75aa0d] output={null}]]]>
              </value>
            </param>
          </params>
          <reporter-output>
          </reporter-output>
        </test-method> <!-- setResultTestName -->
        <test-method status="PASS" signature="syncPacket()[pri:3, instance:io.mosip.e2e.tests.EndToEndRun@6e75aa0d]" test-instance-name="E2E_AdultPacket_compareDbTransactions" name="E2E_AdultPacket_syncPacket" duration-ms="6482" started-at="2019-06-04T05:07:33Z" finished-at="2019-06-04T05:07:40Z">
          <reporter-output>
          </reporter-output>
        </test-method> <!-- E2E_AdultPacket_syncPacket -->
        <test-method status="PASS" signature="setResultTestName(org.testng.ITestResult)[pri:0, instance:io.mosip.e2e.tests.EndToEndRun@6e75aa0d]" test-instance-name="E2E_AdultPacket_compareDbTransactions" name="setResultTestName" is-config="true" duration-ms="0" started-at="2019-06-04T05:07:40Z" finished-at="2019-06-04T05:07:40Z">
          <params>
            <param index="0">
              <value>
                <![CDATA[[TestResult name=E2E_AdultPacket_getPackets status=SUCCESS method=EndToEndRun.syncPacket()[pri:3, instance:io.mosip.e2e.tests.EndToEndRun@6e75aa0d] output={null}]]]>
              </value>
            </param>
          </params>
          <reporter-output>
          </reporter-output>
        </test-method> <!-- setResultTestName -->
        <test-method status="PASS" signature="uploadPacket()[pri:4, instance:io.mosip.e2e.tests.EndToEndRun@6e75aa0d]" test-instance-name="E2E_AdultPacket_compareDbTransactions" name="E2E_AdultPacket_uploadPacket" duration-ms="2429" started-at="2019-06-04T05:07:40Z" finished-at="2019-06-04T05:07:42Z">
          <reporter-output>
          </reporter-output>
        </test-method> <!-- E2E_AdultPacket_uploadPacket -->
        <test-method status="PASS" signature="setResultTestName(org.testng.ITestResult)[pri:0, instance:io.mosip.e2e.tests.EndToEndRun@6e75aa0d]" test-instance-name="E2E_AdultPacket_compareDbTransactions" name="setResultTestName" is-config="true" duration-ms="0" started-at="2019-06-04T05:07:42Z" finished-at="2019-06-04T05:07:42Z">
          <params>
            <param index="0">
              <value>
                <![CDATA[[TestResult name=E2E_AdultPacket_syncPacket status=SUCCESS method=EndToEndRun.uploadPacket()[pri:4, instance:io.mosip.e2e.tests.EndToEndRun@6e75aa0d] output={null}]]]>
              </value>
            </param>
          </params>
          <reporter-output>
          </reporter-output>
        </test-method> <!-- setResultTestName -->
        <test-method status="PASS" signature="compareDbTransactions()[pri:5, instance:io.mosip.e2e.tests.EndToEndRun@6e75aa0d]" test-instance-name="E2E_AdultPacket_compareDbTransactions" name="E2E_AdultPacket_compareDbTransactions" duration-ms="33725" started-at="2019-06-04T05:07:42Z" finished-at="2019-06-04T05:08:16Z">
          <reporter-output>
          </reporter-output>
        </test-method> <!-- E2E_AdultPacket_compareDbTransactions -->
        <test-method status="PASS" signature="setResultTestName(org.testng.ITestResult)[pri:0, instance:io.mosip.e2e.tests.EndToEndRun@6e75aa0d]" test-instance-name="E2E_AdultPacket_compareDbTransactions" name="setResultTestName" is-config="true" duration-ms="0" started-at="2019-06-04T05:08:16Z" finished-at="2019-06-04T05:08:16Z">
          <params>
            <param index="0">
              <value>
                <![CDATA[[TestResult name=E2E_AdultPacket_uploadPacket status=SUCCESS method=EndToEndRun.compareDbTransactions()[pri:5, instance:io.mosip.e2e.tests.EndToEndRun@6e75aa0d] output={null}]]]>
              </value>
            </param>
          </params>
          <reporter-output>
          </reporter-output>
        </test-method> <!-- setResultTestName -->
      </class> <!-- io.mosip.e2e.tests.EndToEndRun -->
    </test> <!-- E2E Tests -->
  </suite> <!-- Mosip E2E Suite -->
</testng-results>
