TN:
SF:D:\workspace\MOSIP\Angular\mosip\pre-registration\pre-registration-ui\src\polyfills.ts
FNF:0
FNH:0
LF:0
LH:0
BRF:0
BRH:0
end_of_record
TN:
SF:D:\workspace\MOSIP\Angular\mosip\pre-registration\pre-registration-ui\src\test.ts
FNF:0
FNH:0
DA:6,1
DA:8,1
DA:10,1
LF:3
LH:3
BRF:0
BRH:0
end_of_record
TN:
SF:D:\workspace\MOSIP\Angular\mosip\pre-registration\pre-registration-ui\src\app\app-routing.module.ts
FN:1,(anonymous_0)
FN:17,(anonymous_1)
FN:18,AppRoutingModule
FNF:3
FNH:2
FNDA:1,(anonymous_0)
FNDA:1,(anonymous_1)
FNDA:0,AppRoutingModule
DA:1,1
DA:2,1
DA:3,1
DA:4,1
DA:5,1
DA:12,1
DA:17,1
DA:20,1
DA:26,1
LF:9
LH:9
BRDA:1,0,0,1
BRDA:1,0,1,0
BRDA:1,0,2,1
BRDA:2,1,0,1
BRDA:2,1,1,0
BRDA:2,2,0,0
BRDA:2,2,1,0
BRDA:3,3,0,0
BRDA:3,3,1,1
BRDA:3,4,0,1
BRDA:3,4,1,1
BRDA:4,5,0,1
BRDA:4,5,1,0
BRDA:4,6,0,1
BRDA:4,6,1,0
BRDA:4,7,0,1
BRDA:4,7,1,0
BRDA:4,8,0,0
BRDA:4,8,1,0
BRDA:5,9,0,1
BRDA:5,9,1,0
BRDA:5,9,2,0
BRF:22
BRH:10
end_of_record
TN:
SF:D:\workspace\MOSIP\Angular\mosip\pre-registration\pre-registration-ui\src\app\app.component.ts
FN:1,(anonymous_0)
FN:8,(anonymous_1)
FN:9,AppComponent
FNF:3
FNH:2
FNDA:1,(anonymous_0)
FNDA:1,(anonymous_1)
FNDA:0,AppComponent
DA:1,1
DA:2,1
DA:3,1
DA:4,1
DA:5,1
DA:8,1
DA:10,0
DA:12,1
DA:19,1
LF:9
LH:8
BRDA:1,0,0,1
BRDA:1,0,1,0
BRDA:1,0,2,1
BRDA:2,1,0,1
BRDA:2,1,1,0
BRDA:2,2,0,0
BRDA:2,2,1,0
BRDA:3,3,0,0
BRDA:3,3,1,1
BRDA:3,4,0,1
BRDA:3,4,1,1
BRDA:4,5,0,1
BRDA:4,5,1,0
BRDA:4,6,0,1
BRDA:4,6,1,0
BRDA:4,7,0,1
BRDA:4,7,1,0
BRDA:4,8,0,0
BRDA:4,8,1,0
BRDA:5,9,0,1
BRDA:5,9,1,0
BRDA:5,9,2,0
BRF:22
BRH:10
end_of_record
TN:
SF:D:\workspace\MOSIP\Angular\mosip\pre-registration\pre-registration-ui\src\app\material.module.ts
FN:1,(anonymous_0)
FN:13,(anonymous_1)
FN:14,MaterialModule
FNF:3
FNH:2
FNDA:1,(anonymous_0)
FNDA:1,(anonymous_1)
FNDA:0,MaterialModule
DA:1,1
DA:2,1
DA:3,1
DA:4,1
DA:5,1
DA:13,1
DA:16,1
DA:61,1
LF:8
LH:8
BRDA:1,0,0,1
BRDA:1,0,1,0
BRDA:1,0,2,1
BRDA:2,1,0,1
BRDA:2,1,1,0
BRDA:2,2,0,0
BRDA:2,2,1,0
BRDA:3,3,0,0
BRDA:3,3,1,1
BRDA:3,4,0,1
BRDA:3,4,1,1
BRDA:4,5,0,1
BRDA:4,5,1,0
BRDA:4,6,0,1
BRDA:4,6,1,0
BRDA:4,7,0,1
BRDA:4,7,1,0
BRDA:4,8,0,0
BRDA:4,8,1,0
BRDA:5,9,0,1
BRDA:5,9,1,0
BRDA:5,9,2,0
BRF:22
BRH:10
end_of_record
TN:
SF:D:\workspace\MOSIP\Angular\mosip\pre-registration\pre-registration-ui\src\app\auth\auth.service.ts
FN:1,(anonymous_0)
FN:2,AuthService
FN:4,(anonymous_2)
FNF:3
FNH:1
FNDA:1,(anonymous_0)
FNDA:0,AuthService
FNDA:0,(anonymous_2)
DA:1,1
DA:4,1
DA:5,0
DA:7,1
LF:4
LH:3
BRF:0
BRH:0
end_of_record
TN:
SF:D:\workspace\MOSIP\Angular\mosip\pre-registration\pre-registration-ui\src\app\auth\login\login.component.ts
FN:1,(anonymous_0)
FN:7,(anonymous_1)
FN:11,(anonymous_2)
FN:12,LoginComponent
FN:14,(anonymous_4)
FNF:5
FNH:5
FNDA:1,(anonymous_0)
FNDA:1,(anonymous_1)
FNDA:1,(anonymous_2)
FNDA:1,LoginComponent
FNDA:1,(anonymous_4)
DA:1,1
DA:2,1
DA:3,1
DA:4,2
DA:5,1
DA:7,1
DA:8,1
DA:11,1
DA:14,1
DA:16,1
DA:24,1
LF:11
LH:11
BRDA:1,0,0,1
BRDA:1,0,1,0
BRDA:1,0,2,1
BRDA:2,1,0,1
BRDA:2,1,1,0
BRDA:2,2,0,0
BRDA:2,2,1,0
BRDA:3,3,0,0
BRDA:3,3,1,1
BRDA:3,4,0,1
BRDA:3,4,1,1
BRDA:4,5,0,2
BRDA:4,5,1,0
BRDA:4,6,0,2
BRDA:4,6,1,1
BRDA:4,7,0,2
BRDA:4,7,1,0
BRDA:4,8,0,0
BRDA:4,8,1,0
BRDA:5,9,0,1
BRDA:5,9,1,0
BRDA:5,9,2,0
BRDA:7,10,0,1
BRDA:7,10,1,0
BRDA:7,10,2,1
BRDA:8,11,0,1
BRDA:8,11,1,0
BRDA:8,12,0,1
BRDA:8,12,1,1
BRF:29
BRH:16
end_of_record
TN:
SF:D:\workspace\MOSIP\Angular\mosip\pre-registration\pre-registration-ui\src\app\core\core.module.ts
FN:1,(anonymous_0)
FN:16,(anonymous_1)
FN:17,CoreModule
FNF:3
FNH:3
FNDA:1,(anonymous_0)
FNDA:1,(anonymous_1)
FNDA:1,CoreModule
DA:1,1
DA:2,1
DA:3,1
DA:4,1
DA:5,1
DA:16,1
DA:19,1
DA:26,1
LF:8
LH:8
BRDA:1,0,0,1
BRDA:1,0,1,0
BRDA:1,0,2,1
BRDA:2,1,0,1
BRDA:2,1,1,0
BRDA:2,2,0,0
BRDA:2,2,1,0
BRDA:3,3,0,0
BRDA:3,3,1,1
BRDA:3,4,0,1
BRDA:3,4,1,1
BRDA:4,5,0,1
BRDA:4,5,1,0
BRDA:4,6,0,1
BRDA:4,6,1,0
BRDA:4,7,0,1
BRDA:4,7,1,0
BRDA:4,8,0,0
BRDA:4,8,1,0
BRDA:5,9,0,1
BRDA:5,9,1,0
BRDA:5,9,2,0
BRF:22
BRH:10
end_of_record
TN:
SF:D:\workspace\MOSIP\Angular\mosip\pre-registration\pre-registration-ui\src\app\core\about-us\about-us.component.ts
FN:1,(anonymous_0)
FN:7,(anonymous_1)
FN:11,(anonymous_2)
FN:12,AboutUsComponent
FN:14,(anonymous_4)
FNF:5
FNH:5
FNDA:1,(anonymous_0)
FNDA:1,(anonymous_1)
FNDA:1,(anonymous_2)
FNDA:1,AboutUsComponent
FNDA:1,(anonymous_4)
DA:1,1
DA:2,1
DA:3,1
DA:4,2
DA:5,1
DA:7,1
DA:8,1
DA:11,1
DA:14,1
DA:16,1
DA:24,1
LF:11
LH:11
BRDA:1,0,0,1
BRDA:1,0,1,0
BRDA:1,0,2,1
BRDA:2,1,0,1
BRDA:2,1,1,0
BRDA:2,2,0,0
BRDA:2,2,1,0
BRDA:3,3,0,0
BRDA:3,3,1,1
BRDA:3,4,0,1
BRDA:3,4,1,1
BRDA:4,5,0,2
BRDA:4,5,1,0
BRDA:4,6,0,2
BRDA:4,6,1,1
BRDA:4,7,0,2
BRDA:4,7,1,0
BRDA:4,8,0,0
BRDA:4,8,1,0
BRDA:5,9,0,1
BRDA:5,9,1,0
BRDA:5,9,2,0
BRDA:7,10,0,1
BRDA:7,10,1,0
BRDA:7,10,2,1
BRDA:8,11,0,1
BRDA:8,11,1,0
BRDA:8,12,0,1
BRDA:8,12,1,1
BRF:29
BRH:16
end_of_record
TN:
SF:D:\workspace\MOSIP\Angular\mosip\pre-registration\pre-registration-ui\src\app\core\contact\contact.component.ts
FN:1,(anonymous_0)
FN:7,(anonymous_1)
FN:11,(anonymous_2)
FN:12,ContactComponent
FN:14,(anonymous_4)
FNF:5
FNH:5
FNDA:1,(anonymous_0)
FNDA:1,(anonymous_1)
FNDA:1,(anonymous_2)
FNDA:1,ContactComponent
FNDA:1,(anonymous_4)
DA:1,1
DA:2,1
DA:3,1
DA:4,2
DA:5,1
DA:7,1
DA:8,1
DA:11,1
DA:14,1
DA:16,1
DA:24,1
LF:11
LH:11
BRDA:1,0,0,1
BRDA:1,0,1,0
BRDA:1,0,2,1
BRDA:2,1,0,1
BRDA:2,1,1,0
BRDA:2,2,0,0
BRDA:2,2,1,0
BRDA:3,3,0,0
BRDA:3,3,1,1
BRDA:3,4,0,1
BRDA:3,4,1,1
BRDA:4,5,0,2
BRDA:4,5,1,0
BRDA:4,6,0,2
BRDA:4,6,1,1
BRDA:4,7,0,2
BRDA:4,7,1,0
BRDA:4,8,0,0
BRDA:4,8,1,0
BRDA:5,9,0,1
BRDA:5,9,1,0
BRDA:5,9,2,0
BRDA:7,10,0,1
BRDA:7,10,1,0
BRDA:7,10,2,1
BRDA:8,11,0,1
BRDA:8,11,1,0
BRDA:8,12,0,1
BRDA:8,12,1,1
BRF:29
BRH:16
end_of_record
TN:
SF:D:\workspace\MOSIP\Angular\mosip\pre-registration\pre-registration-ui\src\app\core\faq\faq.component.ts
FN:1,(anonymous_0)
FN:7,(anonymous_1)
FN:11,(anonymous_2)
FN:12,FaqComponent
FN:14,(anonymous_4)
FNF:5
FNH:5
FNDA:1,(anonymous_0)
FNDA:1,(anonymous_1)
FNDA:1,(anonymous_2)
FNDA:1,FaqComponent
FNDA:1,(anonymous_4)
DA:1,1
DA:2,1
DA:3,1
DA:4,2
DA:5,1
DA:7,1
DA:8,1
DA:11,1
DA:14,1
DA:16,1
DA:24,1
LF:11
LH:11
BRDA:1,0,0,1
BRDA:1,0,1,0
BRDA:1,0,2,1
BRDA:2,1,0,1
BRDA:2,1,1,0
BRDA:2,2,0,0
BRDA:2,2,1,0
BRDA:3,3,0,0
BRDA:3,3,1,1
BRDA:3,4,0,1
BRDA:3,4,1,1
BRDA:4,5,0,2
BRDA:4,5,1,0
BRDA:4,6,0,2
BRDA:4,6,1,1
BRDA:4,7,0,2
BRDA:4,7,1,0
BRDA:4,8,0,0
BRDA:4,8,1,0
BRDA:5,9,0,1
BRDA:5,9,1,0
BRDA:5,9,2,0
BRDA:7,10,0,1
BRDA:7,10,1,0
BRDA:7,10,2,1
BRDA:8,11,0,1
BRDA:8,11,1,0
BRDA:8,12,0,1
BRDA:8,12,1,1
BRF:29
BRH:16
end_of_record
TN:
SF:D:\workspace\MOSIP\Angular\mosip\pre-registration\pre-registration-ui\src\app\core\footer\footer.component.ts
FN:1,(anonymous_0)
FN:7,(anonymous_1)
FN:11,(anonymous_2)
FN:12,FooterComponent
FN:14,(anonymous_4)
FNF:5
FNH:5
FNDA:1,(anonymous_0)
FNDA:1,(anonymous_1)
FNDA:1,(anonymous_2)
FNDA:1,FooterComponent
FNDA:1,(anonymous_4)
DA:1,1
DA:2,1
DA:3,1
DA:4,2
DA:5,1
DA:7,1
DA:8,1
DA:11,1
DA:14,1
DA:16,1
DA:24,1
LF:11
LH:11
BRDA:1,0,0,1
BRDA:1,0,1,0
BRDA:1,0,2,1
BRDA:2,1,0,1
BRDA:2,1,1,0
BRDA:2,2,0,0
BRDA:2,2,1,0
BRDA:3,3,0,0
BRDA:3,3,1,1
BRDA:3,4,0,1
BRDA:3,4,1,1
BRDA:4,5,0,2
BRDA:4,5,1,0
BRDA:4,6,0,2
BRDA:4,6,1,1
BRDA:4,7,0,2
BRDA:4,7,1,0
BRDA:4,8,0,0
BRDA:4,8,1,0
BRDA:5,9,0,1
BRDA:5,9,1,0
BRDA:5,9,2,0
BRDA:7,10,0,1
BRDA:7,10,1,0
BRDA:7,10,2,1
BRDA:8,11,0,1
BRDA:8,11,1,0
BRDA:8,12,0,1
BRDA:8,12,1,1
BRF:29
BRH:16
end_of_record
TN:
SF:D:\workspace\MOSIP\Angular\mosip\pre-registration\pre-registration-ui\src\app\core\header\header.component.ts
FN:1,(anonymous_0)
FN:7,(anonymous_1)
FN:12,(anonymous_2)
FN:13,HeaderComponent
FN:21,(anonymous_4)
FN:22,(anonymous_5)
FNF:6
FNH:3
FNDA:1,(anonymous_0)
FNDA:1,(anonymous_1)
FNDA:1,(anonymous_2)
FNDA:0,HeaderComponent
FNDA:0,(anonymous_4)
FNDA:0,(anonymous_5)
DA:1,1
DA:2,1
DA:3,1
DA:4,2
DA:5,1
DA:7,1
DA:8,1
DA:12,1
DA:14,0
DA:15,0
DA:21,1
DA:22,1
DA:23,0
DA:25,1
DA:33,1
LF:15
LH:12
BRDA:1,0,0,1
BRDA:1,0,1,0
BRDA:1,0,2,1
BRDA:2,1,0,1
BRDA:2,1,1,0
BRDA:2,2,0,0
BRDA:2,2,1,0
BRDA:3,3,0,0
BRDA:3,3,1,1
BRDA:3,4,0,1
BRDA:3,4,1,1
BRDA:4,5,0,2
BRDA:4,5,1,0
BRDA:4,6,0,2
BRDA:4,6,1,1
BRDA:4,7,0,2
BRDA:4,7,1,0
BRDA:4,8,0,0
BRDA:4,8,1,0
BRDA:5,9,0,1
BRDA:5,9,1,0
BRDA:5,9,2,0
BRDA:7,10,0,1
BRDA:7,10,1,0
BRDA:7,10,2,1
BRDA:8,11,0,1
BRDA:8,11,1,0
BRDA:8,12,0,1
BRDA:8,12,1,1
BRF:29
BRH:16
end_of_record
TN:
SF:D:\workspace\MOSIP\Angular\mosip\pre-registration\pre-registration-ui\src\app\registration\registration-routing.module.ts
FN:1,(anonymous_0)
FN:28,(anonymous_1)
FN:29,RegistrationRoutingModule
FNF:3
FNH:2
FNDA:1,(anonymous_0)
FNDA:1,(anonymous_1)
FNDA:0,RegistrationRoutingModule
DA:1,1
DA:2,1
DA:3,1
DA:4,1
DA:5,1
DA:15,1
DA:28,1
DA:31,1
DA:37,1
LF:9
LH:9
BRDA:1,0,0,1
BRDA:1,0,1,0
BRDA:1,0,2,1
BRDA:2,1,0,1
BRDA:2,1,1,0
BRDA:2,2,0,0
BRDA:2,2,1,0
BRDA:3,3,0,0
BRDA:3,3,1,1
BRDA:3,4,0,1
BRDA:3,4,1,1
BRDA:4,5,0,1
BRDA:4,5,1,0
BRDA:4,6,0,1
BRDA:4,6,1,0
BRDA:4,7,0,1
BRDA:4,7,1,0
BRDA:4,8,0,0
BRDA:4,8,1,0
BRDA:5,9,0,1
BRDA:5,9,1,0
BRDA:5,9,2,0
BRF:22
BRH:10
end_of_record
TN:
SF:D:\workspace\MOSIP\Angular\mosip\pre-registration\pre-registration-ui\src\app\registration\registration.module.ts
FN:1,(anonymous_0)
FN:24,(anonymous_1)
FN:25,RegistrationModule
FNF:3
FNH:3
FNDA:1,(anonymous_0)
FNDA:1,(anonymous_1)
FNDA:1,RegistrationModule
DA:1,1
DA:2,1
DA:3,1
DA:4,1
DA:5,1
DA:24,1
DA:27,1
DA:53,1
LF:8
LH:8
BRDA:1,0,0,1
BRDA:1,0,1,0
BRDA:1,0,2,1
BRDA:2,1,0,1
BRDA:2,1,1,0
BRDA:2,2,0,0
BRDA:2,2,1,0
BRDA:3,3,0,0
BRDA:3,3,1,1
BRDA:3,4,0,1
BRDA:3,4,1,1
BRDA:4,5,0,1
BRDA:4,5,1,0
BRDA:4,6,0,1
BRDA:4,6,1,0
BRDA:4,7,0,1
BRDA:4,7,1,0
BRDA:4,8,0,0
BRDA:4,8,1,0
BRDA:5,9,0,1
BRDA:5,9,1,0
BRDA:5,9,2,0
BRF:22
BRH:10
end_of_record
TN:
SF:D:\workspace\MOSIP\Angular\mosip\pre-registration\pre-registration-ui\src\app\registration\registration.service.ts
FN:1,(anonymous_0)
FN:9,(anonymous_1)
FN:10,RegistrationService
FN:14,(anonymous_3)
FN:17,(anonymous_4)
FN:20,(anonymous_5)
FN:23,(anonymous_6)
FN:28,(anonymous_7)
FN:32,(anonymous_8)
FN:36,(anonymous_9)
FN:40,(anonymous_10)
FNF:11
FNH:3
FNDA:1,(anonymous_0)
FNDA:1,(anonymous_1)
FNDA:2,RegistrationService
FNDA:0,(anonymous_3)
FNDA:0,(anonymous_4)
FNDA:0,(anonymous_5)
FNDA:0,(anonymous_6)
FNDA:0,(anonymous_7)
FNDA:0,(anonymous_8)
FNDA:0,(anonymous_9)
FNDA:0,(anonymous_10)
DA:1,1
DA:2,1
DA:3,1
DA:4,1
DA:5,1
DA:9,1
DA:11,2
DA:12,2
DA:14,1
DA:15,0
DA:17,1
DA:18,0
DA:20,1
DA:21,0
DA:23,1
DA:24,0
DA:25,0
DA:26,0
DA:28,1
DA:29,0
DA:30,0
DA:32,1
DA:33,0
DA:34,0
DA:36,1
DA:37,0
DA:38,0
DA:40,1
DA:41,0
DA:43,1
DA:48,1
LF:31
LH:18
BRDA:1,0,0,1
BRDA:1,0,1,0
BRDA:1,0,2,1
BRDA:2,1,0,1
BRDA:2,1,1,0
BRDA:2,2,0,0
BRDA:2,2,1,0
BRDA:3,3,0,0
BRDA:3,3,1,1
BRDA:3,4,0,1
BRDA:3,4,1,1
BRDA:4,5,0,1
BRDA:4,5,1,0
BRDA:4,6,0,1
BRDA:4,6,1,0
BRDA:4,7,0,1
BRDA:4,7,1,0
BRDA:4,8,0,0
BRDA:4,8,1,0
BRDA:5,9,0,1
BRDA:5,9,1,0
BRDA:5,9,2,0
BRF:22
BRH:10
end_of_record
TN:
SF:D:\workspace\MOSIP\Angular\mosip\pre-registration\pre-registration-ui\src\app\registration\center-selection\booking.model.ts
FN:1,(anonymous_0)
FN:2,BookingModel
FNF:2
FNH:1
FNDA:1,(anonymous_0)
FNDA:0,BookingModel
DA:1,1
DA:3,0
DA:4,0
DA:5,0
DA:6,0
DA:8,1
LF:6
LH:2
BRF:0
BRH:0
end_of_record
TN:
SF:D:\workspace\MOSIP\Angular\mosip\pre-registration\pre-registration-ui\src\app\registration\center-selection\center-selection.component.ts
FN:1,(anonymous_0)
FN:7,(anonymous_1)
FN:21,(anonymous_2)
FN:22,CenterSelectionComponent
FN:49,(anonymous_4)
FN:51,(anonymous_5)
FN:54,(anonymous_6)
FN:58,(anonymous_7)
FN:61,(anonymous_8)
FN:65,(anonymous_9)
FN:77,(anonymous_10)
FN:82,(anonymous_11)
FN:86,(anonymous_12)
FN:92,(anonymous_13)
FN:96,(anonymous_14)
FN:98,(anonymous_15)
FN:110,(anonymous_16)
FN:119,(anonymous_17)
FN:122,(anonymous_18)
FN:123,(anonymous_19)
FN:125,(anonymous_20)
FN:139,(anonymous_21)
FN:148,(anonymous_22)
FN:151,(anonymous_23)
FN:164,(anonymous_24)
FN:166,(anonymous_25)
FNF:26
FNH:3
FNDA:2,(anonymous_0)
FNDA:2,(anonymous_1)
FNDA:1,(anonymous_2)
FNDA:0,CenterSelectionComponent
FNDA:0,(anonymous_4)
FNDA:0,(anonymous_5)
FNDA:0,(anonymous_6)
FNDA:0,(anonymous_7)
FNDA:0,(anonymous_8)
FNDA:0,(anonymous_9)
FNDA:0,(anonymous_10)
FNDA:0,(anonymous_11)
FNDA:0,(anonymous_12)
FNDA:0,(anonymous_13)
FNDA:0,(anonymous_14)
FNDA:0,(anonymous_15)
FNDA:0,(anonymous_16)
FNDA:0,(anonymous_17)
FNDA:0,(anonymous_18)
FNDA:0,(anonymous_19)
FNDA:0,(anonymous_20)
FNDA:0,(anonymous_21)
FNDA:0,(anonymous_22)
FNDA:0,(anonymous_23)
FNDA:0,(anonymous_24)
FNDA:0,(anonymous_25)
DA:1,1
DA:2,2
DA:3,2
DA:4,4
DA:5,2
DA:7,1
DA:8,2
DA:20,1
DA:21,1
DA:23,0
DA:24,0
DA:25,0
DA:26,0
DA:27,0
DA:28,0
DA:29,0
DA:30,0
DA:31,0
DA:37,0
DA:38,0
DA:39,0
DA:40,0
DA:41,0
DA:42,0
DA:43,0
DA:44,0
DA:45,0
DA:46,0
DA:47,0
DA:49,1
DA:51,1
DA:52,0
DA:54,1
DA:55,0
DA:56,0
DA:58,1
DA:59,0
DA:61,1
DA:62,0
DA:63,0
DA:64,0
DA:65,0
DA:66,0
DA:67,0
DA:68,0
DA:69,0
DA:70,0
DA:71,0
DA:72,0
DA:75,0
DA:78,0
DA:82,1
DA:83,0
DA:84,0
DA:86,1
DA:87,0
DA:88,0
DA:89,0
DA:90,0
DA:92,1
DA:93,0
DA:94,0
DA:95,0
DA:96,0
DA:97,0
DA:98,0
DA:99,0
DA:100,0
DA:101,0
DA:102,0
DA:103,0
DA:104,0
DA:105,0
DA:108,0
DA:111,0
DA:116,0
DA:119,1
DA:120,0
DA:121,0
DA:122,0
DA:123,0
DA:124,0
DA:125,0
DA:126,0
DA:127,0
DA:132,0
DA:137,0
DA:138,0
DA:139,0
DA:140,0
DA:145,0
DA:149,0
DA:152,0
DA:153,0
DA:158,0
DA:164,1
DA:165,0
DA:166,0
DA:167,0
DA:172,0
DA:174,0
DA:176,1
DA:180,1
DA:192,1
LF:104
LH:22
BRDA:1,0,0,1
BRDA:1,0,1,0
BRDA:1,0,2,1
BRDA:2,1,0,1
BRDA:2,1,1,1
BRDA:2,2,0,0
BRDA:2,2,1,1
BRDA:3,3,0,0
BRDA:3,3,1,2
BRDA:3,4,0,2
BRDA:3,4,1,2
BRDA:4,5,0,4
BRDA:4,5,1,0
BRDA:4,6,0,4
BRDA:4,6,1,3
BRDA:4,7,0,2
BRDA:4,7,1,2
BRDA:4,8,0,2
BRDA:4,8,1,0
BRDA:5,9,0,2
BRDA:5,9,1,1
BRDA:5,9,2,0
BRDA:7,10,0,1
BRDA:7,10,1,0
BRDA:7,10,2,1
BRDA:8,11,0,2
BRDA:8,11,1,0
BRDA:8,12,0,2
BRDA:8,12,1,2
BRDA:63,13,0,0
BRDA:63,13,1,0
BRDA:63,14,0,0
BRDA:63,14,1,0
BRDA:67,15,0,0
BRDA:67,15,1,0
BRDA:94,16,0,0
BRDA:94,16,1,0
BRDA:100,17,0,0
BRDA:100,17,1,0
BRDA:124,18,0,0
BRDA:124,18,1,0
BRF:41
BRH:21
end_of_record
TN:
SF:D:\workspace\MOSIP\Angular\mosip\pre-registration\pre-registration-ui\src\app\registration\confirmation\confirmation.component.ts
FN:1,(anonymous_0)
FN:7,(anonymous_1)
FN:11,(anonymous_2)
FN:12,ConfirmationComponent
FN:14,(anonymous_4)
FNF:5
FNH:5
FNDA:1,(anonymous_0)
FNDA:1,(anonymous_1)
FNDA:1,(anonymous_2)
FNDA:1,ConfirmationComponent
FNDA:1,(anonymous_4)
DA:1,1
DA:2,1
DA:3,1
DA:4,2
DA:5,1
DA:7,1
DA:8,1
DA:11,1
DA:14,1
DA:16,1
DA:24,1
LF:11
LH:11
BRDA:1,0,0,1
BRDA:1,0,1,0
BRDA:1,0,2,1
BRDA:2,1,0,1
BRDA:2,1,1,0
BRDA:2,2,0,0
BRDA:2,2,1,0
BRDA:3,3,0,0
BRDA:3,3,1,1
BRDA:3,4,0,1
BRDA:3,4,1,1
BRDA:4,5,0,2
BRDA:4,5,1,0
BRDA:4,6,0,2
BRDA:4,6,1,1
BRDA:4,7,0,2
BRDA:4,7,1,0
BRDA:4,8,0,0
BRDA:4,8,1,0
BRDA:5,9,0,1
BRDA:5,9,1,0
BRDA:5,9,2,0
BRDA:7,10,0,1
BRDA:7,10,1,0
BRDA:7,10,2,1
BRDA:8,11,0,1
BRDA:8,11,1,0
BRDA:8,12,0,1
BRDA:8,12,1,1
BRF:29
BRH:16
end_of_record
TN:
SF:D:\workspace\MOSIP\Angular\mosip\pre-registration\pre-registration-ui\src\app\registration\dashboard\dashboard.component.ts
FN:1,(anonymous_0)
FN:7,(anonymous_1)
FN:23,(anonymous_2)
FN:24,DashBoardComponent
FN:50,(anonymous_4)
FN:52,(anonymous_5)
FN:57,(anonymous_6)
FN:60,(anonymous_7)
FN:82,(anonymous_8)
FN:84,(anonymous_9)
FN:89,(anonymous_10)
FN:95,(anonymous_11)
FN:97,(anonymous_12)
FN:102,(anonymous_13)
FN:108,(anonymous_14)
FN:115,(anonymous_15)
FN:122,(anonymous_16)
FN:144,(anonymous_17)
FN:154,(anonymous_18)
FN:156,(anonymous_19)
FN:166,(anonymous_20)
FN:195,(anonymous_21)
FN:198,(anonymous_22)
FN:208,(anonymous_23)
FN:230,(anonymous_24)
FN:236,(anonymous_25)
FN:240,(anonymous_26)
FN:245,(anonymous_27)
FN:249,(anonymous_28)
FN:265,(anonymous_29)
FN:287,(anonymous_30)
FN:294,(anonymous_31)
FNF:32
FNH:3
FNDA:1,(anonymous_0)
FNDA:1,(anonymous_1)
FNDA:1,(anonymous_2)
FNDA:0,DashBoardComponent
FNDA:0,(anonymous_4)
FNDA:0,(anonymous_5)
FNDA:0,(anonymous_6)
FNDA:0,(anonymous_7)
FNDA:0,(anonymous_8)
FNDA:0,(anonymous_9)
FNDA:0,(anonymous_10)
FNDA:0,(anonymous_11)
FNDA:0,(anonymous_12)
FNDA:0,(anonymous_13)
FNDA:0,(anonymous_14)
FNDA:0,(anonymous_15)
FNDA:0,(anonymous_16)
FNDA:0,(anonymous_17)
FNDA:0,(anonymous_18)
FNDA:0,(anonymous_19)
FNDA:0,(anonymous_20)
FNDA:0,(anonymous_21)
FNDA:0,(anonymous_22)
FNDA:0,(anonymous_23)
FNDA:0,(anonymous_24)
FNDA:0,(anonymous_25)
FNDA:0,(anonymous_26)
FNDA:0,(anonymous_27)
FNDA:0,(anonymous_28)
FNDA:0,(anonymous_29)
FNDA:0,(anonymous_30)
FNDA:0,(anonymous_31)
DA:1,1
DA:2,1
DA:3,1
DA:4,2
DA:5,1
DA:7,1
DA:8,1
DA:23,1
DA:25,0
DA:26,0
DA:27,0
DA:28,0
DA:29,0
DA:30,0
DA:31,0
DA:32,0
DA:33,0
DA:34,0
DA:35,0
DA:36,0
DA:37,0
DA:43,0
DA:44,0
DA:45,0
DA:46,0
DA:47,0
DA:48,0
DA:50,1
DA:51,0
DA:52,0
DA:53,0
DA:55,0
DA:57,1
DA:58,0
DA:59,0
DA:60,0
DA:61,0
DA:62,0
DA:63,0
DA:64,0
DA:65,0
DA:66,0
DA:67,0
DA:68,0
DA:69,0
DA:71,0
DA:78,0
DA:81,0
DA:83,0
DA:85,0
DA:89,1
DA:90,0
DA:91,0
DA:92,0
DA:95,1
DA:96,0
DA:97,0
DA:98,0
DA:99,0
DA:102,1
DA:103,0
DA:104,0
DA:107,0
DA:108,0
DA:109,0
DA:110,0
DA:111,0
DA:115,1
DA:116,0
DA:120,0
DA:122,1
DA:123,0
DA:124,0
DA:125,0
DA:126,0
DA:135,0
DA:143,0
DA:144,0
DA:145,0
DA:146,0
DA:153,0
DA:154,0
DA:155,0
DA:156,0
DA:157,0
DA:162,0
DA:163,0
DA:164,0
DA:165,0
DA:167,0
DA:168,0
DA:173,0
DA:177,0
DA:182,0
DA:186,0
DA:187,0
DA:194,0
DA:195,0
DA:196,0
DA:197,0
DA:198,0
DA:199,0
DA:204,0
DA:205,0
DA:206,0
DA:207,0
DA:209,0
DA:210,0
DA:215,0
DA:219,0
DA:224,0
DA:230,1
DA:231,0
DA:232,0
DA:233,0
DA:234,0
DA:235,0
DA:236,0
DA:237,0
DA:239,0
DA:240,0
DA:241,0
DA:242,0
DA:243,0
DA:244,0
DA:246,0
DA:247,0
DA:248,0
DA:250,0
DA:251,0
DA:255,0
DA:256,0
DA:257,0
DA:260,0
DA:263,0
DA:265,1
DA:266,0
DA:267,0
DA:268,0
DA:269,0
DA:270,0
DA:271,0
DA:277,0
DA:279,0
DA:280,0
DA:281,0
DA:284,0
DA:287,1
DA:288,0
DA:289,0
DA:292,0
DA:294,1
DA:295,0
DA:296,0
DA:298,1
DA:312,1
LF:156
LH:21
BRDA:1,0,0,1
BRDA:1,0,1,0
BRDA:1,0,2,1
BRDA:2,1,0,1
BRDA:2,1,1,0
BRDA:2,2,0,0
BRDA:2,2,1,0
BRDA:3,3,0,0
BRDA:3,3,1,1
BRDA:3,4,0,1
BRDA:3,4,1,1
BRDA:4,5,0,2
BRDA:4,5,1,0
BRDA:4,6,0,2
BRDA:4,6,1,1
BRDA:4,7,0,2
BRDA:4,7,1,0
BRDA:4,8,0,0
BRDA:4,8,1,0
BRDA:5,9,0,1
BRDA:5,9,1,0
BRDA:5,9,2,0
BRDA:7,10,0,1
BRDA:7,10,1,0
BRDA:7,10,2,1
BRDA:8,11,0,1
BRDA:8,11,1,0
BRDA:8,12,0,1
BRDA:8,12,1,1
BRDA:61,13,0,0
BRDA:61,13,1,0
BRDA:65,14,0,0
BRDA:65,14,1,0
BRDA:97,15,0,0
BRDA:97,15,1,0
BRDA:98,16,0,0
BRDA:98,16,1,0
BRDA:109,17,0,0
BRDA:109,17,1,0
BRDA:125,18,0,0
BRDA:125,18,1,0
BRDA:145,19,0,0
BRDA:145,19,1,0
BRDA:145,20,0,0
BRDA:145,20,1,0
BRDA:155,21,0,0
BRDA:155,21,1,0
BRDA:186,22,0,0
BRDA:186,22,1,0
BRDA:186,23,0,0
BRDA:186,23,1,0
BRDA:196,24,0,0
BRDA:196,24,1,0
BRDA:232,25,0,0
BRDA:232,25,1,0
BRDA:232,26,0,0
BRDA:232,26,1,0
BRDA:256,27,0,0
BRDA:256,27,1,0
BRDA:256,28,0,0
BRDA:256,28,1,0
BRDA:266,29,0,0
BRDA:266,29,1,0
BRDA:280,30,0,0
BRDA:280,30,1,0
BRF:65
BRH:16
end_of_record
TN:
SF:D:\workspace\MOSIP\Angular\mosip\pre-registration\pre-registration-ui\src\app\registration\demographic\attribute.model.ts
FN:1,(anonymous_0)
FN:2,AttributeModel
FNF:2
FNH:1
FNDA:1,(anonymous_0)
FNDA:0,AttributeModel
DA:1,1
DA:3,0
DA:4,0
DA:5,0
DA:7,1
LF:5
LH:2
BRF:0
BRH:0
end_of_record
TN:
SF:D:\workspace\MOSIP\Angular\mosip\pre-registration\pre-registration-ui\src\app\registration\demographic\demo.identity.model.ts
FN:1,(anonymous_0)
FN:2,DemoIdentityModel
FNF:2
FNH:1
FNDA:1,(anonymous_0)
FNDA:0,DemoIdentityModel
DA:1,1
DA:3,0
DA:5,1
LF:3
LH:2
BRF:0
BRH:0
end_of_record
TN:
SF:D:\workspace\MOSIP\Angular\mosip\pre-registration\pre-registration-ui\src\app\registration\demographic\demographic.component.ts
FN:1,(anonymous_0)
FN:7,(anonymous_1)
FN:10,(anonymous_2)
FN:11,(anonymous_3)
FN:12,fulfilled
FN:13,rejected
FN:14,step
FN:14,(anonymous_7)
FN:18,(anonymous_8)
FN:19,(anonymous_9)
FN:20,(anonymous_10)
FN:21,verb
FN:21,(anonymous_12)
FN:22,step
FN:59,(anonymous_14)
FN:60,DemographicComponent
FN:81,(anonymous_16)
FN:84,(anonymous_17)
FN:87,(anonymous_18)
FN:91,(anonymous_19)
FN:103,(anonymous_20)
FN:173,(anonymous_21)
FN:177,(anonymous_22)
FN:178,(anonymous_23)
FN:179,(anonymous_24)
FN:190,(anonymous_25)
FN:194,(anonymous_26)
FN:201,(anonymous_27)
FN:202,(anonymous_28)
FN:218,(anonymous_29)
FN:218,(anonymous_30)
FN:230,(anonymous_31)
FN:233,(anonymous_32)
FN:239,(anonymous_33)
FN:249,(anonymous_34)
FN:254,(anonymous_35)
FN:264,(anonymous_36)
FN:270,(anonymous_37)
FNF:38
FNH:3
FNDA:1,(anonymous_0)
FNDA:1,(anonymous_1)
FNDA:0,(anonymous_2)
FNDA:0,(anonymous_3)
FNDA:0,fulfilled
FNDA:0,rejected
FNDA:0,step
FNDA:0,(anonymous_7)
FNDA:0,(anonymous_8)
FNDA:0,(anonymous_9)
FNDA:0,(anonymous_10)
FNDA:0,verb
FNDA:0,(anonymous_12)
FNDA:0,step
FNDA:1,(anonymous_14)
FNDA:0,DemographicComponent
FNDA:0,(anonymous_16)
FNDA:0,(anonymous_17)
FNDA:0,(anonymous_18)
FNDA:0,(anonymous_19)
FNDA:0,(anonymous_20)
FNDA:0,(anonymous_21)
FNDA:0,(anonymous_22)
FNDA:0,(anonymous_23)
FNDA:0,(anonymous_24)
FNDA:0,(anonymous_25)
FNDA:0,(anonymous_26)
FNDA:0,(anonymous_27)
FNDA:0,(anonymous_28)
FNDA:0,(anonymous_29)
FNDA:0,(anonymous_30)
FNDA:0,(anonymous_31)
FNDA:0,(anonymous_32)
FNDA:0,(anonymous_33)
FNDA:0,(anonymous_34)
FNDA:0,(anonymous_35)
FNDA:0,(anonymous_36)
FNDA:0,(anonymous_37)
DA:1,1
DA:2,1
DA:3,1
DA:4,2
DA:5,1
DA:7,1
DA:8,1
DA:10,1
DA:11,0
DA:12,0
DA:13,0
DA:14,0
DA:15,0
DA:18,1
DA:19,0
DA:20,0
DA:21,0
DA:23,0
DA:24,0
DA:25,0
DA:26,0
DA:27,0
DA:28,0
DA:29,0
DA:30,0
DA:31,0
DA:33,0
DA:34,0
DA:35,0
DA:36,0
DA:37,0
DA:38,0
DA:40,0
DA:41,0
DA:42,0
DA:59,1
DA:61,0
DA:62,0
DA:63,0
DA:64,0
DA:65,0
DA:66,0
DA:67,0
DA:68,0
DA:69,0
DA:70,0
DA:71,0
DA:72,0
DA:73,0
DA:74,0
DA:75,0
DA:76,0
DA:77,0
DA:78,0
DA:79,0
DA:81,1
DA:82,0
DA:83,0
DA:84,0
DA:85,0
DA:87,0
DA:88,0
DA:89,0
DA:91,0
DA:92,0
DA:94,0
DA:103,1
DA:105,0
DA:106,0
DA:107,0
DA:108,0
DA:109,0
DA:110,0
DA:111,0
DA:112,0
DA:113,0
DA:114,0
DA:115,0
DA:116,0
DA:117,0
DA:118,0
DA:119,0
DA:125,0
DA:126,0
DA:127,0
DA:128,0
DA:129,0
DA:130,0
DA:131,0
DA:132,0
DA:133,0
DA:134,0
DA:135,0
DA:136,0
DA:137,0
DA:138,0
DA:139,0
DA:140,0
DA:141,0
DA:142,0
DA:144,0
DA:171,0
DA:173,1
DA:174,0
DA:175,0
DA:177,1
DA:178,0
DA:179,0
DA:180,0
DA:181,0
DA:183,0
DA:184,0
DA:185,0
DA:190,1
DA:191,0
DA:192,0
DA:194,1
DA:197,0
DA:198,0
DA:199,0
DA:200,0
DA:201,0
DA:202,0
DA:203,0
DA:204,0
DA:205,0
DA:211,0
DA:212,0
DA:213,0
DA:218,0
DA:219,0
DA:220,0
DA:221,0
DA:222,0
DA:223,0
DA:224,0
DA:226,0
DA:230,1
DA:231,0
DA:233,1
DA:234,0
DA:235,0
DA:236,0
DA:237,0
DA:239,1
DA:240,0
DA:241,0
DA:242,0
DA:244,0
DA:245,0
DA:246,0
DA:249,1
DA:250,0
DA:251,0
DA:252,0
DA:254,0
DA:255,0
DA:256,0
DA:257,0
DA:258,0
DA:261,0
DA:264,1
DA:265,0
DA:268,0
DA:270,1
DA:271,0
DA:272,0
DA:282,0
DA:284,1
DA:301,1
LF:170
LH:24
BRDA:1,0,0,1
BRDA:1,0,1,0
BRDA:1,0,2,1
BRDA:2,1,0,1
BRDA:2,1,1,0
BRDA:2,2,0,0
BRDA:2,2,1,0
BRDA:3,3,0,0
BRDA:3,3,1,1
BRDA:3,4,0,1
BRDA:3,4,1,1
BRDA:4,5,0,2
BRDA:4,5,1,0
BRDA:4,6,0,2
BRDA:4,6,1,1
BRDA:4,7,0,2
BRDA:4,7,1,0
BRDA:4,8,0,0
BRDA:4,8,1,0
BRDA:5,9,0,1
BRDA:5,9,1,0
BRDA:5,9,2,0
BRDA:7,10,0,1
BRDA:7,10,1,0
BRDA:7,10,2,1
BRDA:8,11,0,1
BRDA:8,11,1,0
BRDA:8,12,0,1
BRDA:8,12,1,1
BRDA:10,13,0,1
BRDA:10,13,1,0
BRDA:10,13,2,1
BRDA:11,14,0,0
BRDA:11,14,1,0
BRDA:14,15,0,0
BRDA:14,15,1,0
BRDA:15,16,0,0
BRDA:15,16,1,0
BRDA:18,17,0,1
BRDA:18,17,1,0
BRDA:18,17,2,1
BRDA:19,18,0,0
BRDA:19,18,1,0
BRDA:20,19,0,0
BRDA:20,19,1,0
BRDA:23,20,0,0
BRDA:23,20,1,0
BRDA:25,21,0,0
BRDA:25,21,1,0
BRDA:25,22,0,0
BRDA:25,22,1,0
BRDA:25,22,2,0
BRDA:25,23,0,0
BRDA:25,23,1,0
BRDA:25,24,0,0
BRDA:25,24,1,0
BRDA:26,25,0,0
BRDA:26,25,1,0
BRDA:27,26,0,0
BRDA:27,26,1,0
BRDA:27,26,2,0
BRDA:27,26,3,0
BRDA:27,26,4,0
BRDA:27,26,5,0
BRDA:33,27,0,0
BRDA:33,27,1,0
BRDA:33,28,0,0
BRDA:33,28,1,0
BRDA:33,28,2,0
BRDA:33,29,0,0
BRDA:33,29,1,0
BRDA:34,30,0,0
BRDA:34,30,1,0
BRDA:34,31,0,0
BRDA:34,31,1,0
BRDA:34,31,2,0
BRDA:34,31,3,0
BRDA:35,32,0,0
BRDA:35,32,1,0
BRDA:35,33,0,0
BRDA:35,33,1,0
BRDA:36,34,0,0
BRDA:36,34,1,0
BRDA:36,35,0,0
BRDA:36,35,1,0
BRDA:37,36,0,0
BRDA:37,36,1,0
BRDA:42,37,0,0
BRDA:42,37,1,0
BRDA:42,38,0,0
BRDA:42,38,1,0
BRDA:125,39,0,0
BRDA:125,39,1,0
BRDA:180,40,0,0
BRDA:180,40,1,0
BRDA:203,41,0,0
BRDA:203,41,1,0
BRDA:223,42,0,0
BRDA:223,42,1,0
BRDA:240,43,0,0
BRDA:240,43,1,0
BRDA:244,44,0,0
BRDA:244,44,1,0
BRDA:257,45,0,0
BRDA:257,45,1,0
BRF:105
BRH:20
end_of_record
TN:
SF:D:\workspace\MOSIP\Angular\mosip\pre-registration\pre-registration-ui\src\app\registration\demographic\demographic.labels.ts
FN:1,(anonymous_0)
FN:2,DemoLabels
FNF:2
FNH:1
FNDA:1,(anonymous_0)
FNDA:0,DemoLabels
DA:1,1
DA:3,0
DA:4,0
DA:5,0
DA:6,0
DA:7,0
DA:8,0
DA:9,0
DA:10,0
DA:11,0
DA:12,0
DA:13,0
DA:14,0
DA:15,0
DA:16,0
DA:17,0
DA:19,1
LF:17
LH:2
BRF:0
BRH:0
end_of_record
TN:
SF:D:\workspace\MOSIP\Angular\mosip\pre-registration\pre-registration-ui\src\app\registration\demographic\identity.model.ts
FN:1,(anonymous_0)
FN:2,IdentityModel
FNF:2
FNH:1
FNDA:1,(anonymous_0)
FNDA:0,IdentityModel
DA:1,1
DA:3,0
DA:4,0
DA:5,0
DA:6,0
DA:7,0
DA:8,0
DA:9,0
DA:10,0
DA:11,0
DA:12,0
DA:13,0
DA:14,0
DA:15,0
DA:16,0
DA:17,0
DA:19,1
LF:17
LH:2
BRF:0
BRH:0
end_of_record
TN:
SF:D:\workspace\MOSIP\Angular\mosip\pre-registration\pre-registration-ui\src\app\registration\demographic\user.model.ts
FN:1,(anonymous_0)
FN:2,UserModel
FNF:2
FNH:1
FNDA:1,(anonymous_0)
FNDA:0,UserModel
DA:1,1
DA:3,0
DA:4,0
DA:5,0
DA:7,1
LF:5
LH:2
BRF:0
BRH:0
end_of_record
TN:
SF:D:\workspace\MOSIP\Angular\mosip\pre-registration\pre-registration-ui\src\app\registration\file-upload\draggable.directive.ts
FN:1,(anonymous_0)
FN:7,(anonymous_1)
FN:12,(anonymous_2)
FN:13,DraggableDirective
FN:17,(anonymous_4)
FN:22,(anonymous_5)
FN:27,(anonymous_6)
FNF:7
FNH:4
FNDA:6,(anonymous_0)
FNDA:12,(anonymous_1)
FNDA:1,(anonymous_2)
FNDA:1,DraggableDirective
FNDA:0,(anonymous_4)
FNDA:0,(anonymous_5)
FNDA:0,(anonymous_6)
DA:1,1
DA:2,6
DA:3,6
DA:4,18
DA:5,6
DA:7,1
DA:8,12
DA:12,1
DA:14,1
DA:15,1
DA:17,1
DA:18,0
DA:19,0
DA:20,0
DA:22,1
DA:23,0
DA:24,0
DA:25,0
DA:27,1
DA:28,0
DA:29,0
DA:30,0
DA:31,0
DA:32,0
DA:33,0
DA:34,0
DA:37,1
DA:41,1
DA:45,1
DA:51,1
DA:57,1
DA:63,1
DA:69,1
LF:33
LH:20
BRDA:1,0,0,1
BRDA:1,0,1,0
BRDA:1,0,2,1
BRDA:2,1,0,1
BRDA:2,1,1,5
BRDA:2,2,0,3
BRDA:2,2,1,2
BRDA:3,3,0,0
BRDA:3,3,1,6
BRDA:3,4,0,6
BRDA:3,4,1,6
BRDA:4,5,0,18
BRDA:4,5,1,0
BRDA:4,6,0,18
BRDA:4,6,1,17
BRDA:4,7,0,2
BRDA:4,7,1,16
BRDA:4,8,0,16
BRDA:4,8,1,0
BRDA:5,9,0,6
BRDA:5,9,1,5
BRDA:5,9,2,3
BRDA:7,10,0,1
BRDA:7,10,1,0
BRDA:7,10,2,1
BRDA:8,11,0,12
BRDA:8,11,1,0
BRDA:8,12,0,12
BRDA:8,12,1,12
BRDA:33,13,0,0
BRDA:33,13,1,0
BRF:31
BRH:23
end_of_record
TN:
SF:D:\workspace\MOSIP\Angular\mosip\pre-registration\pre-registration-ui\src\app\registration\file-upload\file-upload.component.ts
FN:1,(anonymous_0)
FN:7,(anonymous_1)
FN:14,(anonymous_2)
FN:15,FileUploadComponent
FN:120,(anonymous_4)
FN:124,(anonymous_5)
FN:128,(anonymous_6)
FN:131,(anonymous_7)
FN:135,(anonymous_8)
FN:138,(anonymous_9)
FN:144,(anonymous_10)
FN:157,(anonymous_11)
FN:168,(anonymous_12)
FN:174,(anonymous_13)
FN:184,(anonymous_14)
FN:191,(anonymous_15)
FN:196,(anonymous_16)
FN:199,(anonymous_17)
FNF:18
FNH:3
FNDA:1,(anonymous_0)
FNDA:1,(anonymous_1)
FNDA:1,(anonymous_2)
FNDA:0,FileUploadComponent
FNDA:0,(anonymous_4)
FNDA:0,(anonymous_5)
FNDA:0,(anonymous_6)
FNDA:0,(anonymous_7)
FNDA:0,(anonymous_8)
FNDA:0,(anonymous_9)
FNDA:0,(anonymous_10)
FNDA:0,(anonymous_11)
FNDA:0,(anonymous_12)
FNDA:0,(anonymous_13)
FNDA:0,(anonymous_14)
FNDA:0,(anonymous_15)
FNDA:0,(anonymous_16)
FNDA:0,(anonymous_17)
DA:1,1
DA:2,1
DA:3,1
DA:4,2
DA:5,1
DA:7,1
DA:8,1
DA:14,1
DA:16,0
DA:17,0
DA:18,0
DA:19,0
DA:20,0
DA:29,0
DA:34,0
DA:35,0
DA:36,0
DA:94,0
DA:108,0
DA:109,0
DA:110,0
DA:111,0
DA:112,0
DA:114,0
DA:115,0
DA:116,0
DA:117,0
DA:118,0
DA:120,1
DA:121,0
DA:122,0
DA:124,1
DA:125,0
DA:126,0
DA:128,1
DA:129,0
DA:131,1
DA:132,0
DA:133,0
DA:134,0
DA:135,0
DA:136,0
DA:138,0
DA:139,0
DA:140,0
DA:141,0
DA:144,1
DA:145,0
DA:146,0
DA:147,0
DA:148,0
DA:149,0
DA:150,0
DA:151,0
DA:152,0
DA:153,0
DA:154,0
DA:155,0
DA:156,0
DA:157,0
DA:158,0
DA:160,0
DA:161,0
DA:162,0
DA:163,0
DA:164,0
DA:168,1
DA:169,0
DA:170,0
DA:171,0
DA:172,0
DA:173,0
DA:174,0
DA:175,0
DA:177,0
DA:178,0
DA:179,0
DA:180,0
DA:184,1
DA:185,0
DA:186,0
DA:187,0
DA:188,0
DA:189,0
DA:191,1
DA:192,0
DA:193,0
DA:194,0
DA:196,1
DA:197,0
DA:199,1
DA:202,1
DA:213,1
LF:93
LH:20
BRDA:1,0,0,1
BRDA:1,0,1,0
BRDA:1,0,2,1
BRDA:2,1,0,1
BRDA:2,1,1,0
BRDA:2,2,0,0
BRDA:2,2,1,0
BRDA:3,3,0,0
BRDA:3,3,1,1
BRDA:3,4,0,1
BRDA:3,4,1,1
BRDA:4,5,0,2
BRDA:4,5,1,0
BRDA:4,6,0,2
BRDA:4,6,1,1
BRDA:4,7,0,2
BRDA:4,7,1,0
BRDA:4,8,0,0
BRDA:4,8,1,0
BRDA:5,9,0,1
BRDA:5,9,1,0
BRDA:5,9,2,0
BRDA:7,10,0,1
BRDA:7,10,1,0
BRDA:7,10,2,1
BRDA:8,11,0,1
BRDA:8,11,1,0
BRDA:8,12,0,1
BRDA:8,12,1,1
BRDA:163,13,0,0
BRDA:163,13,1,0
BRDA:179,14,0,0
BRDA:179,14,1,0
BRF:33
BRH:16
end_of_record
TN:
SF:D:\workspace\MOSIP\Angular\mosip\pre-registration\pre-registration-ui\src\app\registration\parent\parent.component.ts
FN:1,(anonymous_0)
FN:7,(anonymous_1)
FN:11,(anonymous_2)
FN:12,ParentComponent
FN:14,(anonymous_4)
FNF:5
FNH:3
FNDA:1,(anonymous_0)
FNDA:1,(anonymous_1)
FNDA:1,(anonymous_2)
FNDA:0,ParentComponent
FNDA:0,(anonymous_4)
DA:1,1
DA:2,1
DA:3,1
DA:4,2
DA:5,1
DA:7,1
DA:8,1
DA:11,1
DA:14,1
DA:16,1
DA:24,1
LF:11
LH:11
BRDA:1,0,0,1
BRDA:1,0,1,0
BRDA:1,0,2,1
BRDA:2,1,0,1
BRDA:2,1,1,0
BRDA:2,2,0,0
BRDA:2,2,1,0
BRDA:3,3,0,0
BRDA:3,3,1,1
BRDA:3,4,0,1
BRDA:3,4,1,1
BRDA:4,5,0,2
BRDA:4,5,1,0
BRDA:4,6,0,2
BRDA:4,6,1,1
BRDA:4,7,0,2
BRDA:4,7,1,0
BRDA:4,8,0,0
BRDA:4,8,1,0
BRDA:5,9,0,1
BRDA:5,9,1,0
BRDA:5,9,2,0
BRDA:7,10,0,1
BRDA:7,10,1,0
BRDA:7,10,2,1
BRDA:8,11,0,1
BRDA:8,11,1,0
BRDA:8,12,0,1
BRDA:8,12,1,1
BRF:29
BRH:16
end_of_record
TN:
SF:D:\workspace\MOSIP\Angular\mosip\pre-registration\pre-registration-ui\src\app\registration\time-selection\time-selection.component.ts
FN:1,(anonymous_0)
FN:7,(anonymous_1)
FN:15,(anonymous_2)
FN:16,TimeSelectionComponent
FN:30,(anonymous_4)
FN:36,(anonymous_5)
FN:41,(anonymous_6)
FN:44,(anonymous_7)
FN:47,(anonymous_8)
FN:50,(anonymous_9)
FN:53,(anonymous_10)
FN:58,(anonymous_11)
FN:61,(anonymous_12)
FN:64,(anonymous_13)
FN:70,(anonymous_14)
FN:79,(anonymous_15)
FN:80,(anonymous_16)
FN:94,(anonymous_17)
FN:96,(anonymous_18)
FN:98,(anonymous_19)
FN:124,(anonymous_20)
FN:127,(anonymous_21)
FN:138,(anonymous_22)
FN:140,(anonymous_23)
FN:145,(anonymous_24)
FNF:25
FNH:3
FNDA:4,(anonymous_0)
FNDA:4,(anonymous_1)
FNDA:1,(anonymous_2)
FNDA:0,TimeSelectionComponent
FNDA:0,(anonymous_4)
FNDA:0,(anonymous_5)
FNDA:0,(anonymous_6)
FNDA:0,(anonymous_7)
FNDA:0,(anonymous_8)
FNDA:0,(anonymous_9)
FNDA:0,(anonymous_10)
FNDA:0,(anonymous_11)
FNDA:0,(anonymous_12)
FNDA:0,(anonymous_13)
FNDA:0,(anonymous_14)
FNDA:0,(anonymous_15)
FNDA:0,(anonymous_16)
FNDA:0,(anonymous_17)
FNDA:0,(anonymous_18)
FNDA:0,(anonymous_19)
FNDA:0,(anonymous_20)
FNDA:0,(anonymous_21)
FNDA:0,(anonymous_22)
FNDA:0,(anonymous_23)
FNDA:0,(anonymous_24)
DA:1,1
DA:2,4
DA:3,4
DA:4,8
DA:5,4
DA:7,1
DA:8,4
DA:15,1
DA:17,0
DA:18,0
DA:19,0
DA:20,0
DA:21,0
DA:22,0
DA:23,0
DA:24,0
DA:25,0
DA:26,0
DA:27,0
DA:28,0
DA:30,1
DA:31,0
DA:32,0
DA:33,0
DA:34,0
DA:36,1
DA:37,0
DA:38,0
DA:39,0
DA:41,1
DA:42,0
DA:44,1
DA:45,0
DA:47,1
DA:48,0
DA:50,1
DA:51,0
DA:53,1
DA:54,0
DA:55,0
DA:56,0
DA:58,1
DA:59,0
DA:61,1
DA:62,0
DA:64,1
DA:65,0
DA:66,0
DA:67,0
DA:68,0
DA:70,1
DA:71,0
DA:72,0
DA:80,0
DA:82,0
DA:83,0
DA:86,0
DA:89,0
DA:90,0
DA:94,1
DA:95,0
DA:96,0
DA:97,0
DA:98,0
DA:99,0
DA:100,0
DA:101,0
DA:102,0
DA:103,0
DA:106,0
DA:109,0
DA:110,0
DA:111,0
DA:112,0
DA:113,0
DA:116,0
DA:118,0
DA:119,0
DA:120,0
DA:124,1
DA:125,0
DA:126,0
DA:127,0
DA:128,0
DA:129,0
DA:130,0
DA:131,0
DA:133,0
DA:136,0
DA:138,1
DA:139,0
DA:140,0
DA:141,0
DA:142,0
DA:143,0
DA:146,0
DA:149,1
DA:153,1
DA:157,1
DA:161,1
DA:169,1
LF:101
LH:27
BRDA:1,0,0,1
BRDA:1,0,1,0
BRDA:1,0,2,1
BRDA:2,1,0,1
BRDA:2,1,1,3
BRDA:2,2,0,0
BRDA:2,2,1,3
BRDA:3,3,0,0
BRDA:3,3,1,4
BRDA:3,4,0,4
BRDA:3,4,1,4
BRDA:4,5,0,8
BRDA:4,5,1,0
BRDA:4,6,0,8
BRDA:4,6,1,7
BRDA:4,7,0,2
BRDA:4,7,1,6
BRDA:4,8,0,6
BRDA:4,8,1,0
BRDA:5,9,0,4
BRDA:5,9,1,3
BRDA:5,9,2,0
BRDA:7,10,0,1
BRDA:7,10,1,0
BRDA:7,10,2,1
BRDA:8,11,0,4
BRDA:8,11,1,0
BRDA:8,12,0,4
BRDA:8,12,1,4
BRDA:82,13,0,0
BRDA:82,13,1,0
BRDA:89,14,0,0
BRDA:89,14,1,0
BRDA:102,15,0,0
BRDA:102,15,1,0
BRDA:112,16,0,0
BRDA:112,16,1,0
BRDA:119,17,0,0
BRDA:119,17,1,0
BRDA:128,18,0,0
BRDA:128,18,1,0
BRDA:129,19,0,0
BRDA:129,19,1,0
BRDA:142,20,0,0
BRDA:142,20,1,0
BRF:45
BRH:21
end_of_record
TN:
SF:D:\workspace\MOSIP\Angular\mosip\pre-registration\pre-registration-ui\src\app\shared\booking-request.model.ts
FN:1,(anonymous_0)
FN:2,BookingModelRequest
FNF:2
FNH:1
FNDA:1,(anonymous_0)
FNDA:0,BookingModelRequest
DA:1,1
DA:3,0
DA:4,0
DA:5,0
DA:6,0
DA:8,1
LF:6
LH:2
BRF:0
BRH:0
end_of_record
TN:
SF:D:\workspace\MOSIP\Angular\mosip\pre-registration\pre-registration-ui\src\app\shared\data-storage.service.ts
FN:1,(anonymous_0)
FN:7,(anonymous_1)
FN:12,(anonymous_2)
FN:13,DataStorageService
FN:27,(anonymous_4)
FN:34,(anonymous_5)
FN:41,(anonymous_6)
FN:48,(anonymous_7)
FN:58,(anonymous_8)
FN:62,(anonymous_9)
FN:69,(anonymous_10)
FN:73,(anonymous_11)
FN:84,(anonymous_12)
FN:87,(anonymous_13)
FN:94,(anonymous_14)
FN:115,(anonymous_15)
FN:123,(anonymous_16)
FN:131,(anonymous_17)
FNF:18
FNH:3
FNDA:1,(anonymous_0)
FNDA:1,(anonymous_1)
FNDA:1,(anonymous_2)
FNDA:0,DataStorageService
FNDA:0,(anonymous_4)
FNDA:0,(anonymous_5)
FNDA:0,(anonymous_6)
FNDA:0,(anonymous_7)
FNDA:0,(anonymous_8)
FNDA:0,(anonymous_9)
FNDA:0,(anonymous_10)
FNDA:0,(anonymous_11)
FNDA:0,(anonymous_12)
FNDA:0,(anonymous_13)
FNDA:0,(anonymous_14)
FNDA:0,(anonymous_15)
FNDA:0,(anonymous_16)
FNDA:0,(anonymous_17)
DA:1,1
DA:2,1
DA:3,1
DA:4,2
DA:5,1
DA:7,1
DA:8,1
DA:12,1
DA:14,0
DA:15,0
DA:16,0
DA:17,0
DA:18,0
DA:21,0
DA:22,0
DA:23,0
DA:24,0
DA:25,0
DA:27,1
DA:28,0
DA:34,1
DA:35,0
DA:41,1
DA:42,0
DA:48,1
DA:49,0
DA:55,0
DA:56,0
DA:58,1
DA:59,0
DA:62,1
DA:63,0
DA:69,1
DA:70,0
DA:71,0
DA:73,1
DA:74,0
DA:84,1
DA:85,0
DA:87,1
DA:88,0
DA:94,1
DA:112,0
DA:113,0
DA:115,1
DA:116,0
DA:117,0
DA:123,1
DA:124,0
DA:125,0
DA:131,0
DA:133,1
DA:139,1
LF:53
LH:23
BRDA:1,0,0,1
BRDA:1,0,1,0
BRDA:1,0,2,1
BRDA:2,1,0,1
BRDA:2,1,1,0
BRDA:2,2,0,0
BRDA:2,2,1,0
BRDA:3,3,0,0
BRDA:3,3,1,1
BRDA:3,4,0,1
BRDA:3,4,1,1
BRDA:4,5,0,2
BRDA:4,5,1,0
BRDA:4,6,0,2
BRDA:4,6,1,1
BRDA:4,7,0,2
BRDA:4,7,1,0
BRDA:4,8,0,0
BRDA:4,8,1,0
BRDA:5,9,0,1
BRDA:5,9,1,0
BRDA:5,9,2,0
BRDA:7,10,0,1
BRDA:7,10,1,0
BRDA:7,10,2,1
BRDA:8,11,0,1
BRDA:8,11,1,0
BRDA:8,12,0,1
BRDA:8,12,1,1
BRF:29
BRH:16
end_of_record
TN:
SF:D:\workspace\MOSIP\Angular\mosip\pre-registration\pre-registration-ui\src\app\shared\shared.module.ts
FN:1,(anonymous_0)
FN:14,(anonymous_1)
FN:15,SharedModule
FNF:3
FNH:3
FNDA:1,(anonymous_0)
FNDA:1,(anonymous_1)
FNDA:1,SharedModule
DA:1,1
DA:2,1
DA:3,1
DA:4,1
DA:5,1
DA:14,1
DA:17,1
DA:30,1
LF:8
LH:8
BRDA:1,0,0,1
BRDA:1,0,1,0
BRDA:1,0,2,1
BRDA:2,1,0,1
BRDA:2,1,1,0
BRDA:2,2,0,0
BRDA:2,2,1,0
BRDA:3,3,0,0
BRDA:3,3,1,1
BRDA:3,4,0,1
BRDA:3,4,1,1
BRDA:4,5,0,1
BRDA:4,5,1,0
BRDA:4,6,0,1
BRDA:4,6,1,0
BRDA:4,7,0,1
BRDA:4,7,1,0
BRDA:4,8,0,0
BRDA:4,8,1,0
BRDA:5,9,0,1
BRDA:5,9,1,0
BRDA:5,9,2,0
BRF:22
BRH:10
end_of_record
TN:
SF:D:\workspace\MOSIP\Angular\mosip\pre-registration\pre-registration-ui\src\app\shared\shared.service.ts
FN:1,(anonymous_0)
FN:7,(anonymous_1)
FN:12,(anonymous_2)
FN:13,SharedService
FN:20,(anonymous_4)
FN:23,(anonymous_5)
FN:26,(anonymous_6)
FN:29,(anonymous_7)
FN:32,(anonymous_8)
FN:35,(anonymous_9)
FNF:10
FNH:4
FNDA:1,(anonymous_0)
FNDA:1,(anonymous_1)
FNDA:1,(anonymous_2)
FNDA:2,SharedService
FNDA:0,(anonymous_4)
FNDA:0,(anonymous_5)
FNDA:0,(anonymous_6)
FNDA:0,(anonymous_7)
FNDA:0,(anonymous_8)
FNDA:0,(anonymous_9)
DA:1,1
DA:2,1
DA:3,1
DA:4,2
DA:5,1
DA:7,1
DA:8,1
DA:12,1
DA:14,2
DA:15,2
DA:16,2
DA:17,2
DA:18,2
DA:20,1
DA:21,0
DA:23,1
DA:24,0
DA:26,1
DA:27,0
DA:29,1
DA:30,0
DA:32,1
DA:33,0
DA:35,1
DA:36,0
DA:38,1
DA:44,1
LF:27
LH:21
BRDA:1,0,0,1
BRDA:1,0,1,0
BRDA:1,0,2,1
BRDA:2,1,0,1
BRDA:2,1,1,0
BRDA:2,2,0,0
BRDA:2,2,1,0
BRDA:3,3,0,0
BRDA:3,3,1,1
BRDA:3,4,0,1
BRDA:3,4,1,1
BRDA:4,5,0,2
BRDA:4,5,1,0
BRDA:4,6,0,2
BRDA:4,6,1,1
BRDA:4,7,0,2
BRDA:4,7,1,0
BRDA:4,8,0,0
BRDA:4,8,1,0
BRDA:5,9,0,1
BRDA:5,9,1,0
BRDA:5,9,2,0
BRDA:7,10,0,1
BRDA:7,10,1,0
BRDA:7,10,2,1
BRDA:8,11,0,1
BRDA:8,11,1,0
BRDA:8,12,0,1
BRDA:8,12,1,1
BRF:29
BRH:16
end_of_record
TN:
SF:D:\workspace\MOSIP\Angular\mosip\pre-registration\pre-registration-ui\src\app\shared\dialoug\dialoug.component.ts
FN:1,(anonymous_0)
FN:7,(anonymous_1)
FN:10,(anonymous_2)
FN:11,(anonymous_3)
FN:15,(anonymous_4)
FN:16,DialougComponent
FN:26,(anonymous_6)
FN:29,(anonymous_7)
FN:32,(anonymous_8)
FN:36,(anonymous_9)
FN:44,(anonymous_10)
FN:50,(anonymous_11)
FN:54,(anonymous_12)
FNF:13
FNH:5
FNDA:1,(anonymous_0)
FNDA:1,(anonymous_1)
FNDA:1,(anonymous_2)
FNDA:1,(anonymous_3)
FNDA:1,(anonymous_4)
FNDA:0,DialougComponent
FNDA:0,(anonymous_6)
FNDA:0,(anonymous_7)
FNDA:0,(anonymous_8)
FNDA:0,(anonymous_9)
FNDA:0,(anonymous_10)
FNDA:0,(anonymous_11)
FNDA:0,(anonymous_12)
DA:1,1
DA:2,1
DA:3,1
DA:4,3
DA:5,1
DA:7,1
DA:8,1
DA:10,1
DA:11,1
DA:15,1
DA:17,0
DA:18,0
DA:19,0
DA:20,0
DA:21,0
DA:22,0
DA:23,0
DA:26,1
DA:27,0
DA:29,1
DA:30,0
DA:32,1
DA:33,0
DA:34,0
DA:36,1
DA:37,0
DA:38,0
DA:41,0
DA:44,1
DA:45,0
DA:46,0
DA:47,0
DA:48,0
DA:50,1
DA:51,0
DA:52,0
DA:54,1
DA:55,0
DA:57,1
DA:66,1
LF:40
LH:19
BRDA:1,0,0,1
BRDA:1,0,1,0
BRDA:1,0,2,1
BRDA:2,1,0,1
BRDA:2,1,1,0
BRDA:2,2,0,0
BRDA:2,2,1,0
BRDA:3,3,0,0
BRDA:3,3,1,1
BRDA:3,4,0,1
BRDA:3,4,1,1
BRDA:4,5,0,3
BRDA:4,5,1,0
BRDA:4,6,0,3
BRDA:4,6,1,2
BRDA:4,7,0,3
BRDA:4,7,1,0
BRDA:4,8,0,0
BRDA:4,8,1,0
BRDA:5,9,0,1
BRDA:5,9,1,0
BRDA:5,9,2,0
BRDA:7,10,0,1
BRDA:7,10,1,0
BRDA:7,10,2,1
BRDA:8,11,0,1
BRDA:8,11,1,0
BRDA:8,12,0,1
BRDA:8,12,1,1
BRDA:10,13,0,1
BRDA:10,13,1,0
BRDA:10,13,2,1
BRDA:37,14,0,0
BRDA:37,14,1,0
BRDA:37,15,0,0
BRDA:37,15,1,0
BRF:36
BRH:18
end_of_record
TN:
SF:D:\workspace\MOSIP\Angular\mosip\pre-registration\pre-registration-ui\src\app\shared\map\map.component.ts
FN:1,(anonymous_0)
FN:7,(anonymous_1)
FN:22,(anonymous_2)
FN:23,MapComponent
FN:30,(anonymous_4)
FN:38,(anonymous_5)
FN:41,(anonymous_6)
FN:51,(anonymous_7)
FN:55,(anonymous_8)
FN:98,(anonymous_9)
FNF:10
FNH:8
FNDA:2,(anonymous_0)
FNDA:2,(anonymous_1)
FNDA:1,(anonymous_2)
FNDA:1,MapComponent
FNDA:1,(anonymous_4)
FNDA:1,(anonymous_5)
FNDA:1,(anonymous_6)
FNDA:1,(anonymous_7)
FNDA:0,(anonymous_8)
FNDA:0,(anonymous_9)
DA:1,1
DA:2,2
DA:3,2
DA:4,4
DA:5,2
DA:7,1
DA:8,2
DA:22,1
DA:24,1
DA:25,1
DA:27,1
DA:28,1
DA:30,1
DA:31,1
DA:32,1
DA:33,0
DA:35,1
DA:36,0
DA:38,1
DA:39,1
DA:41,1
DA:42,1
DA:43,1
DA:44,1
DA:47,0
DA:51,1
DA:52,1
DA:53,1
DA:54,1
DA:55,1
DA:56,0
DA:57,0
DA:60,0
DA:63,0
DA:66,0
DA:75,0
DA:80,0
DA:83,0
DA:87,0
DA:91,0
DA:98,1
DA:99,0
DA:100,0
DA:101,0
DA:102,0
DA:104,1
DA:108,1
DA:116,1
LF:48
LH:31
BRDA:1,0,0,1
BRDA:1,0,1,0
BRDA:1,0,2,1
BRDA:2,1,0,1
BRDA:2,1,1,1
BRDA:2,2,0,0
BRDA:2,2,1,1
BRDA:3,3,0,0
BRDA:3,3,1,2
BRDA:3,4,0,2
BRDA:3,4,1,2
BRDA:4,5,0,4
BRDA:4,5,1,0
BRDA:4,6,0,4
BRDA:4,6,1,3
BRDA:4,7,0,2
BRDA:4,7,1,2
BRDA:4,8,0,2
BRDA:4,8,1,0
BRDA:5,9,0,2
BRDA:5,9,1,1
BRDA:5,9,2,0
BRDA:7,10,0,1
BRDA:7,10,1,0
BRDA:7,10,2,1
BRDA:8,11,0,2
BRDA:8,11,1,0
BRDA:8,12,0,2
BRDA:8,12,1,2
BRDA:32,13,0,0
BRDA:32,13,1,1
BRDA:35,14,0,0
BRDA:35,14,1,1
BRDA:43,15,0,1
BRDA:43,15,1,0
BRDA:56,16,0,0
BRDA:56,16,1,0
BRF:37
BRH:24
end_of_record
