<?xml version="1.0" encoding="UTF-8"?>
<!-- Generated by org.testng.reporters.JUnitXMLReporter -->
<testsuite hostname="A2ML30049" ignored="0" name="EmailNotificationServiceTest" tests="1" failures="1" timestamp="03 Jun 2019 12:08:17 GMT" time="42.285" errors="0">
  <testcase name="createPacket" time="18.394" classname="io.mosip.registration.main.PacketCreation">
    <failure type="io.mosip.kernel.idgenerator.rid.exception.NullValueException" message="KER-RIG-001 --&amp;gt; Null value entered">
      <![CDATA[io.mosip.kernel.idgenerator.rid.exception.NullValueException: KER-RIG-001 --> Null value entered
at io.mosip.kernel.idgenerator.rid.impl.RidGeneratorImpl.validateInput(RidGeneratorImpl.java:103)
at io.mosip.kernel.idgenerator.rid.impl.RidGeneratorImpl.generateId(RidGeneratorImpl.java:62)
at io.mosip.kernel.idgenerator.rid.impl.RidGeneratorImpl.generateId(RidGeneratorImpl.java:33)
at io.mosip.registration.util.CommonUtil.createRegistrationDTOObject(CommonUtil.java:507)
at io.mosip.registration.main.PacketCreation.createPacket(PacketCreation.java:111)
at org.springframework.test.context.testng.AbstractTestNGSpringContextTests.run(AbstractTestNGSpringContextTests.java:180)
at io.mosip.registration.main.RegClient.createPacket(RegClient.java:22)
at io.mosip.registration.main.RegClient.main(RegClient.java:28)
... Removed 24 stack frames]]>
    </failure>
  </testcase> <!-- createPacket -->
</testsuite> <!-- EmailNotificationServiceTest -->
